[2016-07-26 18:13:11.400] [INFO] scrapy - http://jandan.net/duan/page-1340 has complete
[2016-07-26 18:13:11.474] [INFO] scrapy - http://jandan.net/duan/page-1339 has complete
[2016-07-26 18:13:11.497] [INFO] scrapy - http://jandan.net/duan/page-1338 has complete
[2016-07-26 18:13:11.497] [INFO] scrapy - text finished
[2016-07-26 18:15:24.892] [INFO] scrapy - http://jandan.net/duan/page-1340 has complete
[2016-07-26 18:15:24.962] [INFO] scrapy - http://jandan.net/duan/page-1338 has complete
[2016-07-26 18:15:25.009] [INFO] scrapy - http://jandan.net/duan/page-1339 has complete
[2016-07-26 18:15:25.010] [INFO] scrapy - text finished
[2016-07-26 18:21:01.707] [INFO] scrapy - http://jandan.net/pic/page-9408 has complete
[2016-07-26 18:21:01.754] [INFO] scrapy - http://jandan.net/pic/page-9407 has complete
[2016-07-26 18:21:01.785] [INFO] scrapy - http://jandan.net/pic/page-9409 has complete
[2016-07-26 18:21:01.785] [INFO] scrapy - text finished
[2016-07-26 18:21:02.222] [INFO] scrapy - http://ww1.sinaimg.cn/thumb180/3e3666efjw1f67d35htf0g20c806r4qr.gif
[2016-07-26 18:21:02.222] [INFO] scrapy - http://ww1.sinaimg.cn/mw600/b8b73ba1jw1f6761vi8g8j20hd0bpq3n.jpg
[2016-07-26 18:21:02.222] [INFO] scrapy - http://ww1.sinaimg.cn/thumb180/7fd54a81jw1f66cj4r1ofg20b408c460.gif
[2016-07-26 18:21:02.222] [INFO] scrapy - http://ww3.sinaimg.cn/thumb180/71021e17gw1f6746l00nlg209w05kqv7.gif
[2016-07-26 18:21:02.222] [INFO] scrapy - http://ww3.sinaimg.cn/thumb180/a83fb020gw1f677fbc7hwg208u0684qu.gif
[2016-07-26 18:21:02.222] [INFO] scrapy - http://ww1.sinaimg.cn/thumb180/6913fc10gw1f676gboezcg207i044x6p.gif
[2016-07-26 18:21:02.222] [INFO] scrapy - http://ww3.sinaimg.cn/mw600/b8b73ba1jw1f6761sobtgj20hd0bkgm0.jpg
[2016-07-26 18:21:02.238] [INFO] scrapy - http://ww1.sinaimg.cn/thumb180/a83fb020gw1f677n11gk7g208w08we86.gif
[2016-07-26 18:21:02.238] [INFO] scrapy - http://ww3.sinaimg.cn/mw600/63ff0c56gw1f66ft337xpj20hs0votbp.jpg
[2016-07-26 18:21:02.238] [INFO] scrapy - http://ww3.sinaimg.cn/thumb180/8e7e7e31jw1f67443mzv4g20a006fhdu.gif
[2016-07-26 18:21:02.238] [INFO] scrapy - http://ww1.sinaimg.cn/mw600/678f1efbgw1f675iuzumzj20zk0k0wfv.jpg
[2016-07-26 18:21:02.238] [INFO] scrapy - http://ww1.sinaimg.cn/thumb180/67307b53jw1ebcddubgozg2078084e81.gif
[2016-07-26 18:21:02.238] [INFO] scrapy - http://ww3.sinaimg.cn/mw600/762b96edjw1f669yuzowlj20xc0iradg.jpg
[2016-07-26 18:21:02.238] [INFO] scrapy - http://ww1.sinaimg.cn/thumb180/678f1efbgw1f675bcw9xtg20fk08rhdu.gif
[2016-07-26 18:21:02.238] [INFO] scrapy - http://ww3.sinaimg.cn/thumb180/bd1cbcaegw1f674cbg7ozg20b405t1ky.gif
[2016-07-26 18:21:02.253] [INFO] scrapy - http://ww2.sinaimg.cn/thumb180/7fd54a81jw1f66cja54u6g20b4069q93.gif
[2016-07-26 18:21:02.253] [INFO] scrapy - http://ww1.sinaimg.cn/thumb180/67307b53jw1eb8wivhyl3g207s05he5x.gif
[2016-07-26 18:21:02.253] [INFO] scrapy - http://ww1.sinaimg.cn/mw600/762b96edjw1f66c7yyxzaj20k00qo75v.jpg
[2016-07-26 18:21:02.253] [INFO] scrapy - http://ww4.sinaimg.cn/mw600/0069ohblgw1f6787p4lm4j307w0b9wev.jpg
[2016-07-26 18:21:02.253] [INFO] scrapy - http://ww1.sinaimg.cn/thumb180/67307b53jw1eb7qwloqb2g20b4069qv5.gif
[2016-07-26 18:21:02.253] [INFO] scrapy - http://ww3.sinaimg.cn/thumb180/67307b53tw1ebch9bkbhjg208m06hqv5.gif
[2016-07-26 18:21:02.253] [INFO] scrapy - http://ww3.sinaimg.cn/thumb180/67307b53jw1ebnqn6q4n8g209e0657wj.gif
[2016-07-26 18:21:02.253] [INFO] scrapy - http://ww3.sinaimg.cn/thumb180/67307b53jw1ebtiqppah3g204v032hdt.gif
[2016-07-26 18:21:02.253] [INFO] scrapy - http://ww3.sinaimg.cn/mw600/6927e7a5jw1f66iox9q7gj20du0963yv.jpg
[2016-07-26 18:21:02.253] [INFO] scrapy - http://ww2.sinaimg.cn/thumb180/7fd54a81jw1f66cj7oj6ng20b407p43a.gif
[2016-07-26 18:21:02.284] [INFO] scrapy - http://ww2.sinaimg.cn/mw600/670f3cafgw1f65dm9arzyj21120ku0wv.jpg
[2016-07-26 18:21:02.284] [INFO] scrapy - http://ww3.sinaimg.cn/mw600/69d909a5gw1f6760hi0fzj20jp09t76l.jpg
[2016-07-26 18:21:02.300] [INFO] scrapy - http://ww1.sinaimg.cn/mw600/678f1efbgw1f675ivtei9j209h05bt9a.jpg
[2016-07-26 18:21:02.300] [INFO] scrapy - http://ww3.sinaimg.cn/mw600/54a5e40dgw1f67bqx0eklj20dw05rwfm.jpg
[2016-07-26 18:21:02.300] [INFO] scrapy - http://ww2.sinaimg.cn/mw600/631e34e1gw1f677ga17k0j20f00k0757.jpg
[2016-07-26 18:21:02.316] [INFO] scrapy - http://ww3.sinaimg.cn/thumb180/67307b53tw1ebch9y1xecg208q06ju0x.gif
[2016-07-26 18:21:02.316] [INFO] scrapy - http://ww3.sinaimg.cn/thumb180/a05eb52agw1f67eg9iadeg208w06ou11.gif
[2016-07-26 18:21:02.316] [INFO] scrapy - http://ww2.sinaimg.cn/thumb180/67307b53jw1ebsd4eb65tg207i065e5j.gif
[2016-07-26 18:21:02.331] [INFO] scrapy - http://ww3.sinaimg.cn/mw600/a801236bjw1f67fanlu53j20gn0b3dgj.jpg
[2016-07-26 18:21:02.331] [INFO] scrapy - http://ww4.sinaimg.cn/thumb180/a801236bjw1f675u68txig205p02fx4p.gif
[2016-07-26 18:21:02.347] [INFO] scrapy - http://ww4.sinaimg.cn/thumb180/67307b53jw1ebehoqd2o2g207103ub2b.gif
[2016-07-26 18:21:02.347] [INFO] scrapy - http://ww4.sinaimg.cn/mw600/b8b73ba1jw1f6761yjjgfj20hd0blmxp.jpg
[2016-07-26 18:21:02.347] [INFO] scrapy - http://ww2.sinaimg.cn/mw600/c4ef9268jw1f67593f5duj20dc07swff.jpg
[2016-07-26 18:21:02.347] [INFO] scrapy - pic finished
[2016-07-26 18:21:02.362] [INFO] scrapy - http://ww4.sinaimg.cn/mw600/b88e83e9gw1f669yr4wl6j20ia0jcq48.jpg
[2016-07-26 18:21:02.362] [INFO] scrapy - http://ww1.sinaimg.cn/mw600/762b96edgw1f66aytog2sj20p00xctcq.jpg
[2016-07-26 18:21:02.362] [INFO] scrapy - http://ww1.sinaimg.cn/mw600/9438e5bdgw1f67efqa9z3j20du0f83zh.jpg
[2016-07-26 18:21:02.378] [INFO] scrapy - http://ww1.sinaimg.cn/mw600/a021f199gw1f678tlr6xqj20f30g5q9i.jpg
[2016-07-26 18:21:02.378] [INFO] scrapy - http://ww1.sinaimg.cn/mw600/e286c2cfgw1f67apmt29cj20c208jwfq.jpg
[2016-07-26 18:21:02.378] [INFO] scrapy - http://ww3.sinaimg.cn/mw600/a801236bjw1f67fanyry6j20go0mb40g.jpg
[2016-07-26 18:21:02.378] [INFO] scrapy - http://ww2.sinaimg.cn/mw600/537d92b0jw1f67aym4hd1j20by0bqq3x.jpg
[2016-07-26 18:21:02.378] [INFO] scrapy - http://ww4.sinaimg.cn/mw600/7391dc2fgw1f67cce5ja6j20dc0dcdh6.jpg
[2016-07-26 18:21:02.394] [INFO] scrapy - http://ww4.sinaimg.cn/mw600/762b96edjw1f66bixm9zhj20k00qodhe.jpg
[2016-07-26 18:21:02.394] [INFO] scrapy - http://ww4.sinaimg.cn/mw600/53ee4aa0gw1f66jkefa9uj20dw0jcjs0.jpg
[2016-07-26 18:21:02.394] [INFO] scrapy - http://ww2.sinaimg.cn/mw600/8600ecebjw1f675ugzrmoj20go0kot97.jpg
[2016-07-26 18:21:02.409] [INFO] scrapy - http://ww3.sinaimg.cn/mw600/e67eaf6dgw1f675u2yjy2j20yz0xa1cq.jpg
[2016-07-26 18:21:02.409] [INFO] scrapy - http://ww3.sinaimg.cn/mw600/67a09ca1jw1f2cu9mq7haj219p0y81ky.jpg
[2016-07-26 18:21:02.409] [INFO] scrapy - http://ww4.sinaimg.cn/thumb180/bd1cbcaegw1f674cic0jbg209g06uhdt.gif
[2016-07-26 18:21:02.409] [INFO] scrapy - http://ww3.sinaimg.cn/mw600/67a09ca1jw1f1w3ygbrj2j24002o0hdv.jpg
[2016-07-26 18:21:02.425] [INFO] scrapy - http://ww4.sinaimg.cn/thumb180/7fd54a81jw1f66cj5xua6g20b4069ng3.gif
[2016-07-26 18:21:02.425] [INFO] scrapy - http://ww2.sinaimg.cn/mw600/ec125621gw1f66cng8p9yj20lg058wk4.jpg
[2016-07-26 18:21:02.440] [INFO] scrapy - http://ww2.sinaimg.cn/mw600/762b96edjw1f66biyerm5j20k00qodhg.jpg
[2016-07-26 18:21:02.456] [INFO] scrapy - http://ww4.sinaimg.cn/mw600/b749fe15gw1f67d5i2k24j20ea0dg755.jpg
[2016-07-26 18:21:02.487] [INFO] scrapy - http://ww4.sinaimg.cn/thumb180/67307b53jw1ebacjrpzg6g207s060kjl.gif
[2016-07-26 18:21:02.503] [INFO] scrapy - http://ww1.sinaimg.cn/mw600/7e5e7585gw1f674zcmhwpj20hs3hm49b.jpg
[2016-07-26 18:21:02.503] [INFO] scrapy - http://ww2.sinaimg.cn/mw600/006qilF6gw1f675nkmjeij30jx0ltjte.jpg
[2016-07-26 18:21:02.550] [INFO] scrapy - http://ww2.sinaimg.cn/mw600/762b96edjw1f66bj6l4r2j20k00qoadp.jpg
[2016-07-26 18:21:02.550] [INFO] scrapy - http://ww2.sinaimg.cn/mw600/670f3cafgw1f65dmia7onj21120kugpt.jpg
[2016-07-26 18:21:02.565] [INFO] scrapy - http://ww4.sinaimg.cn/thumb180/67307b53jw1eb7udhe8deg205w03ckjl.gif
[2016-07-26 18:21:02.565] [INFO] scrapy - http://ww4.sinaimg.cn/mw600/7fd54a81jw1f67a2sgpdsj20goa8jb29.jpg
[2016-07-26 18:21:02.581] [INFO] scrapy - http://ww2.sinaimg.cn/thumb180/67307b53jw1ebez107rp3g207205g1kx.gif
[2016-07-26 18:21:02.581] [INFO] scrapy - http://ww2.sinaimg.cn/thumb180/90dad067gw1f67fdmtyppg208w08wnpg.gif
[2016-07-26 18:21:02.581] [INFO] scrapy - http://ww4.sinaimg.cn/mw600/53ee4aa0gw1f66jkdj5arj20zk0qothy.jpg
[2016-07-26 18:21:02.628] [INFO] scrapy - http://ww4.sinaimg.cn/mw600/6bb08cd9jw1f67ecwwd08j20g50a242w.jpg
[2016-07-26 18:21:02.659] [INFO] scrapy - http://ww4.sinaimg.cn/mw600/7d1c8e96gw1f67821kd6bj20go0p2n4f.jpg
[2016-07-26 18:21:02.659] [INFO] scrapy - http://ww4.sinaimg.cn/thumb180/98fcdaeegw1f6746br745g207z05wx6p.gif
[2016-07-26 18:21:02.690] [INFO] scrapy - http://ww4.sinaimg.cn/thumb180/6a86bcb7jw1f61gbbtzzhg20hs0a0na2.gif
[2016-07-26 18:21:02.752] [INFO] scrapy - http://ww2.sinaimg.cn/thumb180/67307b53jw1eb3zn2yatwg208s06lx6p.gif
[2016-07-26 18:21:02.815] [INFO] scrapy - http://ww2.sinaimg.cn/mw600/6cf57525gw1f61u6ng00qj20ku0dwq7i.jpg
[2016-07-26 18:21:02.862] [INFO] scrapy - http://ww4.sinaimg.cn/thumb180/7fd54a81jw1f66cj6v4yvg20b40691es.gif
[2016-07-26 18:21:02.908] [INFO] scrapy - http://ww4.sinaimg.cn/mw600/670f3cafgw1f65dmrwf93j21120ku0yk.jpg
