[2016-09-10 12:00:21.640] [INFO] scrapy - http://ww4.sinaimg.cn/thumb180/a00dfa2agw1f7lrozlvdgg20b4069e86.gif
[2016-09-10 12:00:21.656] [INFO] scrapy - http://ww2.sinaimg.cn/thumb180/a00dfa2agw1f7lrr7ijtxg20bo06ix6r.gif
[2016-09-10 12:00:21.656] [INFO] scrapy - http://ww2.sinaimg.cn/thumb180/444d7111jw1eiwa6x8jopg205k046x6p.gif
[2016-09-10 12:00:21.703] [INFO] scrapy - http://ww2.sinaimg.cn/thumb180/e8f7fe70gw1eepfpnbrd6g206y0547wj.gif
[2016-09-10 12:00:21.718] [INFO] scrapy - http://ww3.sinaimg.cn/thumb180/818fb8a7gw1eitnswyf7sg20dw07m7wl.gif
[2016-09-10 12:00:21.718] [INFO] scrapy - http://ww3.sinaimg.cn/thumb180/818fb8a7gw1eitow6pw2fg20gn09dnpd.gif
[2016-09-10 12:00:21.718] [INFO] scrapy - http://ww4.sinaimg.cn/thumb180/444d7111jw1f7npizzh8zg207q049x6x.gif
[2016-09-10 12:00:21.765] [INFO] scrapy - http://ww4.sinaimg.cn/thumb180/68f6e545jw1f7nrazckfyg208a08i7wi.gif
[2016-09-10 12:00:21.796] [INFO] scrapy - http://ww2.sinaimg.cn/mw600/6c326847gw1f7nq6ikv17j20ma0dmwg6.jpg
[2016-09-10 12:00:21.874] [INFO] scrapy - http://ww3.sinaimg.cn/mw600/6c326847gw1f7nq6ht241j20m90dl40l.jpg
[2016-09-10 12:00:21.890] [INFO] scrapy - http://ww2.sinaimg.cn/mw600/6c326847gw1f7nq6jjn0hj20ma0dfjtd.jpg
[2016-09-10 12:00:21.905] [INFO] scrapy - http://ww3.sinaimg.cn/mw600/62bbd658jw1f7nkavvhitj21hc0u0agj.jpg
[2016-09-10 12:00:21.921] [INFO] scrapy - http://ww3.sinaimg.cn/mw600/6cca1403jw1f7ngipsq1nj20gn09caak.jpg
[2016-09-10 12:00:21.983] [INFO] scrapy - http://ww3.sinaimg.cn/mw600/444d7111jw1f7npd1kfvmj208w0cgwfe.jpg
[2016-09-10 12:00:22.015] [INFO] scrapy - http://ww1.sinaimg.cn/mw600/6c326847gw1f7nq6iiuooj20m90dd40f.jpg
[2016-09-10 12:00:22.061] [INFO] scrapy - http://ww4.sinaimg.cn/thumb180/a00dfa2agw1f7npylgtvrg20bo06ib2c.gif
[2016-09-10 12:00:22.108] [INFO] scrapy - http://ww3.sinaimg.cn/mw600/68f6e545jw1f7nm58zgufj20go0ci757.jpg
[2016-09-10 12:00:22.139] [INFO] scrapy - http://ww3.sinaimg.cn/mw600/709c1d31gw1eiwc2wyvu7j20c20dw0uv.jpg
[2016-09-10 12:00:22.186] [INFO] scrapy - http://ww3.sinaimg.cn/mw600/6cca1403jw1f7ng07buwfj20gg0hpgmr.jpg
[2016-09-10 12:00:22.249] [INFO] scrapy - http://ww1.sinaimg.cn/mw600/6cca1403jw1f7nf14aj1bj20gh0ho0to.jpg
[2016-09-10 12:00:22.264] [INFO] scrapy - http://ww3.sinaimg.cn/mw600/68f6e545jw1f7nm5839v0j20go0gmq4h.jpg
[2016-09-10 12:00:22.280] [INFO] scrapy - http://ww3.sinaimg.cn/mw600/68f6e545jw1f7nlwbtzh1j20go0gojsp.jpg
[2016-09-10 12:00:22.311] [INFO] scrapy - http://ww2.sinaimg.cn/mw600/68f6e545jw1f7nlwb8fduj20go0b7js3.jpg
[2016-09-10 12:00:22.436] [INFO] scrapy - http://ww3.sinaimg.cn/mw600/68f6e545jw1f7nm56s8zmj20go09d3za.jpg
[2016-09-10 12:00:22.483] [INFO] scrapy - http://ww2.sinaimg.cn/thumb180/53baa713gw1eiunyqd41ug208w060b2b.gif
[2016-09-10 12:00:22.514] [INFO] scrapy - http://ww2.sinaimg.cn/mw600/444d7111jw1f7np3o3pn5j20go0xpn42.jpg
[2016-09-10 12:00:22.514] [INFO] scrapy - http://ww1.sinaimg.cn/thumb180/971c56fdgw1eiw1f1ba0fg20dw07e4qs.gif
[2016-09-10 12:00:22.529] [INFO] scrapy - http://ww2.sinaimg.cn/mw600/ce1efe9ajw1f7nqg93l31j20iw0dygma.jpg
[2016-09-10 12:00:22.545] [INFO] scrapy - http://ww2.sinaimg.cn/mw600/68f6e545jw1f7nlwaw6ohj20go0goabi.jpg
[2016-09-10 12:00:22.561] [INFO] scrapy - http://ww4.sinaimg.cn/mw600/a5c9eeb7jw1f7njad5yd0j20dw0kigow.jpg
[2016-09-10 12:00:22.576] [INFO] scrapy - http://ww4.sinaimg.cn/mw600/68f6e545jw1f7nlwcnvh1j20go0dawfr.jpg
[2016-09-10 12:00:22.592] [INFO] scrapy - http://ww3.sinaimg.cn/mw600/709c1d31gw1eivvga64abj20jw0mxaed.jpg
[2016-09-10 12:00:22.623] [INFO] scrapy - pic finished
[2016-09-10 12:00:22.623] [INFO] scrapy - http://ww4.sinaimg.cn/mw600/7c0f6495jw1f7nqip2mk5j20zk12yh5z.jpg
[2016-09-10 12:00:22.623] [INFO] scrapy - http://ww4.sinaimg.cn/mw600/6913fc10gw1f7njdqi5hpj20cs078dgy.jpg
[2016-09-10 12:00:22.639] [INFO] scrapy - http://ww2.sinaimg.cn/mw600/68f6e545jw1f7nlwakuhsj20go0jydhk.jpg
[2016-09-10 12:00:22.639] [INFO] scrapy - http://ww2.sinaimg.cn/mw600/6cca1403jw1f7nglelj7sj20gm0cfdg7.jpg
[2016-09-10 12:00:22.701] [INFO] scrapy - http://ww4.sinaimg.cn/thumb180/7c0f6495jw1f7nqhffnykg20dc07h1l6.gif
[2016-09-10 12:00:22.717] [INFO] scrapy - http://ww1.sinaimg.cn/mw600/709c1d31gw1eivux6p06mj20jx0xcq9m.jpg
[2016-09-10 12:00:22.748] [INFO] scrapy - http://ww1.sinaimg.cn/thumb180/444d7111jw1eiwvd7era5g209l09eheb.gif
[2016-09-10 12:00:22.763] [INFO] scrapy - http://ww3.sinaimg.cn/mw600/6b38454fgw1f7mibrnoj5j20ku0ruwgc.jpg
[2016-09-10 12:00:22.826] [INFO] scrapy - http://ww2.sinaimg.cn/mw600/6cca1403jw1f7n8mhq305j20k00s8tdw.jpg
[2016-09-10 12:00:22.826] [INFO] scrapy - http://ww1.sinaimg.cn/mw600/68f6e545jw1f7nm575a13j20go0b3gmh.jpg
[2016-09-10 12:00:22.841] [INFO] scrapy - http://ww2.sinaimg.cn/mw600/6a199e59gw1f7nkta5s4pj20z00rb42q.jpg
[2016-09-10 12:00:22.919] [INFO] scrapy - http://ww2.sinaimg.cn/thumb180/444d7111jw1eiv52oing7g20aw05itm9.gif
[2016-09-10 12:00:22.919] [INFO] scrapy - http://ww2.sinaimg.cn/thumb180/68f6e545jw1f7njgtiibgg20b40681lc.gif
[2016-09-10 12:00:22.919] [INFO] scrapy - http://ww2.sinaimg.cn/mw600/6cca1403jw1f7nfns7altj20e30ho75k.jpg
[2016-09-10 12:00:22.976] [INFO] scrapy - http://ww1.sinaimg.cn/mw600/8924c0ffjw1f7n6p024rzj20as0cq755.jpg
[2016-09-10 12:00:23.007] [INFO] scrapy - http://ww1.sinaimg.cn/mw600/6c326847gw1f7nq6h7x4zj20m90dggnl.jpg
[2016-09-10 12:00:23.023] [INFO] scrapy - http://ww2.sinaimg.cn/thumb180/68f6e545jw1f7nkcitkfag206y06ye8c.gif
[2016-09-10 12:00:23.241] [INFO] scrapy - http://ww1.sinaimg.cn/mw600/68f6e545jw1f7nm57m30ij20go0glwfy.jpg
[2016-09-10 12:00:23.241] [INFO] scrapy - http://ww2.sinaimg.cn/mw600/6cca1403jw1f7nf72qwczj20gh0cbt9r.jpg
[2016-09-10 12:00:23.241] [INFO] scrapy - http://ww2.sinaimg.cn/mw600/005yxpy7gw1f7mioby0paj30ec109n13.jpg
[2016-09-10 12:00:23.273] [INFO] scrapy - http://ww1.sinaimg.cn/mw600/ddf0f092gw1eiurlfwt3ej20pt0h70v2.jpg
[2016-09-10 12:00:23.273] [INFO] scrapy - http://ww1.sinaimg.cn/mw600/005yxpy7gw1f7miog5extj30ek21wthf.jpg
[2016-09-10 12:00:23.273] [INFO] scrapy - http://ww2.sinaimg.cn/mw600/6a34bab2tw1ds6ewrdk9oj.jpg
[2016-09-10 12:00:23.553] [INFO] scrapy - http://ww1.sinaimg.cn/mw600/7c0f6495jw1f7nqqq17s7j20te186neo.jpg
[2016-09-10 12:00:23.553] [INFO] scrapy - http://ww1.sinaimg.cn/mw600/63136032gw1f7nh3jkkvlj20jg0f042q.jpg
[2016-09-10 12:00:23.553] [INFO] scrapy - http://ww2.sinaimg.cn/mw600/005yxpy7gw1f7mioih7zgj30gi1natfl.jpg
[2016-09-10 12:00:23.865] [INFO] scrapy - http://ww2.sinaimg.cn/thumb180/ddf0f092gw1eiv8b62nvng20bu08akjq.gif
[2016-09-10 12:00:23.881] [INFO] scrapy - http://ww4.sinaimg.cn/mw600/6cca1403jw1f7ngpd9nugj20ch0hjaak.jpg
[2016-09-10 12:00:23.881] [INFO] scrapy - http://ww3.sinaimg.cn/mw600/6cca1403jw1f7nh33isr8j20gm0cfjs8.jpg
[2016-09-10 12:00:23.881] [INFO] scrapy - http://ww3.sinaimg.cn/mw600/6cca1403jw1f7ngrh8noyj20ev0hkab8.jpg
[2016-09-10 12:00:23.943] [INFO] scrapy - http://ww4.sinaimg.cn/thumb180/00682sTSgw1f7nf810me1g30k00b9qvc.gif
[2016-09-10 12:00:23.959] [INFO] scrapy - http://ww1.sinaimg.cn/thumb180/47481d23jw1f7ndbtskoeg20b40b47wi.gif
[2016-09-10 12:00:23.975] [INFO] scrapy - http://ww2.sinaimg.cn/thumb180/444d7111jw1f7ngyo1nukg20960531lc.gif
[2016-09-10 12:00:23.990] [INFO] scrapy - http://ww3.sinaimg.cn/mw600/6b38454fgw1f7mibrnoj5j20ku0ruwgc.jpg
[2016-09-10 12:00:24.006] [INFO] scrapy - http://ww3.sinaimg.cn/mw600/6cca1403jw1f7nh94dn6tj20bp0hrq3z.jpg
[2016-09-10 12:00:24.162] [INFO] scrapy - http://ww3.sinaimg.cn/mw600/68f6e545jw1f7nelehx21j20ri0jndkb.jpg
[2016-09-10 12:00:24.162] [INFO] scrapy - http://ww3.sinaimg.cn/mw600/68f6e545jw1f7nelb3na5j20hs0qo404.jpg
[2016-09-10 12:00:24.177] [INFO] scrapy - http://ww3.sinaimg.cn/mw600/006aGfL5gw1f7nevhh5vpj30dw085jri.jpg
[2016-09-10 12:00:24.257] [INFO] scrapy - http://ww4.sinaimg.cn/thumb180/444d7111jw1f7nfbxcr0dg20eg0eg1l8.gif
[2016-09-10 12:00:24.273] [INFO] scrapy - http://ww3.sinaimg.cn/mw600/68f6e545jw1f7nelh5dnhj20ri0jnjuy.jpg
[2016-09-10 12:00:24.289] [INFO] scrapy - http://ww3.sinaimg.cn/mw600/68f6e545jw1f7nelkw6xfj20qo0zkn0z.jpg
[2016-09-10 12:00:24.335] [INFO] scrapy - http://ww3.sinaimg.cn/mw600/707e96d5gw1f7ncsgao3pj20ci07adgn.jpg
[2016-09-10 12:00:24.351] [INFO] scrapy - http://ww3.sinaimg.cn/mw600/6a75558fjw1f1ws3g7i7sj215o1jkwrr.jpg
[2016-09-10 12:00:24.445] [INFO] scrapy - http://ww4.sinaimg.cn/mw600/9472e2a9jw1f7necalyhtj20dg07m0wj.jpg
[2016-09-10 12:00:24.445] [INFO] scrapy - http://ww2.sinaimg.cn/mw600/6e1fdf79gw1f7nc0w6sxaj209s0m8ab4.jpg
[2016-09-10 12:00:24.569] [INFO] scrapy - http://ww4.sinaimg.cn/mw600/6aa09e8fjw1f7nbai9xtyj20qo0uawih.jpg
[2016-09-10 12:00:24.616] [INFO] scrapy - http://ww3.sinaimg.cn/mw600/bfc243a3gw1f7n7gmplagj20hs0dcac2.jpg
[2016-09-10 12:00:24.679] [INFO] scrapy - http://ww1.sinaimg.cn/thumb180/47481d23jw1f7ndbz0skrg20b40b4u0y.gif
[2016-09-10 12:00:24.694] [INFO] scrapy - http://ww4.sinaimg.cn/thumb180/47481d23jw1f7ndbpl6b6g20b40b4u0z.gif
[2016-09-10 12:00:24.710] [INFO] scrapy - http://ww2.sinaimg.cn/mw600/47481d23jw1f7ndbim9wdj20go0b4q55.jpg
[2016-09-10 12:00:24.741] [INFO] scrapy - http://ww4.sinaimg.cn/mw600/68f6e545jw1f7nelbz6j3j20ri0jnwiw.jpg
[2016-09-10 12:00:24.835] [INFO] scrapy - http://ww2.sinaimg.cn/mw600/444d7111jw1f7nf4wn8bpj20hs0pe0ud.jpg
[2016-09-10 12:00:24.866] [INFO] scrapy - http://ww4.sinaimg.cn/mw600/62f87eb4gw1f7n727bmqkj20b40et3zl.jpg
[2016-09-10 12:00:24.913] [INFO] scrapy - http://ww4.sinaimg.cn/mw600/707e96d5gw1f7ncsebl0hj20ci0agab8.jpg
[2016-09-10 12:00:24.913] [INFO] scrapy - http://ww4.sinaimg.cn/mw600/707e96d5gw1f7ncsd2as2j20ci0ak75g.jpg
[2016-09-10 12:00:25.006] [INFO] scrapy - http://ww1.sinaimg.cn/mw600/97f224aagw1f7n16g1xuyj20og0fjmzi.jpg
[2016-09-10 12:00:25.037] [INFO] scrapy - http://ww4.sinaimg.cn/mw600/6cca1403jw1f7ni6o2m9qj20gk0gg0u0.jpg
[2016-09-10 12:00:25.053] [INFO] scrapy - http://ww4.sinaimg.cn/mw600/5d92c9f1gw1f7n36c9cuyj21kw12a1kx.jpg
[2016-09-10 12:00:25.069] [INFO] scrapy - http://ww4.sinaimg.cn/mw600/bfc243a3gw1f7n7gm8mpoj20go0cigmc.jpg
[2016-09-10 12:00:25.147] [INFO] scrapy - http://ww1.sinaimg.cn/mw600/006aGfL5gw1f7nevhl3zaj30ee08dglm.jpg
[2016-09-10 12:00:25.147] [INFO] scrapy - http://ww2.sinaimg.cn/mw600/68f6e545jw1f7nelhrvvnj20ri0jnq70.jpg
[2016-09-10 12:00:25.225] [INFO] scrapy - http://ww4.sinaimg.cn/mw600/6cca1403jw1f7nglvn9icj20gn0dijrq.jpg
[2016-09-10 12:00:25.256] [INFO] scrapy - http://ww2.sinaimg.cn/mw600/59b4a6d3gw1f7nc5gl15rj218g0eok1o.jpg
[2016-09-10 12:00:25.271] [INFO] scrapy - http://ww2.sinaimg.cn/mw600/bfc243a3gw1f7n7gn6f0zj20dc0a0aap.jpg
[2016-09-10 12:00:25.287] [INFO] scrapy - http://ww4.sinaimg.cn/mw600/722e6d9cgw1f7nc9cvrmaj20c80cgwf9.jpg
[2016-09-10 12:00:25.334] [INFO] scrapy - http://ww3.sinaimg.cn/mw600/006aGfL5gw1f7nevh1pu7j30g40jk76e.jpg
[2016-09-10 12:00:25.349] [INFO] scrapy - http://ww3.sinaimg.cn/thumb180/68f6e545jw1f7nhwi8382g20k00b8x6t.gif
[2016-09-10 12:00:25.396] [INFO] scrapy - http://ww3.sinaimg.cn/mw600/bfc243a3gw1f7n7gj5q1kj20qo0qo3zz.jpg
[2016-09-10 12:00:25.459] [INFO] scrapy - http://ww1.sinaimg.cn/mw600/62f87eb4gw1f7n7529424j20ck06ft9b.jpg
[2016-09-10 12:00:25.474] [INFO] scrapy - http://ww3.sinaimg.cn/mw600/5329f865jw1f7mjt7kqg5j20v915kdo5.jpg
[2016-09-10 12:00:25.505] [INFO] scrapy - pic finished
[2016-09-10 12:00:25.505] [INFO] scrapy - http://ww1.sinaimg.cn/mw600/0061czRTgw1evin80vo9nj30h80ceq4h.jpg
[2016-09-10 12:00:25.537] [INFO] scrapy - http://ww1.sinaimg.cn/mw600/68f6e545jw1f7nelihj2gj20ri0jnn1e.jpg
[2016-09-10 12:00:25.552] [INFO] scrapy - http://ww3.sinaimg.cn/mw600/707e96d5gw1f7ncsdpy2aj20ci0apmy5.jpg
[2016-09-10 12:00:25.599] [INFO] scrapy - http://ww4.sinaimg.cn/mw600/97f224aagw1f7n16dzhjzj20og0gy767.jpg
[2016-09-10 12:00:25.646] [INFO] scrapy - http://ww3.sinaimg.cn/mw600/707e96d5gw1f7ncsf07u7j20ci09qt98.jpg
[2016-09-10 12:00:25.661] [INFO] scrapy - http://ww4.sinaimg.cn/mw600/64a00586gw1f7naauzhsxj20zk0k0dhw.jpg
[2016-09-10 12:00:25.661] [INFO] scrapy - http://ww2.sinaimg.cn/mw600/767e4963jw1f7mim277xuj21kw26dqaa.jpg
[2016-09-10 12:00:25.739] [INFO] scrapy - http://ww2.sinaimg.cn/thumb180/006yC9r4gw1f7n6xk2tp8g308c04pe85.gif
[2016-09-10 12:00:25.771] [INFO] scrapy - http://ww4.sinaimg.cn/mw600/a801236bjw1f7ncpdvn6pj20fk0boabi.jpg
[2016-09-10 12:00:25.771] [INFO] scrapy - http://ww4.sinaimg.cn/mw600/82369d2cgw1f7naf6pp5oj20no0i2770.jpg
[2016-09-10 12:00:25.849] [INFO] scrapy - http://ww1.sinaimg.cn/mw600/6e916bdegw1f7m9dskegej20ck09fq3h.jpg
[2016-09-10 12:00:25.864] [INFO] scrapy - http://ww2.sinaimg.cn/mw600/006rsKljgw1f358mzqsycj30qo13x7dm.jpg
[2016-09-10 12:00:25.895] [INFO] scrapy - http://ww2.sinaimg.cn/mw600/7327509fgw1f7mgafksuij20u011s44a.jpg
[2016-09-10 12:00:25.895] [INFO] scrapy - http://ww2.sinaimg.cn/thumb180/d54a1fa7jw1f7ngwklopug20ak06w1kl.gif
[2016-09-10 12:00:25.911] [INFO] scrapy - http://ww2.sinaimg.cn/mw600/97f224aagw1f7n16ex55fj20og0ggwgu.jpg
[2016-09-10 12:00:25.927] [INFO] scrapy - http://ww4.sinaimg.cn/mw600/47481d23jw1f7ndbhdbqtj20go0b440b.jpg
[2016-09-10 12:00:25.958] [INFO] scrapy - http://ww1.sinaimg.cn/mw600/62f87eb4gw1f7n752aaqjj20c50fpwh0.jpg
[2016-09-10 12:00:25.958] [INFO] scrapy - http://ww4.sinaimg.cn/mw600/97f224aagw1f7n16d5515j20og0inmzz.jpg
[2016-09-10 12:00:25.989] [INFO] scrapy - http://ww2.sinaimg.cn/thumb180/9bd522c1gw1f7nbub2ix8g2050050qve.gif
[2016-09-10 12:00:26.020] [INFO] scrapy - http://ww1.sinaimg.cn/mw600/68f6e545jw1f7nelj8c0fj20ri0jn0wa.jpg
[2016-09-10 12:00:26.036] [INFO] scrapy - http://ww1.sinaimg.cn/mw600/68f6e545jw1f7neljy5tzj20ri0jndjp.jpg
[2016-09-10 12:00:26.036] [INFO] scrapy - http://ww1.sinaimg.cn/mw600/0061czRTgw1evin3c9x4pj30w00r8jw9.jpg
[2016-09-10 12:00:26.051] [INFO] scrapy - http://ww2.sinaimg.cn/mw600/bfc243a3gw1f7n7gkhxhhj20jp0d7grh.jpg
[2016-09-10 12:00:26.098] [INFO] scrapy - http://ww1.sinaimg.cn/mw600/4ee57ad9gw1f7l0ivyy0cj208q0hq76b.jpg
[2016-09-10 12:00:26.145] [INFO] scrapy - http://ww4.sinaimg.cn/mw600/707e96d5gw1f7ncsi4wqmj20ci0d9q4x.jpg
[2016-09-10 12:00:26.161] [INFO] scrapy - http://ww1.sinaimg.cn/mw600/62f87eb4gw1f7n726jo4jj20b4082q3m.jpg
[2016-09-10 12:00:26.272] [INFO] scrapy - http://ww2.sinaimg.cn/mw600/82369d2cgw1f7naf70eamj20jo0f076c.jpg
[2016-09-10 12:00:26.381] [INFO] scrapy - http://ww1.sinaimg.cn/mw600/6dae210fgw1f7nhy0wgovj208e0q00x6.jpg
[2016-09-10 12:00:26.381] [INFO] scrapy - http://ww1.sinaimg.cn/mw600/933aae1agw1f7n6nm9fxmj20go0m8taj.jpg
[2016-09-10 12:00:26.397] [INFO] scrapy - http://ww4.sinaimg.cn/mw600/53ae0b70jw1f7ko8yu5fej20dp1zxn7j.jpg
[2016-09-10 12:00:26.443] [INFO] scrapy - http://ww2.sinaimg.cn/mw600/c0184b30jw1f7nbcmacrzj20dv0kujvr.jpg
[2016-09-10 12:00:26.443] [INFO] scrapy - http://ww3.sinaimg.cn/mw600/7d1c8e96gw1f7nawovwm4j20ia0mt7dn.jpg
[2016-09-10 12:00:26.475] [INFO] scrapy - http://ww1.sinaimg.cn/mw600/56682a80gw1f7nenb6rj5j20cs0tx41q.jpg
[2016-09-10 12:00:26.506] [INFO] scrapy - http://ww2.sinaimg.cn/mw600/0068yi4rgw1f7m9zjzqymj30go0l7jv1.jpg
[2016-09-10 12:00:26.521] [INFO] scrapy - http://ww2.sinaimg.cn/mw600/6bbf8d3cgw1f7mbf0p3j9j21be0qoq9u.jpg
[2016-09-10 12:00:26.740] [INFO] scrapy - http://ww2.sinaimg.cn/mw600/69d909a5gw1f7nb4n78goj20j021ih17.jpg
[2016-09-10 12:00:26.771] [INFO] scrapy - http://ww3.sinaimg.cn/mw600/0068yi4rgw1f7m0dc5rtsj30fy0p07el.jpg
[2016-09-10 12:00:27.145] [INFO] scrapy - http://ww3.sinaimg.cn/thumb180/53ae0b70jw1f4uvg0fksdg208c08xnbm.gif
[2016-09-10 12:00:27.145] [INFO] scrapy - http://ww4.sinaimg.cn/thumb180/42b97fafgw1f7n44o2y88g20cs04ye84.gif
[2016-09-10 12:00:27.145] [INFO] scrapy - http://ww3.sinaimg.cn/thumb180/a111d766jw1f7n3azo32og208n06j7wj.gif
[2016-09-10 12:00:27.145] [INFO] scrapy - http://ww2.sinaimg.cn/thumb180/bcc93f49gw1f7n4rljr8eg206y06xx6p.gif
[2016-09-10 12:00:27.145] [INFO] scrapy - http://ww1.sinaimg.cn/thumb180/3e3666efjw1f7n3xyppw8g207r07s4qv.gif
[2016-09-10 12:00:27.145] [INFO] scrapy - http://ww3.sinaimg.cn/thumb180/3e3666efjw1f7mclsq9f9g20dw07tu12.gif
[2016-09-10 12:00:27.161] [INFO] scrapy - http://ww3.sinaimg.cn/mw600/762b96edjw1f7iphete41j20go0m8wfx.jpg
[2016-09-10 12:00:27.161] [INFO] scrapy - http://ww3.sinaimg.cn/mw600/9b984c63gw1f7k8gxh8soj20cg0hsab0.jpg
[2016-09-10 12:00:27.192] [INFO] scrapy - http://ww2.sinaimg.cn/mw600/9b984c63gw1f7k8gv79ddj20fo0c4my6.jpg
[2016-09-10 12:00:27.208] [INFO] scrapy - http://ww2.sinaimg.cn/mw600/9b984c63gw1f7k8gyn4qlj20fo0lhwfd.jpg
[2016-09-10 12:00:27.239] [INFO] scrapy - http://ww4.sinaimg.cn/mw600/a82b014bjw1f7n8mucqloj20dp0ckdh0.jpg
[2016-09-10 12:00:27.255] [INFO] scrapy - http://ww2.sinaimg.cn/mw600/9b984c63gw1f7k8gwhzsrj20fo0vzwfg.jpg
[2016-09-10 12:00:27.333] [INFO] scrapy - http://ww4.sinaimg.cn/thumb180/7096f263gw1f7n2kolv5qg207n05kkjl.gif
[2016-09-10 12:00:27.411] [INFO] scrapy - http://ww3.sinaimg.cn/mw600/7e4b9791jw1f7mwd6kpx6j20ff0ekq4d.jpg
[2016-09-10 12:00:27.426] [INFO] scrapy - http://ww4.sinaimg.cn/mw600/c0788b86jw1f7n8ao81iqj20zk0qodmc.jpg
[2016-09-10 12:00:27.442] [INFO] scrapy - http://ww4.sinaimg.cn/mw600/762b96edjw1f7ipmf7wlkj20go0cimxt.jpg
[2016-09-10 12:00:27.551] [INFO] scrapy - http://ww3.sinaimg.cn/mw600/a6f837bcgw1f7n3j2byn3j20hs0dcgns.jpg
[2016-09-10 12:00:27.582] [INFO] scrapy - http://ww4.sinaimg.cn/mw600/6106a4f0gw1f7n4x7eawjj20960gota2.jpg
[2016-09-10 12:00:27.754] [INFO] scrapy - http://ww4.sinaimg.cn/thumb180/7140f715gw1f7n6514wmag20dc0a0he0.gif
[2016-09-10 12:00:27.754] [INFO] scrapy - http://ww1.sinaimg.cn/thumb180/3e3666efjw1f7n7t8x36xg20ci071e85.gif
[2016-09-10 12:00:27.910] [INFO] scrapy - http://ww3.sinaimg.cn/mw600/70c0c0cejw1f7n5zjnq8bj21kw0w0ape.jpg
[2016-09-10 12:00:28.175] [INFO] scrapy - http://ww3.sinaimg.cn/mw600/005Bd8p4gw1f7n4q58rfaj30hs0hs75c.jpg
[2016-09-10 12:00:28.175] [INFO] scrapy - http://ww3.sinaimg.cn/thumb180/444d7111jw1f7n3yiw1hzg20eg0844qv.gif
[2016-09-10 12:00:28.175] [INFO] scrapy - http://ww2.sinaimg.cn/mw600/68f6e545jw1f7n20grah0j20gt0cv74w.jpg
[2016-09-10 12:00:28.191] [INFO] scrapy - http://ww3.sinaimg.cn/mw600/cfce7b59jw1f7n6nn3y2sj20np0hx7a0.jpg
[2016-09-10 12:00:28.237] [INFO] scrapy - http://ww1.sinaimg.cn/thumb180/444d7111jw1f7n3r16x2ig20cs076kjs.gif
[2016-09-10 12:00:28.347] [INFO] scrapy - http://ww2.sinaimg.cn/thumb180/a82b014bjw1f7mmekjy09g20f008au15.gif
[2016-09-10 12:00:28.362] [INFO] scrapy - http://ww4.sinaimg.cn/thumb180/b5d50682jw1f7n3ylkw0zg207u07gqvb.gif
[2016-09-10 12:00:28.362] [INFO] scrapy - http://ww4.sinaimg.cn/mw600/762b96edjw1f7iphggx6oj20go0m8dhn.jpg
[2016-09-10 12:00:28.409] [INFO] scrapy - http://ww4.sinaimg.cn/mw600/a82b014bjw1f7n8mxkp8wj20fz0c941s.jpg
[2016-09-10 12:00:28.596] [INFO] scrapy - http://ww3.sinaimg.cn/mw600/67c6cf9dgw1f7l92pahvwj211y0lcjxk.jpg
[2016-09-10 12:00:28.627] [INFO] scrapy - http://ww2.sinaimg.cn/mw600/56682a80gw1f7mzxg675bj20f00a0abx.jpg
[2016-09-10 12:00:28.659] [INFO] scrapy - http://ww3.sinaimg.cn/mw600/6200e46agw1f7n5mikqohj20ri0icgtz.jpg
[2016-09-10 12:00:28.674] [INFO] scrapy - http://ww4.sinaimg.cn/mw600/444d7111gw1f7nvrr4st7j20dc6mcb29.jpg
[2016-09-10 12:00:28.690] [INFO] scrapy - http://ww4.sinaimg.cn/mw600/a3dfe957jw1f7n253nwktj20hs0dc0ub.jpg
[2016-09-10 12:00:28.705] [INFO] scrapy - http://ww4.sinaimg.cn/thumb180/66b3de17gw1f7mmulhibxg208c0851l0.gif
[2016-09-10 12:00:28.737] [INFO] scrapy - http://ww3.sinaimg.cn/mw600/a6f837bcgw1f7n3j0o5h6j20qo0zkn3p.jpg
[2016-09-10 12:00:28.752] [INFO] scrapy - http://ww1.sinaimg.cn/mw600/a3dfe957jw1f7n253pkejj20m80got9p.jpg
[2016-09-10 12:00:28.815] [INFO] scrapy - http://ww1.sinaimg.cn/thumb180/56682a80gw1f7mzxfxdtgg207i04ewzd.gif
[2016-09-10 12:00:29.002] [INFO] scrapy - pic finished
[2016-09-10 12:00:29.002] [INFO] scrapy - http://ww1.sinaimg.cn/mw600/444d7111jw1f7n2uco3xxj20go0m843a.jpg
[2016-09-10 12:00:29.017] [INFO] scrapy - http://ww3.sinaimg.cn/mw600/a7cb85c1jw1f7m9tf6i4gj20go0frt9r.jpg
[2016-09-10 12:00:29.033] [INFO] scrapy - http://ww4.sinaimg.cn/mw600/a00dfa2agw1f7mwuatipgj20ci0goglx.jpg
[2016-09-10 12:00:29.049] [INFO] scrapy - http://ww1.sinaimg.cn/mw600/a3dfe957jw1f7n2539xj3j20m80gowgz.jpg
[2016-09-10 12:00:29.064] [INFO] scrapy - http://ww1.sinaimg.cn/mw600/9b984c63gw1f7k8gu7fu7j20fo0ljq41.jpg
[2016-09-10 12:00:29.064] [INFO] scrapy - http://ww2.sinaimg.cn/thumb180/7c0f6495jw1f7mkx543iyg208r0auwg1.gif
[2016-09-10 12:00:29.111] [INFO] scrapy - http://ww2.sinaimg.cn/thumb180/444d7111jw1f7n32qyvtug20dw09uh67.gif
[2016-09-10 12:00:29.127] [INFO] scrapy - http://ww4.sinaimg.cn/mw600/5ca04f68jw1f7ly90y8m4j204606s3yo.jpg
[2016-09-10 12:00:29.189] [INFO] scrapy - http://ww1.sinaimg.cn/mw600/83f596c9gw1f7n2my3v48j20fu0bwq40.jpg
[2016-09-10 12:00:29.236] [INFO] scrapy - http://ww1.sinaimg.cn/mw600/68f6e545jw1f7n1otqyswj20cs08lwf8.jpg
[2016-09-10 12:00:29.251] [INFO] scrapy - http://ww3.sinaimg.cn/thumb180/a5dd72d5gw1f6z9se7bljg208c065qv5.gif
[2016-09-10 12:00:29.267] [INFO] scrapy - http://ww1.sinaimg.cn/mw600/762b96edjw1f7ipdz764sj20go0m8dgw.jpg
[2016-09-10 12:00:29.283] [INFO] scrapy - http://ww4.sinaimg.cn/mw600/a6f837bcgw1f7n3iyxpryj20qo0zkgrx.jpg
[2016-09-10 12:00:29.283] [INFO] scrapy - http://ww2.sinaimg.cn/thumb180/4ee36f05gw1f7m8enlg6og208m03k7mf.gif
[2016-09-10 12:00:29.392] [INFO] scrapy - http://ww2.sinaimg.cn/mw600/72f6dc03gw1f7n1e4avlnj20x70utqbh.jpg
[2016-09-10 12:00:29.407] [INFO] scrapy - http://ww2.sinaimg.cn/mw600/005IJY64jw1f7mnrk5ub3j30qo0u4q7c.jpg
[2016-09-10 12:00:29.485] [INFO] scrapy - http://ww2.sinaimg.cn/mw600/67c6cf9dgw1f7l92qj23aj211y0lcjy5.jpg
[2016-09-10 12:00:29.548] [INFO] scrapy - http://ww2.sinaimg.cn/mw600/83f596c9gw1f7n2mwv9jjj20ia0nqacx.jpg
[2016-09-10 12:00:29.673] [INFO] scrapy - http://ww1.sinaimg.cn/mw600/9b984c63gw1f7k8gtv9n4j20fo0nwjso.jpg
[2016-09-10 12:00:29.688] [INFO] scrapy - http://ww4.sinaimg.cn/thumb180/3e3666efjw1f7m8w0ic9yg208c0a2u12.gif
[2016-09-10 12:00:29.751] [INFO] scrapy - http://ww2.sinaimg.cn/mw600/6a199e59jw1f7mbgb4yqjj211y0jowfi.jpg
[2016-09-10 12:00:29.766] [INFO] scrapy - http://ww4.sinaimg.cn/mw600/9dcdcb65gw1f7ixfqkrtbj20go0ci757.jpg
[2016-09-10 12:00:29.844] [INFO] scrapy - http://ww2.sinaimg.cn/mw600/9dcdcb65gw1f7ixfsignbj20c80gymy4.jpg
[2016-09-10 12:00:29.875] [INFO] scrapy - http://ww1.sinaimg.cn/mw600/67c6cf9dgw1f7l92t4yu9j211y0lcjy5.jpg
[2016-09-10 12:00:29.953] [INFO] scrapy - http://ww4.sinaimg.cn/mw600/72f96cbagw1f7m7flgwjlj20jg0eldgh.jpg
[2016-09-10 12:00:30.000] [INFO] scrapy - http://ww2.sinaimg.cn/mw600/9dcdcb65gw1f7ixftvq1cj20c80gfwfa.jpg
[2016-09-10 12:00:30.078] [INFO] scrapy - http://ww1.sinaimg.cn/mw600/6cca1403jw1f7ma09w5mqj20gi0c8ab9.jpg
[2016-09-10 12:00:30.156] [INFO] scrapy - http://ww1.sinaimg.cn/mw600/665936begw1f7mje47y9yj21210ze76c.jpg
[2016-09-10 12:00:30.234] [INFO] scrapy - http://ww2.sinaimg.cn/thumb180/0067NbT0jw1f7lf64aj3yg30b4069u0x.gif
[2016-09-10 12:00:30.312] [INFO] scrapy - http://ww1.sinaimg.cn/thumb180/005HSjJbgw1f7m81sbsc9g30b4069e81.gif
[2016-09-10 12:00:30.343] [INFO] scrapy - http://ww2.sinaimg.cn/mw600/006xvkvkgw1f7mnwij92yj30e70f40ts.jpg
[2016-09-10 12:00:30.359] [INFO] scrapy - http://ww4.sinaimg.cn/mw600/6cca1403jw1f7ma8exmgsj20gg0cfjrq.jpg
[2016-09-10 12:00:30.390] [INFO] scrapy - http://ww1.sinaimg.cn/mw600/57420c35gw1f7mkwvxxvnj20go0cidgw.jpg
[2016-09-10 12:00:30.406] [INFO] scrapy - http://ww3.sinaimg.cn/mw600/88c184bcgw1f7mkmtf141j20f00qo40x.jpg
[2016-09-10 12:00:30.421] [INFO] scrapy - http://ww1.sinaimg.cn/mw600/6dc834d9gw1f7maz7wssij21be0qon3n.jpg
[2016-09-10 12:00:30.437] [INFO] scrapy - http://ww4.sinaimg.cn/mw600/6dc834d9gw1f7maz93oadj21be0qo45l.jpg
[2016-09-10 12:00:30.468] [INFO] scrapy - http://ww1.sinaimg.cn/mw600/6cca1403jw1f7m9tjr14sj20gf0hhmy5.jpg
[2016-09-10 12:00:30.531] [INFO] scrapy - http://ww1.sinaimg.cn/mw600/89fe1ba9jw1f7mdfvclhfj20fa0dw3zj.jpg
[2016-09-10 12:00:30.546] [INFO] scrapy - http://ww4.sinaimg.cn/thumb180/3e3666efjw1f7l5l0d2qtg208c07vu11.gif
[2016-09-10 12:00:30.577] [INFO] scrapy - http://ww4.sinaimg.cn/thumb180/3e3666efjw1f7l5ietkc7g208c074x6v.gif
[2016-09-10 12:00:30.609] [INFO] scrapy - http://ww4.sinaimg.cn/thumb180/bcc93f49jw1f7lcle58vjg207t07wu0x.gif
[2016-09-10 12:00:30.624] [INFO] scrapy - http://ww4.sinaimg.cn/mw600/a00dfa2agw1f7mfnl7yymj20jg0b9jt8.jpg
[2016-09-10 12:00:30.640] [INFO] scrapy - http://ww4.sinaimg.cn/thumb180/005Jz1hHjw1f7mffqkxgag308c07s4qr.gif
[2016-09-10 12:00:30.702] [INFO] scrapy - http://ww1.sinaimg.cn/mw600/6dc834d9gw1f7maz6vpmfj21be0qoteq.jpg
[2016-09-10 12:00:30.718] [INFO] scrapy - http://ww2.sinaimg.cn/thumb180/3e3666efjw1f7m9srglcag20b4069npg.gif
[2016-09-10 12:00:30.749] [INFO] scrapy - http://ww2.sinaimg.cn/mw600/a6f837bcgw1f7n3ivwv1tj20qo0zkgrx.jpg
[2016-09-10 12:00:30.780] [INFO] scrapy - http://ww4.sinaimg.cn/thumb180/6f53a5aagw1ds4y5tmyohg.gif
[2016-09-10 12:00:30.780] [INFO] scrapy - http://ww2.sinaimg.cn/mw600/89fe1ba9jw1f7mdfw3q42j20dw0f8q3n.jpg
[2016-09-10 12:00:30.796] [INFO] scrapy - http://ww4.sinaimg.cn/mw600/6cca1403jw1f7mbzlqz2ej20gl0g475c.jpg
[2016-09-10 12:00:30.796] [INFO] scrapy - http://ww4.sinaimg.cn/mw600/875c0777gw1f7kz518oeoj20um0pdwkd.jpg
[2016-09-10 12:00:30.811] [INFO] scrapy - http://ww3.sinaimg.cn/mw600/47481d23gw1f7kwwykwqdj20hs0qoq4f.jpg
[2016-09-10 12:00:30.811] [INFO] scrapy - http://ww2.sinaimg.cn/mw600/9e46ef51gw1f7m5k18xx9j211y16t7br.jpg
[2016-09-10 12:00:30.843] [INFO] scrapy - http://ww3.sinaimg.cn/thumb180/69d909a5gw1f7m986io32g20a305ob29.gif
[2016-09-10 12:00:30.843] [INFO] scrapy - http://ww2.sinaimg.cn/thumb180/9412b901gw1f7mavvft0ig20dc0dche8.gif
[2016-09-10 12:00:30.874] [INFO] scrapy - http://ww4.sinaimg.cn/mw600/67c6cf9dgw1f7l92vrovvj211y0lcdms.jpg
[2016-09-10 12:00:30.889] [INFO] scrapy - http://ww1.sinaimg.cn/mw600/62b3b7d5jw1f1omadurunj20qo0zkalc.jpg
[2016-09-10 12:00:30.889] [INFO] scrapy - http://ww4.sinaimg.cn/mw600/c0788b86jw1f7n8anpj7hj20p00xcwks.jpg
[2016-09-10 12:00:30.905] [INFO] scrapy - http://ww2.sinaimg.cn/thumb180/3e3666efjw1f7l5lrwt3og20d00a0kjq.gif
[2016-09-10 12:00:30.952] [INFO] scrapy - http://ww4.sinaimg.cn/mw600/67c6cf9dgw1f7l92uciglj211y0lcn49.jpg
[2016-09-10 12:00:30.952] [INFO] scrapy - http://ww1.sinaimg.cn/mw600/6936d502gw1exdi5cjy6bj20dc0hswgu.jpg
[2016-09-10 12:00:30.999] [INFO] scrapy - http://ww4.sinaimg.cn/thumb180/3e3666efjw1f7m6v9n3nog206g0bmkjq.gif
[2016-09-10 12:00:30.999] [INFO] scrapy - http://ww4.sinaimg.cn/mw600/70b1bbe5jw1f7mait185qj20k00qot9w.jpg
[2016-09-10 12:00:31.092] [INFO] scrapy - http://ww1.sinaimg.cn/mw600/6b4e4ce7jw1f7n4tmnqthj20ks0d2tbh.jpg
[2016-09-10 12:00:31.139] [INFO] scrapy - http://ww1.sinaimg.cn/mw600/a00dfa2agw1f7mfnkdhaij20mj0cojth.jpg
[2016-09-10 12:00:31.186] [INFO] scrapy - http://ww1.sinaimg.cn/mw600/73e68205gw1f7lv0elh0kj20ku0fmq5q.jpg
[2016-09-10 12:00:31.201] [INFO] scrapy - http://ww1.sinaimg.cn/thumb180/3e3666efjw1f7m5xuq6ucg20dw07tnpg.gif
[2016-09-10 12:00:31.217] [INFO] scrapy - http://ww2.sinaimg.cn/mw600/89fe1ba9jw1f7mdfsxzo3j20fa0e6aar.jpg
[2016-09-10 12:00:31.217] [INFO] scrapy - http://ww3.sinaimg.cn/mw600/67c6cf9dgw1f7l92o1plrj211y0lc44u.jpg
[2016-09-10 12:00:31.264] [INFO] scrapy - http://ww1.sinaimg.cn/thumb180/69d909a5gw1f7m929dphxg20b4068hdz.gif
[2016-09-10 12:00:31.295] [INFO] scrapy - http://ww2.sinaimg.cn/mw600/47481d23gw1f7kwx0el4mj20hs0qodgx.jpg
[2016-09-10 12:00:31.295] [INFO] scrapy - http://ww1.sinaimg.cn/thumb180/a00dfa2agw1f7mx3lvkwlg20fu08x4qq.gif
[2016-09-10 12:00:31.295] [INFO] scrapy - http://ww2.sinaimg.cn/thumb180/6a34bab2jw1ds42t330spg.gif
[2016-09-10 12:00:31.311] [INFO] scrapy - pic finished
[2016-09-10 12:00:31.311] [INFO] scrapy - http://ww4.sinaimg.cn/mw600/47481d23gw1f7kwwxwq0wj20hs0qoq4q.jpg
[2016-09-10 12:00:31.326] [INFO] scrapy - http://ww2.sinaimg.cn/thumb180/6200e46agw1f7m12ojxytg20hs0a0e81.gif
[2016-09-10 12:00:31.342] [INFO] scrapy - http://ww2.sinaimg.cn/mw600/444d7111jw1f7n2qpitylj20go0p041g.jpg
[2016-09-10 12:00:31.357] [INFO] scrapy - http://ww2.sinaimg.cn/mw600/83f596c9gw1f7n2mxuqrxj20ia0rftdu.jpg
[2016-09-10 12:00:31.373] [INFO] scrapy - http://ww3.sinaimg.cn/thumb180/9bd522c1gw1f7m5k55endg208c04ou17.gif
[2016-09-10 12:00:31.373] [INFO] scrapy - http://ww2.sinaimg.cn/mw600/70b1bbe5jw1f7maiodc1dj20ub0h1tc1.jpg
[2016-09-10 12:00:31.420] [INFO] scrapy - http://ww3.sinaimg.cn/thumb180/3e3666efjw1f7lc909vkdg206o08whe1.gif
[2016-09-10 12:00:31.435] [INFO] scrapy - http://ww2.sinaimg.cn/mw600/89fe1ba9jw1f7mdftkxtzj20h50b4wfc.jpg
[2016-09-10 12:00:31.482] [INFO] scrapy - http://ww1.sinaimg.cn/mw600/6106a4f0gw1f7n4wwk6zpj20hs0angnq.jpg
[2016-09-10 12:00:31.498] [INFO] scrapy - http://ww2.sinaimg.cn/mw600/e7bf4c79jw1f7jxsaapw9j20q40hf77m.jpg
[2016-09-10 12:00:31.498] [INFO] scrapy - http://ww4.sinaimg.cn/thumb180/c0184b30jw1f7m86uqpgkg20b4066b2c.gif
[2016-09-10 12:00:31.529] [INFO] scrapy - http://ww4.sinaimg.cn/mw600/a00dfa2agw1f7mfv6c5p9j20hg0gomy2.jpg
[2016-09-10 12:00:31.529] [INFO] scrapy - http://ww4.sinaimg.cn/thumb180/444d7111jw1f7m5psldt7g20eg0ege8i.gif
[2016-09-10 12:00:31.545] [INFO] scrapy - http://ww4.sinaimg.cn/mw600/006977Htjw1f7m7b39mrbj30d00kugoi.jpg
[2016-09-10 12:00:31.545] [INFO] scrapy - http://ww4.sinaimg.cn/mw600/6cca1403jw1f7m9pc2dnnj20dv0gydh0.jpg
[2016-09-10 12:00:31.560] [INFO] scrapy - http://ww2.sinaimg.cn/mw600/85bdc80bjw1f7m22av69aj20do0dnmyy.jpg
[2016-09-10 12:00:31.560] [INFO] scrapy - http://ww4.sinaimg.cn/mw600/c1a3c815gw1f7my3o4wrdj20hs0k941d.jpg
[2016-09-10 12:00:31.560] [INFO] scrapy - http://ww4.sinaimg.cn/thumb180/006wDzYUgw1f77exbfyxeg30dc0dcb2e.gif
[2016-09-10 12:00:31.576] [INFO] scrapy - http://ww1.sinaimg.cn/thumb180/3e3666efjw1f7l5j93xs0g20be06qqvc.gif
[2016-09-10 12:00:31.623] [INFO] scrapy - http://ww1.sinaimg.cn/mw600/6dd57921jw1f7bpupfbw5j20hn08cmyf.jpg
[2016-09-10 12:00:31.623] [INFO] scrapy - http://ww4.sinaimg.cn/thumb180/444d7111jw1f7m6aj7ycdg209s07bqvl.gif
[2016-09-10 12:00:31.623] [INFO] scrapy - http://ww1.sinaimg.cn/mw600/6106a4f0gw1f7n4x47t93j20960go76e.jpg
[2016-09-10 12:00:31.623] [INFO] scrapy - http://ww3.sinaimg.cn/thumb180/006g7k7pgw1f7n1z05i75g308c05xx6r.gif
[2016-09-10 12:00:31.669] [INFO] scrapy - http://ww4.sinaimg.cn/mw600/7c0f6495jw1f7mkx6wl5wj20ku0famyk.jpg
[2016-09-10 12:00:31.669] [INFO] scrapy - http://ww2.sinaimg.cn/thumb180/006g7k7pgw1f7mjh9g6a9g306o0a1qv6.gif
[2016-09-10 12:00:31.701] [INFO] scrapy - http://ww4.sinaimg.cn/mw600/6cca1403jw1f7m9hsscmuj20d80hojru.jpg
[2016-09-10 12:00:31.732] [INFO] scrapy - http://ww2.sinaimg.cn/mw600/a00dfa2agw1f7mfnivzukj20sg0izn0r.jpg
[2016-09-10 12:00:31.763] [INFO] scrapy - http://ww2.sinaimg.cn/thumb180/3e3666efjw1f7lzlcfrs8g20b4068kjr.gif
[2016-09-10 12:00:31.794] [INFO] scrapy - http://ww3.sinaimg.cn/mw600/89fe1ba9jw1f7mdfsc9p2j20fa0d2gmr.jpg
[2016-09-10 12:00:31.794] [INFO] scrapy - http://ww3.sinaimg.cn/mw600/6cca1403jw1f7m9lw0grvj20g20hkta0.jpg
[2016-09-10 12:00:31.810] [INFO] scrapy - http://ww1.sinaimg.cn/mw600/875c0777gw1f7in77lktoj218l0x8gui.jpg
[2016-09-10 12:00:31.810] [INFO] scrapy - http://ww1.sinaimg.cn/mw600/85bdc80bjw1f7m22b18ldj20do0dnmz6.jpg
[2016-09-10 12:00:31.825] [INFO] scrapy - http://ww1.sinaimg.cn/mw600/62de0d6dgw1f79qtfqvxgj20ku11241r.jpg
[2016-09-10 12:00:31.825] [INFO] scrapy - http://ww1.sinaimg.cn/mw600/6200e46agw1f7m12sdqupj20ri0icq8m.jpg
[2016-09-10 12:00:31.841] [INFO] scrapy - http://ww4.sinaimg.cn/mw600/89fe1ba9jw1f7mdfuur61j20go0kp772.jpg
[2016-09-10 12:00:31.857] [INFO] scrapy - http://ww3.sinaimg.cn/mw600/66b3de17gw1f7liva4yybj20gi0t1n09.jpg
[2016-09-10 12:00:31.857] [INFO] scrapy - http://ww4.sinaimg.cn/mw600/73e68205gw1f7luzem93tj20rs0iiq72.jpg
[2016-09-10 12:00:31.872] [INFO] scrapy - http://ww4.sinaimg.cn/mw600/67c6cf9dgw1f7l92v23bvj211y0lc474.jpg
[2016-09-10 12:00:31.888] [INFO] scrapy - http://ww2.sinaimg.cn/mw600/74e72fc9jw1f7m5oixza9j20i808lmyr.jpg
[2016-09-10 12:00:31.903] [INFO] scrapy - http://ww4.sinaimg.cn/mw600/72f96cbagw1f7m7faw48bj20ne0fego2.jpg
[2016-09-10 12:00:31.919] [INFO] scrapy - http://ww2.sinaimg.cn/mw600/e7bf4c79jw1f7jxoa7q4cj20d80aw40m.jpg
[2016-09-10 12:00:31.935] [INFO] scrapy - http://ww4.sinaimg.cn/thumb180/a00dfa2agw1f7mfamj9w0g20bo06k1l2.gif
[2016-09-10 12:00:31.935] [INFO] scrapy - http://ww1.sinaimg.cn/mw600/70b1bbe5jw1f7mairtc4dj218g0xcjvt.jpg
[2016-09-10 12:00:31.950] [INFO] scrapy - http://ww3.sinaimg.cn/mw600/89fe1ba9jw1f7mdfwq4dbj20go0ciwg6.jpg
[2016-09-10 12:00:31.950] [INFO] scrapy - http://ww3.sinaimg.cn/thumb180/8faf3cccjw1f7m6wtsf6lg208e0a9u0x.gif
[2016-09-10 12:00:32.044] [INFO] scrapy - http://ww3.sinaimg.cn/mw600/61b69811gw1f7mx5i11vdj20hs0k141t.jpg
[2016-09-10 12:00:32.059] [INFO] scrapy - http://ww1.sinaimg.cn/mw600/b2b1bff9jw1f7ldsb5e3ij20mj0gwdkn.jpg
[2016-09-10 12:00:32.059] [INFO] scrapy - http://ww2.sinaimg.cn/mw600/5dafd716gw1f7m89pvyapj20lt0lqac4.jpg
[2016-09-10 12:00:32.075] [INFO] scrapy - http://ww3.sinaimg.cn/mw600/e7bf4c79jw1f7jxsgmrrgj20lo0c6mz2.jpg
[2016-09-10 12:00:32.075] [INFO] scrapy - http://ww2.sinaimg.cn/mw600/e7bf4c79jw1f7jxsexemmj21kw11xqfb.jpg
[2016-09-10 12:00:32.137] [INFO] scrapy - http://ww2.sinaimg.cn/mw600/a00dfa2agw1f7mfnjzp97j20mj0coq5v.jpg
[2016-09-10 12:00:32.137] [INFO] scrapy - http://ww2.sinaimg.cn/mw600/73e68205gw1f7luza7takj20ku0fmdi4.jpg
[2016-09-10 12:00:32.171] [ERROR] scrapy - uncaughtException : Error: read ECONNRESET
    at exports._errnoException (util.js:870:11)
    at TCP.onread (net.js:552:26)
[2016-09-10 12:00:32.171] [INFO] scrapy - http://ww1.sinaimg.cn/mw600/a6f837bcgw1f7n3j1qhlwj20qo0zkgsk.jpg
[2016-09-10 12:00:32.171] [INFO] scrapy - http://ww1.sinaimg.cn/mw600/59b4a6d3gw1f7n7iusj9tj20fe182118.jpg
[2016-09-10 12:00:32.186] [INFO] scrapy - http://ww3.sinaimg.cn/mw600/6bb08cd9jw1f7mfp801q9j20c80jgacj.jpg
[2016-09-10 12:00:32.202] [INFO] scrapy - http://ww4.sinaimg.cn/mw600/6200e46agw1f7m12sso3fj20ri0gxag4.jpg
[2016-09-10 12:00:32.202] [INFO] scrapy - http://ww4.sinaimg.cn/mw600/bcc93f49gw1f7m70plwyhj20hb0qtq6x.jpg
[2016-09-10 12:00:32.233] [INFO] scrapy - http://ww1.sinaimg.cn/mw600/73e68205gw1f7luzh3rafj20qy0k7adg.jpg
[2016-09-10 12:00:32.233] [INFO] scrapy - http://ww3.sinaimg.cn/mw600/73e68205gw1f7lv050dxfj20ku0hcn0t.jpg
[2016-09-10 12:00:32.264] [INFO] scrapy - http://ww1.sinaimg.cn/mw600/444d7111jw1f7n39fuin4j20go0slq5s.jpg
[2016-09-10 12:00:32.311] [INFO] scrapy - http://ww2.sinaimg.cn/mw600/73e68205gw1f7luzb2gowj20ku0fm76i.jpg
[2016-09-10 12:00:32.311] [INFO] scrapy - http://ww1.sinaimg.cn/mw600/5ca04f68jw1f7ly90s8fej20g409fabr.jpg
[2016-09-10 12:00:32.342] [INFO] scrapy - http://ww2.sinaimg.cn/mw600/73e68205gw1f7luzjaekgj20z60qo13r.jpg
[2016-09-10 12:00:32.373] [INFO] scrapy - http://ww1.sinaimg.cn/mw600/50f733a9gw1f7mpq024rmj20qo12y13c.jpg
[2016-09-10 12:00:32.451] [INFO] scrapy - http://ww3.sinaimg.cn/mw600/83f596c9gw1f7n2mxee82j20ia0c7gs8.jpg
[2016-09-10 12:00:32.451] [INFO] scrapy - http://ww2.sinaimg.cn/mw600/73e68205gw1f7luzd0g6aj20sg0iytgr.jpg
[2016-09-10 12:00:32.483] [INFO] scrapy - http://ww1.sinaimg.cn/mw600/a6f837bcgw1f7n3iwzbzzj20qo0zkgtm.jpg
[2016-09-10 12:00:32.576] [INFO] scrapy - http://ww1.sinaimg.cn/thumb180/bfc243a3gw1f7mjadglgng206p060x6r.gif
[2016-09-10 12:00:32.592] [INFO] scrapy - http://ww3.sinaimg.cn/mw600/a00dfa2agw1f7mhrvh6ruj20rh16vqb6.jpg
[2016-09-10 12:00:32.685] [INFO] scrapy - http://ww2.sinaimg.cn/mw600/a82b014bgw1f7mm4pyjwej20hs0nptdo.jpg
[2016-09-10 12:00:32.701] [INFO] scrapy - http://ww2.sinaimg.cn/mw600/6a199e59jw1f7mbgbq6kbj211h0lcgma.jpg
[2016-09-10 12:00:32.701] [INFO] scrapy - http://ww2.sinaimg.cn/mw600/88c184bcgw1f7mfsteddkj20f00qowgq.jpg
[2016-09-10 12:00:32.748] [INFO] scrapy - http://ww1.sinaimg.cn/mw600/6dd57921jw1f7h9zhmacpj20bg0kumyx.jpg
[2016-09-10 12:00:32.841] [INFO] scrapy - http://ww1.sinaimg.cn/mw600/6cca1403jw1f7mbd00wlrj20d50hmgmk.jpg
[2016-09-10 12:00:33.029] [INFO] scrapy - http://ww4.sinaimg.cn/mw600/6dd57921jw1f79a9ya65oj20hx0tzwmd.jpg
[2016-09-10 12:00:33.138] [INFO] scrapy - http://ww2.sinaimg.cn/mw600/444d7111jw1f7n3m28pzxj20go1e0qbr.jpg
[2016-09-10 12:00:33.749] [INFO] scrapy - http://ww3.sinaimg.cn/mw600/75e5a224jw1f7m6e7jwnsj20i03by4ag.jpg
[2016-09-10 12:00:33.827] [INFO] scrapy - http://ww2.sinaimg.cn/thumb180/3e3666efjw1f7l5junk8zg206p0aaqv9.gif
[2016-09-10 12:00:33.827] [INFO] scrapy - http://ww4.sinaimg.cn/mw600/891c9115jw1f7lgq1t5w8j20ql0qodja.jpg
[2016-09-10 12:00:33.858] [INFO] scrapy - http://ww3.sinaimg.cn/mw600/d17c7ffbgw1e7xvjk2i2tj20i02inapl.jpg
[2016-09-10 12:00:33.874] [INFO] scrapy - http://ww3.sinaimg.cn/mw600/762b96edjw1f7iphhq1b0j20au0eggm0.jpg
[2016-09-10 12:00:33.999] [INFO] scrapy - http://ww3.sinaimg.cn/thumb180/938a7ac0gw1f7lwrdssqcg20b40697wj.gif
[2016-09-10 12:00:33.999] [INFO] scrapy - http://ww3.sinaimg.cn/mw600/81a71f0cgw1f7m39ta8nfj20c80cadg9.jpg
[2016-09-10 12:00:34.030] [INFO] scrapy - http://ww3.sinaimg.cn/mw600/762b96edjw1f7iphfewunj20dw0dwwf6.jpg
[2016-09-10 12:00:34.420] [INFO] scrapy - http://ww4.sinaimg.cn/thumb180/98b89d42gw1f7ld9xkoo0g205003c4bz.gif
[2016-09-10 12:00:34.514] [INFO] scrapy - http://ww3.sinaimg.cn/mw600/005IY1RNgw1f7l8oeuxjpj31kw16h1cd.jpg
[2016-09-10 12:00:34.560] [INFO] scrapy - http://ww3.sinaimg.cn/mw600/7e5e7585gw1f7m3cy4beqj20gl06vdh0.jpg
[2016-09-10 12:00:34.872] [INFO] scrapy - http://ww4.sinaimg.cn/thumb180/006xT4AIjw1f7lt7dq6o1g309m078e82.gif
[2016-09-10 12:00:34.997] [INFO] scrapy - http://ww2.sinaimg.cn/mw600/006dmXaHgw1f7ly53zvxcj30zk0m8782.jpg
[2016-09-10 12:00:35.106] [INFO] scrapy - http://ww3.sinaimg.cn/thumb180/3e3666efjw1f7m4o3ub89g207a04jqpf.gif
[2016-09-10 12:00:35.387] [INFO] scrapy - http://ww3.sinaimg.cn/mw600/66b3de17gw1f7liv8bz93j20j10ekdhl.jpg
[2016-09-10 12:00:35.418] [INFO] scrapy - http://ww3.sinaimg.cn/thumb180/444d7111gw1f7lgp3wdn5g20cs0767ws.gif
[2016-09-10 12:00:35.434] [INFO] scrapy - http://ww3.sinaimg.cn/thumb180/444d7111jw1eizt0jqvn8g20be06i1kz.gif
[2016-09-10 12:00:35.559] [INFO] scrapy - http://ww3.sinaimg.cn/mw600/66b3de17gw1f7ldkzqzajj20i20jydh5.jpg
[2016-09-10 12:00:35.637] [INFO] scrapy - http://ww4.sinaimg.cn/mw600/bfae17b6gw1f7lr0zt4gmj20zk0npab8.jpg
[2016-09-10 12:00:35.668] [INFO] scrapy - http://ww1.sinaimg.cn/mw600/93c0135djw1f7ly5fkjj5j213k0m876t.jpg
[2016-09-10 12:00:35.684] [INFO] scrapy - http://ww1.sinaimg.cn/thumb180/c1a3c815gw1f7l9slawx6g206x057u0x.gif
[2016-09-10 12:00:35.684] [INFO] scrapy - http://ww2.sinaimg.cn/thumb180/7108709fjw1f7k5vw7u8kg20c10764qv.gif
[2016-09-10 12:00:35.730] [INFO] scrapy - http://ww2.sinaimg.cn/thumb180/53baa713gw1eiy04o173yg20dw07tx6r.gif
[2016-09-10 12:00:35.762] [INFO] scrapy - http://ww3.sinaimg.cn/mw600/7d48ce4fjw1f7j3ek7gytj20jg18zgo3.jpg
[2016-09-10 12:00:35.808] [INFO] scrapy - http://ww3.sinaimg.cn/thumb180/938a7ac0gw1f7lwrdssqcg20b40697wj.gif
[2016-09-10 12:00:35.871] [INFO] scrapy - http://ww4.sinaimg.cn/mw600/006yC9r4gw1f7l4a5n395j30ll0dht9v.jpg
[2016-09-10 12:00:35.886] [INFO] scrapy - http://ww4.sinaimg.cn/thumb180/444d7111gw1f7lgd27032g20a00a0b2h.gif
[2016-09-10 12:00:35.918] [INFO] scrapy - http://ww3.sinaimg.cn/thumb180/006g7k7pgw1f7m22k9m0rg309c064u0z.gif
[2016-09-10 12:00:36.027] [INFO] scrapy - http://ww4.sinaimg.cn/mw600/006uySWvgw1f7l9da6j0rj30rb0fhq4s.jpg
[2016-09-10 12:00:36.058] [INFO] scrapy - http://ww1.sinaimg.cn/thumb180/006g7k7pgw1f7le4yptx7g308c05bh4a.gif
[2016-09-10 12:00:36.105] [INFO] scrapy - http://ww4.sinaimg.cn/thumb180/3e3666efjw1f7l1hxbljhg20aa076x6p.gif
[2016-09-10 12:00:36.120] [INFO] scrapy - http://ww3.sinaimg.cn/mw600/6200e46agw1f7l1ml0jgwj20ri0icgpx.jpg
[2016-09-10 12:00:36.136] [INFO] scrapy - http://ww1.sinaimg.cn/thumb180/444d7111gw1f7lgnrf4p9g20bo06jkk3.gif
[2016-09-10 12:00:36.152] [INFO] scrapy - http://ww2.sinaimg.cn/mw600/6275c67egw1f7ldi4pcmlj20m80clwfx.jpg
[2016-09-10 12:00:36.152] [INFO] scrapy - http://ww3.sinaimg.cn/thumb180/3e3666efjw1f7l3b4pd3vg209q0aux6u.gif
[2016-09-10 12:00:36.152] [INFO] scrapy - http://ww2.sinaimg.cn/thumb180/6d824c54gw1drzncylt8ug.gif
[2016-09-10 12:00:36.167] [INFO] scrapy - http://ww3.sinaimg.cn/thumb180/d54a1fa7jw1f7l5nbtfimg208w08wb2c.gif
[2016-09-10 12:00:36.198] [INFO] scrapy - http://ww2.sinaimg.cn/thumb180/a00dfa2agw1f7k85h5ntrg20bo06iqv7.gif
[2016-09-10 12:00:36.245] [INFO] scrapy - http://ww2.sinaimg.cn/thumb180/444d7111jw1f7l872ltbqg209w0cc7wx.gif
[2016-09-10 12:00:36.261] [INFO] scrapy - http://ww4.sinaimg.cn/thumb180/e7bf4c79jw1f7l04gty42g20bo0b41ky.gif
[2016-09-10 12:00:36.308] [INFO] scrapy - http://ww2.sinaimg.cn/thumb180/68f6e545jw1f7l6c0buq9g20g0090x6s.gif
[2016-09-10 12:00:36.354] [INFO] scrapy - http://ww2.sinaimg.cn/thumb180/53baa713gw1ej0rwkgjy3g207q07wx6p.gif
[2016-09-10 12:00:36.354] [INFO] scrapy - http://ww2.sinaimg.cn/thumb180/6d0b355fjw1f7lbjvr9z3g20b40dwqvc.gif
[2016-09-10 12:00:36.386] [INFO] scrapy - http://ww4.sinaimg.cn/thumb180/3e3666efjw1f7jxxku46hg20b4068kjs.gif
[2016-09-10 12:00:36.401] [INFO] scrapy - http://ww1.sinaimg.cn/thumb180/4ffbcf0agw1f7k5unjf1eg208c043b2b.gif
[2016-09-10 12:00:36.432] [INFO] scrapy - http://ww3.sinaimg.cn/thumb180/425a5ca3gw1f7lwqrva8rg20b4072000.gif
[2016-09-10 12:00:36.448] [INFO] scrapy - http://ww1.sinaimg.cn/thumb180/444d7111jw1ej0y223d4rg20b908le84.gif
[2016-09-10 12:00:36.464] [INFO] scrapy - http://ww4.sinaimg.cn/thumb180/509d369egw1eiyo2a4cq6g209g07ex6p.gif
[2016-09-10 12:00:36.510] [INFO] scrapy - http://ww4.sinaimg.cn/thumb180/444d7111jw1f7l7m6rbylg20eg083hdy.gif
[2016-09-10 12:00:36.557] [INFO] scrapy - http://ww4.sinaimg.cn/mw600/7e5e7585gw1f7k0bizi0wj20iy07naau.jpg
[2016-09-10 12:00:36.588] [INFO] scrapy - http://ww4.sinaimg.cn/thumb180/444d7111jw1f7l6z1vbs4g20eg0831lc.gif
[2016-09-10 12:00:36.620] [INFO] scrapy - http://ww4.sinaimg.cn/mw600/93c0135djw1f7ly5gzvdgj213k0m8q4s.jpg
[2016-09-10 12:00:36.682] [INFO] scrapy - http://ww1.sinaimg.cn/mw600/66b3de17gw1f7liv8zv0wj20j80dhac1.jpg
[2016-09-10 12:00:36.729] [INFO] scrapy - http://ww4.sinaimg.cn/thumb180/7e948b4dgw1f7l0wueijlg20c80c8hdy.gif
[2016-09-10 12:00:36.744] [INFO] scrapy - http://ww1.sinaimg.cn/thumb180/006g7k7pgw1f7l4r7m7m2g308w06okjm.gif
[2016-09-10 12:00:36.776] [INFO] scrapy - http://ww4.sinaimg.cn/thumb180/a00dfa2agw1f7jhdewh7pg20bo08mkjn.gif
[2016-09-10 12:00:36.776] [INFO] scrapy - http://ww4.sinaimg.cn/thumb180/444d7111gw1f7lg62o6r1g20dc07enpe.gif
[2016-09-10 12:00:36.854] [INFO] scrapy - http://ww4.sinaimg.cn/thumb180/79d73088gw1ewbn0z0vfjg206i059b29.gif
[2016-09-10 12:00:36.854] [INFO] scrapy - http://ww2.sinaimg.cn/mw600/66b3de17gw1f7ldkx26q6j20hs0a0wep.jpg
[2016-09-10 12:00:36.900] [INFO] scrapy - http://ww2.sinaimg.cn/thumb180/444d7111jw1ej0edh133fg206y04qu0x.gif
[2016-09-10 12:00:36.916] [INFO] scrapy - http://ww2.sinaimg.cn/thumb180/a82b014bjw1f7l8qm3ly3g20f4091x72.gif
[2016-09-10 12:00:36.916] [INFO] scrapy - http://ww1.sinaimg.cn/mw600/66b3de17gw1f7ldkyy9fwj20i20hfmz3.jpg
[2016-09-10 12:00:36.932] [INFO] scrapy - http://ww1.sinaimg.cn/mw600/93c0135djw1f7ly5f93fzj213k0m80u3.jpg
[2016-09-10 12:00:36.947] [INFO] scrapy - http://ww4.sinaimg.cn/mw600/5d67dc5egw1f7m0tijqlij20ii03c74r.jpg
[2016-09-10 12:00:37.056] [INFO] scrapy - http://ww3.sinaimg.cn/thumb180/a0fae7b2gw1f7l3cfxht2g209x05dx6q.gif
[2016-09-10 12:00:37.072] [INFO] scrapy - http://ww4.sinaimg.cn/mw600/9eb159fdgw1f7m4s8jfefj20hs0gjq3x.jpg
[2016-09-10 12:00:37.072] [INFO] scrapy - http://ww2.sinaimg.cn/mw600/005TDM0mjw1f72kng6lixj30go0k0dhh.jpg
[2016-09-10 12:00:37.088] [INFO] scrapy - http://ww2.sinaimg.cn/thumb180/68f6e545jw1f7lyyg3x8yg20hs0a0npq.gif
[2016-09-10 12:00:37.103] [INFO] scrapy - pic finished
[2016-09-10 12:00:37.103] [INFO] scrapy - http://ww3.sinaimg.cn/thumb180/7848fadbgw1ej0jw8x77bg20af08c4qm.gif
[2016-09-10 12:00:37.134] [INFO] scrapy - http://ww1.sinaimg.cn/mw600/691211ebjw1f7josu3plyj20dp06taak.jpg
[2016-09-10 12:00:37.134] [INFO] scrapy - http://ww2.sinaimg.cn/mw600/006gYNzLgw1f7m0cmxx1uj30g00g0t96.jpg
[2016-09-10 12:00:37.244] [INFO] scrapy - http://ww2.sinaimg.cn/thumb180/444d7111jw1f7l6oh2pzxg208k04k1lc.gif
[2016-09-10 12:00:37.368] [INFO] scrapy - http://ww4.sinaimg.cn/thumb180/444d7111gw1f7lghsaqu8g20cs076b2h.gif
[2016-09-10 12:00:37.384] [INFO] scrapy - http://ww3.sinaimg.cn/mw600/005K8X3Kjw1eqzie7jdeij30c804taa6.jpg
[2016-09-10 12:00:37.431] [INFO] scrapy - http://ww1.sinaimg.cn/mw600/635a50efgw1f7l88x032xj20hs0mmtag.jpg
[2016-09-10 12:00:37.446] [INFO] scrapy - http://ww2.sinaimg.cn/mw600/69381c07gw1f7m46akupuj20ku0q1tbh.jpg
[2016-09-10 12:00:37.478] [INFO] scrapy - http://ww2.sinaimg.cn/mw600/66b3de17gw1f7kwv541svj20do0ermy6.jpg
[2016-09-10 12:00:37.493] [INFO] scrapy - http://ww2.sinaimg.cn/thumb180/444d7111jw1f7l690h6zrg20eg083x74.gif
[2016-09-10 12:00:37.509] [INFO] scrapy - http://ww1.sinaimg.cn/thumb180/444d7111jw1f7l84gm16ag20f008fkjw.gif
[2016-09-10 12:00:37.540] [INFO] scrapy - http://ww3.sinaimg.cn/thumb180/006t5KMyjw1f7ktm3kapgg305w05wqv5.gif
[2016-09-10 12:00:37.571] [INFO] scrapy - http://ww3.sinaimg.cn/mw600/54a5e40dgw1f7lszj8i94j20j60asq3e.jpg
[2016-09-10 12:00:37.634] [ERROR] scrapy - uncaughtException : Error: read ECONNRESET
    at exports._errnoException (util.js:870:11)
    at TCP.onread (net.js:552:26)
[2016-09-10 12:00:37.634] [INFO] scrapy - http://ww1.sinaimg.cn/mw600/006yC9r4gw1f7l4a3r55uj30ll0gxaap.jpg
[2016-09-10 12:00:37.665] [INFO] scrapy - http://ww2.sinaimg.cn/thumb180/0066h8nRgw1f7f21f0djxg309b064e83.gif
[2016-09-10 12:00:37.743] [INFO] scrapy - http://ww1.sinaimg.cn/mw600/68f6e545jw1f7mp0oph65j20ku2a11kx.jpg
[2016-09-10 12:00:37.743] [ERROR] scrapy - uncaughtException : Error: read ECONNRESET
    at exports._errnoException (util.js:870:11)
    at TCP.onread (net.js:552:26)
[2016-09-10 12:00:37.758] [INFO] scrapy - http://ww3.sinaimg.cn/thumb180/3e3666efjw1f7kt6j7zy9g209r07cb2d.gif
[2016-09-10 12:00:37.758] [INFO] scrapy - http://ww3.sinaimg.cn/thumb180/b2b1bff9jw1f7kpt6gy4ig207s04ewun.gif
[2016-09-10 12:00:37.774] [INFO] scrapy - http://ww3.sinaimg.cn/thumb180/c0679ecagw1f7k4hjj913g207o05l7ck.gif
[2016-09-10 12:00:37.774] [INFO] scrapy - http://ww3.sinaimg.cn/mw600/93c0135djw1f7ly5g1l2aj213k0m8wgc.jpg
[2016-09-10 12:00:37.790] [INFO] scrapy - http://ww1.sinaimg.cn/mw600/762b96edjw1f7iphe5doxj20dw0dw74v.jpg
[2016-09-10 12:00:37.790] [INFO] scrapy - http://ww4.sinaimg.cn/mw600/006uySWvgw1f7l9da6j0rj30rb0fhq4s.jpg
[2016-09-10 12:00:37.821] [INFO] scrapy - http://ww4.sinaimg.cn/mw600/68f6e545jw1f7l9m0pc0zj20jg0gftab.jpg
[2016-09-10 12:00:37.836] [INFO] scrapy - http://ww1.sinaimg.cn/thumb180/444d7111jw1f7kzr6g990g20aa07okk2.gif
[2016-09-10 12:00:37.836] [INFO] scrapy - http://ww3.sinaimg.cn/mw600/66b3de17gw1f7liv8oyy5j20gb0ismyn.jpg
[2016-09-10 12:00:37.868] [INFO] scrapy - http://ww3.sinaimg.cn/mw600/54a5e40dgw1f7lszeud53j20j60asq5t.jpg
[2016-09-10 12:00:37.883] [INFO] scrapy - http://ww4.sinaimg.cn/mw600/c0788b86jw1f7k2au1jrbj20hs0htwfn.jpg
[2016-09-10 12:00:37.930] [INFO] scrapy - http://ww2.sinaimg.cn/thumb180/0069W9LNgw1f7inwr6wkjg306e04tu0x.gif
[2016-09-10 12:00:37.992] [INFO] scrapy - http://ww2.sinaimg.cn/mw600/66b3de17gw1f7libkjl1dj20hk0cnjsr.jpg
[2016-09-10 12:00:37.992] [INFO] scrapy - http://ww2.sinaimg.cn/mw600/66b3de17gw1f7liva97d6j20j90f4aba.jpg
[2016-09-10 12:00:38.008] [INFO] scrapy - http://ww2.sinaimg.cn/mw600/67ac80b3jw1f7lvmr3s9lj20xc0xctb4.jpg
[2016-09-10 12:00:38.008] [INFO] scrapy - http://ww1.sinaimg.cn/mw600/c0679ecagw1f7k4h3r9euj20dm0i575i.jpg
[2016-09-10 12:00:38.024] [INFO] scrapy - http://ww2.sinaimg.cn/thumb180/42b97fafgw1f7kt9k2e5kg20cs0csu14.gif
[2016-09-10 12:00:38.024] [INFO] scrapy - http://ww2.sinaimg.cn/mw600/93c0135djw1f7ly5grsn7j213k0m8mzn.jpg
[2016-09-10 12:00:38.024] [INFO] scrapy - http://ww3.sinaimg.cn/thumb180/3e3666efjw1f7k5typs5cg207y06mkjt.gif
[2016-09-10 12:00:38.055] [INFO] scrapy - http://ww3.sinaimg.cn/mw600/66b3de17gw1f7ldl07hqpj20i20ctwgg.jpg
[2016-09-10 12:00:38.102] [INFO] scrapy - http://ww4.sinaimg.cn/mw600/6a29bc64gw1f7kx8ldcsvj20c807vdgi.jpg
[2016-09-10 12:00:38.102] [INFO] scrapy - http://ww3.sinaimg.cn/thumb180/444d7111gw1eiymbab9rtg209v05kx6p.gif
[2016-09-10 12:00:38.148] [INFO] scrapy - http://ww4.sinaimg.cn/thumb180/a82b014bjw1f7l95xn4shg20e8080u11.gif
[2016-09-10 12:00:38.166] [INFO] scrapy - http://ww1.sinaimg.cn/mw600/8189cc0agw1f7l5sgupxoj20bx0hsaaq.jpg
[2016-09-10 12:00:38.166] [INFO] scrapy - http://ww4.sinaimg.cn/thumb180/652f5916jw1f7knkm9c0og204u056e81.gif
[2016-09-10 12:00:38.228] [INFO] scrapy - http://ww1.sinaimg.cn/thumb180/006g4WD7gw1f7l489m277g30dw21gahb.gif
[2016-09-10 12:00:38.260] [INFO] scrapy - http://ww3.sinaimg.cn/thumb180/006g7k7pgw1f7lwcznif3g307e05me82.gif
[2016-09-10 12:00:38.275] [INFO] scrapy - http://ww3.sinaimg.cn/mw600/646083e8jw1f7ly5d5gq4j20j60d1my9.jpg
[2016-09-10 12:00:38.292] [INFO] scrapy - http://ww1.sinaimg.cn/thumb180/692c751ajw1f7jpddaittg208u06mkjm.gif
[2016-09-10 12:00:38.292] [INFO] scrapy - http://ww3.sinaimg.cn/mw600/c0679ecagw1f7k4h4fzovj20k00k0gln.jpg
[2016-09-10 12:00:38.323] [INFO] scrapy - http://ww1.sinaimg.cn/mw600/b88e83e9gw1f7iivefvbjj20fo0vetb3.jpg
[2016-09-10 12:00:38.323] [INFO] scrapy - http://ww2.sinaimg.cn/mw600/a00dfa2agw1f7k5wjg8ycj20jg0elaaw.jpg
[2016-09-10 12:00:38.354] [INFO] scrapy - http://ww4.sinaimg.cn/mw600/66b3de17gw1f7ldkxrf5mj20i20aqjsh.jpg
[2016-09-10 12:00:38.354] [INFO] scrapy - http://ww2.sinaimg.cn/mw600/006yC9r4gw1f7l4a4f9jlj30ll0gk75l.jpg
[2016-09-10 12:00:38.354] [INFO] scrapy - http://ww2.sinaimg.cn/mw600/56682a80gw1f7l3no08lpj208k0aadgl.jpg
[2016-09-10 12:00:38.401] [INFO] scrapy - http://ww4.sinaimg.cn/mw600/54a5e40dgw1f7lszbmsbpj20j60asgo9.jpg
[2016-09-10 12:00:38.401] [INFO] scrapy - http://ww1.sinaimg.cn/mw600/7f0b4796gw1f7hviinskwj20go0bd0ta.jpg
[2016-09-10 12:00:38.432] [INFO] scrapy - http://ww1.sinaimg.cn/thumb180/3e3666efjw1f7l23l3hmqg208k073e85.gif
[2016-09-10 12:00:38.464] [INFO] scrapy - http://ww4.sinaimg.cn/mw600/68f6e545jw1f7l9lzuwy9j20jg0fndhk.jpg
[2016-09-10 12:00:38.464] [INFO] scrapy - http://ww2.sinaimg.cn/thumb180/8245bf01jw1f7fm45rogkg206r057e81.gif
[2016-09-10 12:00:38.542] [INFO] scrapy - http://ww2.sinaimg.cn/thumb180/a82b014bjw1f7kzdnip18g20hs0a0b2l.gif
[2016-09-10 12:00:38.542] [INFO] scrapy - http://ww1.sinaimg.cn/thumb180/73f627b9gw1f7kzpfltggg207d05ku0y.gif
[2016-09-10 12:00:38.558] [ERROR] scrapy - uncaughtException : Error: read ECONNRESET
    at exports._errnoException (util.js:870:11)
    at TCP.onread (net.js:552:26)
[2016-09-10 12:00:38.558] [INFO] scrapy - http://ww3.sinaimg.cn/mw600/66b3de17gw1f7kwv5ue3fj20on0fmtc4.jpg
[2016-09-10 12:00:38.589] [INFO] scrapy - http://ww1.sinaimg.cn/mw600/005LdK0mgw1f7l403k4exj30zk0zk426.jpg
[2016-09-10 12:00:38.620] [INFO] scrapy - pic finished
[2016-09-10 12:00:38.620] [INFO] scrapy - http://ww4.sinaimg.cn/thumb180/6913fc10gw1f7l07gq86jg20al062npe.gif
[2016-09-10 12:00:38.620] [INFO] scrapy - http://ww1.sinaimg.cn/thumb180/762b96edjw1f7ipevzdgig205k09whdt.gif
[2016-09-10 12:00:38.636] [INFO] scrapy - http://ww3.sinaimg.cn/mw600/7e948b4dgw1f7l4gjp653j20go0fkwfn.jpg
[2016-09-10 12:00:38.667] [INFO] scrapy - http://ww3.sinaimg.cn/mw600/93c0135djw1f7ly5gae2jj213k0m8dhk.jpg
[2016-09-10 12:00:38.667] [INFO] scrapy - http://ww2.sinaimg.cn/mw600/61d7cd94gw1f7l1waouqfj20qe0hs766.jpg
[2016-09-10 12:00:38.698] [INFO] scrapy - pic finished
[2016-09-10 12:00:38.698] [INFO] scrapy - http://ww1.sinaimg.cn/mw600/88c184bcgw1f7m33n75dyj20f00qoq5o.jpg
[2016-09-10 12:00:38.714] [INFO] scrapy - http://ww3.sinaimg.cn/thumb180/c0679ecagw1f7k4hk9kwpg207h05o78w.gif
[2016-09-10 12:00:38.714] [INFO] scrapy - http://ww2.sinaimg.cn/thumb180/3e3666efjw1f7krcx878hg208c08ce85.gif
[2016-09-10 12:00:38.730] [INFO] scrapy - http://ww4.sinaimg.cn/mw600/61d7cd94gw1f7l1wcof6cj20qe0hs76i.jpg
[2016-09-10 12:00:38.745] [INFO] scrapy - http://ww2.sinaimg.cn/mw600/54a5e40dgw1f7lszg7f2sj20j60asq3a.jpg
[2016-09-10 12:00:38.745] [INFO] scrapy - http://ww3.sinaimg.cn/thumb180/006xT4AIjw1f7lv519efgg309m07sgqo.gif
[2016-09-10 12:00:38.776] [INFO] scrapy - http://ww2.sinaimg.cn/mw600/6ba227eagw1f7l109z1huj20ku112q5u.jpg
[2016-09-10 12:00:38.792] [INFO] scrapy - http://ww3.sinaimg.cn/mw600/635a50efgw1f7k3osb0waj20b40jgdgw.jpg
[2016-09-10 12:00:38.792] [ERROR] scrapy - uncaughtException : Error: read ECONNRESET
    at exports._errnoException (util.js:870:11)
    at TCP.onread (net.js:552:26)
[2016-09-10 12:00:38.792] [ERROR] scrapy - uncaughtException : Error: socket hang up
    at createHangUpError (_http_client.js:211:15)
    at Socket.socketCloseListener (_http_client.js:243:23)
    at emitOne (events.js:82:20)
    at Socket.emit (events.js:169:7)
    at TCP._onclose (net.js:477:12)
[2016-09-10 12:00:38.823] [ERROR] scrapy - uncaughtException : Error: read ECONNRESET
    at exports._errnoException (util.js:870:11)
    at TCP.onread (net.js:552:26)
[2016-09-10 12:00:38.823] [ERROR] scrapy - uncaughtException : Error: socket hang up
    at createHangUpError (_http_client.js:211:15)
    at Socket.socketCloseListener (_http_client.js:243:23)
    at emitOne (events.js:82:20)
    at Socket.emit (events.js:169:7)
    at TCP._onclose (net.js:477:12)
[2016-09-10 12:00:38.823] [INFO] scrapy - http://ww4.sinaimg.cn/mw600/93c0135djw1f7ly5gij0kj213k0m80uy.jpg
[2016-09-10 12:00:38.839] [INFO] scrapy - http://ww3.sinaimg.cn/mw600/61d7cd94gw1f7l1wbac4hj20qe0hs40z.jpg
[2016-09-10 12:00:38.854] [INFO] scrapy - http://ww1.sinaimg.cn/mw600/6c326847jw1f7l7i1psl6j20hs0dw0u7.jpg
[2016-09-10 12:00:38.870] [INFO] scrapy - http://ww4.sinaimg.cn/mw600/005OgovIgw1f7l6jsmze3j30ku112dhh.jpg
[2016-09-10 12:00:38.870] [INFO] scrapy - http://ww1.sinaimg.cn/thumb180/a0fae7b2gw1f7l3cfkte5g209x05hqv6.gif
[2016-09-10 12:00:38.886] [INFO] scrapy - http://ww3.sinaimg.cn/thumb180/3e3666efjw1f7k2glaf54g209p0dbx6p.gif
[2016-09-10 12:00:38.886] [INFO] scrapy - http://ww4.sinaimg.cn/thumb180/79d73088gw1ewbn0nga9hg204p03xqm0.gif
[2016-09-10 12:00:38.964] [INFO] scrapy - http://ww4.sinaimg.cn/thumb180/79d73088gw1ewbn0lpe6qg204p03xh8w.gif
[2016-09-10 12:00:39.026] [INFO] scrapy - http://ww3.sinaimg.cn/mw600/4db0e7dagw1f7m457id29j20g40sojuh.jpg
[2016-09-10 12:00:39.042] [INFO] scrapy - http://ww1.sinaimg.cn/mw600/8370e58egw1f7hhldhzbdj20qo0zkn5e.jpg
[2016-09-10 12:00:39.042] [INFO] scrapy - http://ww2.sinaimg.cn/mw600/56682a80gw1f7l3nno1vwj21hc14144n.jpg
[2016-09-10 12:00:39.088] [INFO] scrapy - http://ww2.sinaimg.cn/thumb180/006yC9r4gw1f7le7ki1ang30es08chdy.gif
[2016-09-10 12:00:39.104] [INFO] scrapy - http://ww2.sinaimg.cn/mw600/77f58e51jw1f7l9x6229fj20m80et0xh.jpg
[2016-09-10 12:00:39.120] [INFO] scrapy - http://ww1.sinaimg.cn/mw600/0068yi4rgw1f7k9muqmrlj30ci0ismz8.jpg
[2016-09-10 12:00:39.135] [INFO] scrapy - http://ww1.sinaimg.cn/mw600/66b3de17gw1f7libde8djj20kn0dvabi.jpg
[2016-09-10 12:00:39.151] [INFO] scrapy - http://ww1.sinaimg.cn/mw600/66b3de17gw1f7kwv6ioffj20xc0ncdih.jpg
[2016-09-10 12:00:39.151] [INFO] scrapy - http://ww1.sinaimg.cn/mw600/7c1d7ba8gw1f7kzffbbzoj20ku0vydiw.jpg
[2016-09-10 12:00:39.182] [INFO] scrapy - http://ww3.sinaimg.cn/mw600/68f6e545jw1f7lj5vdtb0j20g409nwg9.jpg
[2016-09-10 12:00:39.229] [INFO] scrapy - http://ww1.sinaimg.cn/mw600/7e90b023gw1f7l58vd87tj20go0axt9a.jpg
[2016-09-10 12:00:39.291] [INFO] scrapy - http://ww2.sinaimg.cn/mw600/61d7cd94gw1f7l1wc595lj20qe0hsabk.jpg
[2016-09-10 12:00:39.338] [INFO] scrapy - http://ww2.sinaimg.cn/mw600/6cca1403jw1f7l0fntvk5j20gk099t9l.jpg
[2016-09-10 12:00:39.354] [INFO] scrapy - http://ww4.sinaimg.cn/thumb180/005ZMB9wgw1f7l0sfg7gjg30ci06zb2a.gif
[2016-09-10 12:00:39.385] [INFO] scrapy - http://ww2.sinaimg.cn/mw600/7bfbd12bjw1f7k3viv1vij20ku0rs77o.jpg
[2016-09-10 12:00:39.400] [INFO] scrapy - http://ww3.sinaimg.cn/mw600/66b3de17gw1f7liv6pmt3j20ra0hh0vh.jpg
[2016-09-10 12:00:39.400] [INFO] scrapy - http://ww1.sinaimg.cn/mw600/701cac0cgw1f7m0ck2y9xj20ak09sdga.jpg
[2016-09-10 12:00:39.416] [INFO] scrapy - http://ww2.sinaimg.cn/mw600/005wILMcgw1f7iby7qaxbj31kw16oahg.jpg
[2016-09-10 12:00:39.432] [INFO] scrapy - http://ww1.sinaimg.cn/mw600/820f43e8gw1f7l2rc2l80j20gj0f20tg.jpg
[2016-09-10 12:00:39.432] [INFO] scrapy - http://ww4.sinaimg.cn/mw600/66b3de17gw1f7kwv4qt3tj20dg0k3tad.jpg
[2016-09-10 12:00:39.463] [INFO] scrapy - http://ww2.sinaimg.cn/mw600/a5c9eeb7jw1f7lf7kk95sj20cs0crgne.jpg
[2016-09-10 12:00:39.478] [INFO] scrapy - http://ww4.sinaimg.cn/mw600/c0788b86jw1f7k2atpg2xj20c80elmyh.jpg
[2016-09-10 12:00:39.478] [INFO] scrapy - http://ww3.sinaimg.cn/mw600/6cca1403jw1f7kwtsatrdj20k00njn0y.jpg
[2016-09-10 12:00:39.494] [INFO] scrapy - http://ww3.sinaimg.cn/mw600/56682a80gw1f7l3not3juj21kw0gqdl8.jpg
[2016-09-10 12:00:39.494] [INFO] scrapy - http://ww3.sinaimg.cn/mw600/54a5e40dgw1f7lszditfoj20j60as0vr.jpg
[2016-09-10 12:00:39.510] [INFO] scrapy - http://ww3.sinaimg.cn/mw600/772f7f53gw1f7l8t9ee1rj20d30l77c8.jpg
[2016-09-10 12:00:39.510] [INFO] scrapy - http://ww4.sinaimg.cn/mw600/66b3de17gw1f7kwv5t38nj20or0fyjue.jpg
[2016-09-10 12:00:39.541] [INFO] scrapy - http://ww2.sinaimg.cn/mw600/496b2a65jw1f7l200hy30j20hs0b476d.jpg
[2016-09-10 12:00:39.556] [INFO] scrapy - http://ww4.sinaimg.cn/mw600/68f6e545jw1f7ljhqlq4dj20hm09xwgt.jpg
[2016-09-10 12:00:39.556] [INFO] scrapy - http://ww2.sinaimg.cn/mw600/006rbnaugw1f7k7d574o8j30gm0b0763.jpg
[2016-09-10 12:00:39.603] [INFO] scrapy - http://ww3.sinaimg.cn/mw600/a00dfa2agw1f7ldi11t9qj20k00f0wfy.jpg
[2016-09-10 12:00:39.603] [INFO] scrapy - http://ww3.sinaimg.cn/thumb180/444d7111jw1f7l7zz0mywg20b60b6qvn.gif
[2016-09-10 12:00:39.603] [INFO] scrapy - http://ww2.sinaimg.cn/mw600/a905b8d7gw1f7ill3v5l0j20qo0zkdnr.jpg
[2016-09-10 12:00:39.619] [INFO] scrapy - http://ww4.sinaimg.cn/mw600/006yC9r4gw1f7l4a511ztj30ll0cuwez.jpg
[2016-09-10 12:00:39.634] [INFO] scrapy - http://ww4.sinaimg.cn/mw600/6f6dd22bgw1f73vhugebdj20rx0kudka.jpg
[2016-09-10 12:00:39.681] [INFO] scrapy - http://ww3.sinaimg.cn/mw600/496b2a65jw1f7l203h2v5j20hs0b40u5.jpg
[2016-09-10 12:00:39.681] [INFO] scrapy - http://ww3.sinaimg.cn/mw600/444d7111jw1f7kz0ywxptj20go0khmyh.jpg
[2016-09-10 12:00:39.712] [INFO] scrapy - http://ww3.sinaimg.cn/mw600/6a75558fjw1f7kt0j19zcj20dc082t94.jpg
[2016-09-10 12:00:39.759] [INFO] scrapy - http://ww3.sinaimg.cn/mw600/006fRatljw1f7kyegc51mj30rs0ku0uw.jpg
[2016-09-10 12:00:39.775] [INFO] scrapy - http://ww3.sinaimg.cn/mw600/66b3de17gw1f7ldl0vmaej20i208w3zb.jpg
[2016-09-10 12:00:39.822] [INFO] scrapy - http://ww4.sinaimg.cn/mw600/bc4deecajw1f7m1g65e2tj20h109nmz1.jpg
[2016-09-10 12:00:39.837] [INFO] scrapy - http://ww1.sinaimg.cn/mw600/68f6e545jw1f7lj5utjagj20g409nmz0.jpg
[2016-09-10 12:00:39.853] [ERROR] scrapy - uncaughtException : Error: read ECONNRESET
    at exports._errnoException (util.js:870:11)
    at TCP.onread (net.js:552:26)
[2016-09-10 12:00:39.900] [INFO] scrapy - http://ww4.sinaimg.cn/mw600/709c4f1fjw1f7m36ad87hj20k00r0whm.jpg
[2016-09-10 12:00:39.946] [INFO] scrapy - http://ww2.sinaimg.cn/mw600/ea2bbb57gw1f7kvtd9r7fj20gj0ccmyq.jpg
[2016-09-10 12:00:39.962] [INFO] scrapy - http://ww1.sinaimg.cn/mw600/c0788b86jw1f7k2atu4quj20hu0ht401.jpg
[2016-09-10 12:00:39.978] [INFO] scrapy - http://ww1.sinaimg.cn/mw600/005TDM0mjw1f6pwkumvjfj30ba18g77h.jpg
[2016-09-10 12:00:39.993] [INFO] scrapy - http://ww1.sinaimg.cn/mw600/68f6e545jw1f7l9lzil46j20jg09bwfr.jpg
[2016-09-10 12:00:40.009] [INFO] scrapy - http://ww1.sinaimg.cn/mw600/66b3de17gw1f7libdsiyyj20hv0bl40e.jpg
[2016-09-10 12:00:40.071] [INFO] scrapy - http://ww2.sinaimg.cn/mw600/a905b8d7gw1f7ill38i3tj20hs0kk0v8.jpg
[2016-09-10 12:00:40.087] [INFO] scrapy - http://ww4.sinaimg.cn/mw600/68f6e545jw1f7l9k2vlqxj20cs08zgm2.jpg
[2016-09-10 12:00:40.087] [INFO] scrapy - http://ww3.sinaimg.cn/mw600/005zgTSzgw1f7jysfstgjj30k00qowgw.jpg
[2016-09-10 12:00:40.087] [INFO] scrapy - http://ww2.sinaimg.cn/mw600/68f6e545jw1f7ljhfm98zj20hm0br76f.jpg
[2016-09-10 12:00:40.102] [INFO] scrapy - http://ww1.sinaimg.cn/mw600/66b3de17gw1f7ldkycetej20fa0ixtao.jpg
[2016-09-10 12:00:40.102] [INFO] scrapy - http://ww2.sinaimg.cn/mw600/622b9bf5gw1f7lf5r3lm2j20k00zkgow.jpg
[2016-09-10 12:00:40.118] [INFO] scrapy - http://ww3.sinaimg.cn/mw600/6cca1403jw1f7l0c0utnuj20gd0ghwgj.jpg
[2016-09-10 12:00:40.118] [INFO] scrapy - http://ww2.sinaimg.cn/mw600/6dd57921jw1f7l2wjm306j20ig0o5wge.jpg
[2016-09-10 12:00:40.165] [INFO] scrapy - http://ww2.sinaimg.cn/mw600/a905b8d7gw1f7ill2otfwj20qo0zlq8l.jpg
[2016-09-10 12:00:40.196] [INFO] scrapy - http://ww3.sinaimg.cn/mw600/71021e17gw1f7jxcjimpej20j60osq4v.jpg
[2016-09-10 12:00:40.212] [INFO] scrapy - http://ww2.sinaimg.cn/mw600/93c0135dgw1f7l3yzqjr7j20hs0notb7.jpg
[2016-09-10 12:00:40.212] [INFO] scrapy - http://ww1.sinaimg.cn/mw600/88c184bcgw1f7m33n75dyj20f00qoq5o.jpg
[2016-09-10 12:00:40.212] [INFO] scrapy - http://ww1.sinaimg.cn/mw600/496b2a65jw1f7l1zx1983j20hs0b475s.jpg
[2016-09-10 12:00:40.227] [INFO] scrapy - http://ww3.sinaimg.cn/mw600/66b3de17gw1f7ldkz8ibsj20i20dsjsb.jpg
[2016-09-10 12:00:40.430] [INFO] scrapy - http://ww2.sinaimg.cn/mw600/88c184bcgw1f7m09c0xofj20g409paab.jpg
[2016-09-10 12:00:40.446] [INFO] scrapy - http://ww4.sinaimg.cn/mw600/6200e46agw1f7l3aydrfqj20go0b4djz.jpg
[2016-09-10 12:00:40.492] [INFO] scrapy - http://ww2.sinaimg.cn/mw600/66b3de17gw1f7ldl031onj20bd0jg756.jpg
[2016-09-10 12:00:40.508] [INFO] scrapy - http://ww3.sinaimg.cn/mw600/005TDM0mjw1f7l019ve1oj30jg08st9o.jpg
[2016-09-10 12:00:40.524] [INFO] scrapy - http://ww4.sinaimg.cn/mw600/68f6e545jw9f7lj6y6t8nj20ku0q7n30.jpg
[2016-09-10 12:00:40.524] [INFO] scrapy - http://ww2.sinaimg.cn/mw600/62de0d6dgw1f7kt0yp08kj20gk0okn1a.jpg
[2016-09-10 12:00:40.555] [INFO] scrapy - http://ww2.sinaimg.cn/mw600/474b7b17gw1f7cxduanroj20qo0zk10s.jpg
[2016-09-10 12:00:40.555] [INFO] scrapy - http://ww3.sinaimg.cn/mw600/005wILMcgw1f7iby4wvp7j31kw16on63.jpg
[2016-09-10 12:00:40.586] [INFO] scrapy - http://ww2.sinaimg.cn/mw600/68f6e545jw1f7lj5ve3hkj20g409nwgq.jpg
[2016-09-10 12:00:40.586] [INFO] scrapy - http://ww3.sinaimg.cn/mw600/85972563jw1f7lxux7thoj20es0xv7a7.jpg
[2016-09-10 12:00:40.586] [INFO] scrapy - http://ww2.sinaimg.cn/mw600/83f596c9gw1f7m1wwtc1ej20ia0rfq9a.jpg
[2016-09-10 12:00:40.695] [INFO] scrapy - http://ww4.sinaimg.cn/mw600/81b2131agw1f7l3ql2l63j20ku112wkw.jpg
[2016-09-10 12:24:06.187] [INFO] scrapy - http://ww4.sinaimg.cn/thumb180/7c0f6495jw1f7nqhffnykg20dc07h1l6.gif
[2016-09-10 12:24:06.187] [INFO] scrapy - http://ww4.sinaimg.cn/thumb180/444d7111jw1f7npizzh8zg207q049x6x.gif
[2016-09-10 12:24:06.187] [INFO] scrapy - http://ww1.sinaimg.cn/thumb180/971c56fdgw1eiw1f1ba0fg20dw07e4qs.gif
[2016-09-10 12:24:06.187] [INFO] scrapy - http://ww4.sinaimg.cn/thumb180/a00dfa2agw1f7npylgtvrg20bo06ib2c.gif
[2016-09-10 12:24:06.187] [INFO] scrapy - http://ww4.sinaimg.cn/thumb180/a00dfa2agw1f7lrozlvdgg20b4069e86.gif
[2016-09-10 12:24:06.187] [INFO] scrapy - http://ww4.sinaimg.cn/thumb180/68f6e545jw1f7nrazckfyg208a08i7wi.gif
[2016-09-10 12:24:06.218] [INFO] scrapy - http://ww2.sinaimg.cn/thumb180/444d7111jw1eiv52oing7g20aw05itm9.gif
[2016-09-10 12:24:06.312] [INFO] scrapy - http://ww1.sinaimg.cn/thumb180/444d7111jw1eiwvd7era5g209l09eheb.gif
[2016-09-10 12:24:06.312] [INFO] scrapy - http://ww1.sinaimg.cn/mw600/6c326847gw1f7nq6iiuooj20m90dd40f.jpg
[2016-09-10 12:24:06.327] [INFO] scrapy - http://ww1.sinaimg.cn/mw600/6c326847gw1f7nq6h7x4zj20m90dggnl.jpg
[2016-09-10 12:24:06.327] [INFO] scrapy - http://ww1.sinaimg.cn/mw600/ddf0f092gw1eiurlfwt3ej20pt0h70v2.jpg
[2016-09-10 12:24:06.452] [INFO] scrapy - http://ww3.sinaimg.cn/mw600/68f6e545jw1f7nm56s8zmj20go09d3za.jpg
[2016-09-10 12:24:06.670] [INFO] scrapy - http://ww3.sinaimg.cn/thumb180/818fb8a7gw1eitnswyf7sg20dw07m7wl.gif
[2016-09-10 12:24:06.702] [INFO] scrapy - http://ww4.sinaimg.cn/mw600/66b3de17gw1f7obaw450ej20jg0czwfy.jpg
[2016-09-10 12:24:06.764] [INFO] scrapy - http://ww1.sinaimg.cn/mw600/68f6e545jw1f7nm575a13j20go0b3gmh.jpg
[2016-09-10 12:24:06.780] [INFO] scrapy - http://ww2.sinaimg.cn/mw600/68f6e545jw1f7nlwaw6ohj20go0goabi.jpg
[2016-09-10 12:24:07.216] [INFO] scrapy - http://ww2.sinaimg.cn/mw600/66b3de17gw1f7obpf9w8fj20qi0hxadu.jpg
[2016-09-10 12:24:07.232] [INFO] scrapy - http://ww4.sinaimg.cn/mw600/a00dfa2agw1f7o4qhdn3vj20mj0mjju1.jpg
[2016-09-10 12:24:07.294] [INFO] scrapy - http://ww2.sinaimg.cn/mw600/ce1efe9ajw1f7nqg93l31j20iw0dygma.jpg
[2016-09-10 12:24:07.326] [INFO] scrapy - http://ww2.sinaimg.cn/thumb180/53baa713gw1eiunyqd41ug208w060b2b.gif
[2016-09-10 12:24:07.419] [INFO] scrapy - http://ww2.sinaimg.cn/mw600/68f6e545jw1f7nlwb8fduj20go0b7js3.jpg
[2016-09-10 12:24:07.450] [INFO] scrapy - http://ww1.sinaimg.cn/mw600/68f6e545jw1f7nm57m30ij20go0glwfy.jpg
[2016-09-10 12:24:07.528] [INFO] scrapy - http://ww2.sinaimg.cn/mw600/91e4a538gw1f7naifdnylj20c00b0glq.jpg
[2016-09-10 12:24:07.560] [INFO] scrapy - http://ww4.sinaimg.cn/mw600/91e4a538gw1f7naie8kudj20c00b5aad.jpg
[2016-09-10 12:24:07.638] [INFO] scrapy - http://ww4.sinaimg.cn/thumb180/68f6e545jw1f7o9j624d7g209q09q7ws.gif
[2016-09-10 12:24:07.653] [INFO] scrapy - http://ww3.sinaimg.cn/mw600/66b3de17gw1f7obk8035bj20dw0jxt9k.jpg
[2016-09-10 12:24:07.653] [INFO] scrapy - http://ww2.sinaimg.cn/thumb180/444d7111jw1eiwa6x8jopg205k046x6p.gif
[2016-09-10 12:24:07.731] [INFO] scrapy - http://ww2.sinaimg.cn/thumb180/68f6e545jw1f7o9qgo39wg209q09qe8g.gif
[2016-09-10 12:24:07.747] [INFO] scrapy - http://ww2.sinaimg.cn/mw600/6a199e59gw1f7nkta5s4pj20z00rb42q.jpg
[2016-09-10 12:24:07.747] [INFO] scrapy - http://ww2.sinaimg.cn/mw600/6c326847gw1f7nq6ikv17j20ma0dmwg6.jpg
[2016-09-10 12:24:07.762] [INFO] scrapy - http://ww2.sinaimg.cn/thumb180/ddf0f092gw1eiv8b62nvng20bu08akjq.gif
[2016-09-10 12:24:07.778] [INFO] scrapy - http://ww4.sinaimg.cn/mw600/4d5a5634gw1f7nwp2a4k2j20zk0qojtm.jpg
[2016-09-10 12:24:07.794] [INFO] scrapy - pic finished
[2016-09-10 12:24:07.794] [INFO] scrapy - http://ww2.sinaimg.cn/mw600/6c326847gw1f7nq6jjn0hj20ma0dfjtd.jpg
[2016-09-10 12:24:07.794] [INFO] scrapy - http://ww2.sinaimg.cn/thumb180/e8f7fe70gw1eepfpnbrd6g206y0547wj.gif
[2016-09-10 12:24:07.809] [INFO] scrapy - http://ww3.sinaimg.cn/mw600/6c326847gw1f7nq6ht241j20m90dl40l.jpg
[2016-09-10 12:24:07.809] [INFO] scrapy - http://ww1.sinaimg.cn/mw600/8924c0ffjw1f7n6p024rzj20as0cq755.jpg
[2016-09-10 12:24:07.809] [INFO] scrapy - http://ww4.sinaimg.cn/mw600/7c0f6495jw1f7nqip2mk5j20zk12yh5z.jpg
[2016-09-10 12:24:07.825] [INFO] scrapy - http://ww3.sinaimg.cn/mw600/66b3de17gw1f7obav4taij20jg0czjsv.jpg
[2016-09-10 12:24:07.840] [INFO] scrapy - http://ww1.sinaimg.cn/mw600/91e4a538gw1f7naiedhtzj20c00b5glw.jpg
[2016-09-10 12:24:07.856] [INFO] scrapy - http://ww4.sinaimg.cn/mw600/6cca1403jw1f7nglvn9icj20gn0dijrq.jpg
[2016-09-10 12:24:07.887] [INFO] scrapy - http://ww3.sinaimg.cn/mw600/68f6e545jw1f7nm58zgufj20go0ci757.jpg
[2016-09-10 12:24:07.887] [INFO] scrapy - http://ww2.sinaimg.cn/mw600/68f6e545jw1f7o8bni8vlj20us0mtwga.jpg
[2016-09-10 12:24:07.887] [INFO] scrapy - http://ww3.sinaimg.cn/mw600/62bbd658jw1f7nkavvhitj21hc0u0agj.jpg
[2016-09-10 12:24:07.918] [INFO] scrapy - http://ww4.sinaimg.cn/thumb180/006g7k7pgw1f7o69a60uzg307s05ukjn.gif
[2016-09-10 12:24:07.934] [INFO] scrapy - http://ww1.sinaimg.cn/mw600/005yxpy7gw1f7miog5extj30ek21wthf.jpg
[2016-09-10 12:24:07.934] [INFO] scrapy - http://ww3.sinaimg.cn/mw600/6cca1403jw1f7ngipsq1nj20gn09caak.jpg
[2016-09-10 12:24:07.950] [INFO] scrapy - http://ww2.sinaimg.cn/thumb180/a00dfa2agw1f7lrr7ijtxg20bo06ix6r.gif
[2016-09-10 12:24:07.965] [INFO] scrapy - http://ww3.sinaimg.cn/thumb180/818fb8a7gw1eitow6pw2fg20gn09dnpd.gif
[2016-09-10 12:24:07.996] [INFO] scrapy - http://ww1.sinaimg.cn/mw600/6cca1403jw1f7nf14aj1bj20gh0ho0to.jpg
[2016-09-10 12:24:08.012] [INFO] scrapy - http://ww2.sinaimg.cn/mw600/6cca1403jw1f7nfns7altj20e30ho75k.jpg
[2016-09-10 12:24:08.012] [INFO] scrapy - http://ww2.sinaimg.cn/mw600/66b3de17gw1f7obk7nw11j20a00dcglw.jpg
[2016-09-10 12:24:08.012] [INFO] scrapy - http://ww3.sinaimg.cn/mw600/68f6e545jw1f7nm5839v0j20go0gmq4h.jpg
[2016-09-10 12:24:08.012] [INFO] scrapy - http://ww3.sinaimg.cn/thumb180/a00dfa2agw1f7o4te1uscg20bo04z1kx.gif
[2016-09-10 12:24:08.043] [INFO] scrapy - http://ww4.sinaimg.cn/thumb180/68f6e545jw1f7o7eq40mmg208c08ce8i.gif
[2016-09-10 12:24:08.121] [INFO] scrapy - http://ww2.sinaimg.cn/mw600/6a34bab2tw1ds6ewrdk9oj.jpg
[2016-09-10 12:24:08.152] [INFO] scrapy - http://ww2.sinaimg.cn/thumb180/68f6e545jw1f7njgtiibgg20b40681lc.gif
[2016-09-10 12:24:08.168] [INFO] scrapy - http://ww1.sinaimg.cn/mw600/709c1d31gw1eivux6p06mj20jx0xcq9m.jpg
[2016-09-10 12:24:08.184] [INFO] scrapy - http://ww2.sinaimg.cn/mw600/68f6e545jw1f7nlwakuhsj20go0jydhk.jpg
[2016-09-10 12:24:08.199] [INFO] scrapy - http://ww2.sinaimg.cn/thumb180/92df48cfjw1f7objnxxmwg208c068e83.gif
[2016-09-10 12:24:08.215] [INFO] scrapy - http://ww4.sinaimg.cn/mw600/6913fc10gw1f7njdqi5hpj20cs078dgy.jpg
[2016-09-10 12:24:08.230] [INFO] scrapy - http://ww2.sinaimg.cn/mw600/6cca1403jw1f7nf72qwczj20gh0cbt9r.jpg
[2016-09-10 12:24:08.246] [INFO] scrapy - http://ww4.sinaimg.cn/mw600/a5c9eeb7jw1f7njad5yd0j20dw0kigow.jpg
[2016-09-10 12:24:08.308] [INFO] scrapy - http://ww4.sinaimg.cn/mw600/68f6e545jw1f7nlwcnvh1j20go0dawfr.jpg
[2016-09-10 12:24:08.355] [INFO] scrapy - http://ww2.sinaimg.cn/mw600/a00dfa2agw1f7mfsuzbmfj20nv0lbn2k.jpg
[2016-09-10 12:24:08.355] [INFO] scrapy - http://ww3.sinaimg.cn/mw600/6b38454fgw1f7mibrnoj5j20ku0ruwgc.jpg
[2016-09-10 12:24:08.355] [INFO] scrapy - http://ww3.sinaimg.cn/mw600/68f6e545jw1f7nlwbtzh1j20go0gojsp.jpg
[2016-09-10 12:24:08.402] [INFO] scrapy - http://ww3.sinaimg.cn/mw600/709c1d31gw1eiwc2wyvu7j20c20dw0uv.jpg
[2016-09-10 12:24:08.449] [INFO] scrapy - http://ww2.sinaimg.cn/mw600/4d5a5634gw1f7nwoyv5ldj20zk0qoadl.jpg
[2016-09-10 12:24:08.480] [INFO] scrapy - http://ww2.sinaimg.cn/mw600/6cca1403jw1f7nglelj7sj20gm0cfdg7.jpg
[2016-09-10 12:24:08.496] [INFO] scrapy - http://ww2.sinaimg.cn/mw600/444d7111jw1f7np3o3pn5j20go0xpn42.jpg
[2016-09-10 12:24:08.511] [INFO] scrapy - http://ww3.sinaimg.cn/mw600/444d7111jw1f7npd1kfvmj208w0cgwfe.jpg
[2016-09-10 12:24:08.527] [INFO] scrapy - http://ww4.sinaimg.cn/mw600/83f596c9gw1f7o87awcl7j20ia0mvgqp.jpg
[2016-09-10 12:24:08.542] [INFO] scrapy - http://ww3.sinaimg.cn/mw600/66b3de17gw1f7obpem00kj20j80ddt9r.jpg
[2016-09-10 12:24:08.558] [INFO] scrapy - http://ww4.sinaimg.cn/mw600/68f6e545jw1f7o972ek12j20u00u0n3d.jpg
[2016-09-10 12:24:08.574] [INFO] scrapy - http://ww2.sinaimg.cn/mw600/005yxpy7gw1f7mioih7zgj30gi1natfl.jpg
[2016-09-10 12:24:08.574] [INFO] scrapy - http://ww3.sinaimg.cn/mw600/4d5a5634gw1f7nwp0obb5j20zk0qognj.jpg
[2016-09-10 12:24:08.574] [INFO] scrapy - http://ww2.sinaimg.cn/thumb180/68f6e545jw1f7nkcitkfag206y06ye8c.gif
[2016-09-10 12:24:08.605] [INFO] scrapy - http://ww2.sinaimg.cn/mw600/6cca1403jw1f7n8mhq305j20k00s8tdw.jpg
[2016-09-10 12:24:08.620] [INFO] scrapy - http://ww2.sinaimg.cn/thumb180/a00dfa2agw1f7o5slum5ng20b407c7wj.gif
[2016-09-10 12:24:08.636] [INFO] scrapy - http://ww1.sinaimg.cn/mw600/63136032gw1f7nh3jkkvlj20jg0f042q.jpg
[2016-09-10 12:24:08.667] [INFO] scrapy - http://ww3.sinaimg.cn/mw600/709c1d31gw1eivvga64abj20jw0mxaed.jpg
[2016-09-10 12:24:08.698] [INFO] scrapy - http://ww2.sinaimg.cn/mw600/c33f320fgw1f7o7uaxfbvj20h80qo0ur.jpg
[2016-09-10 12:24:08.714] [INFO] scrapy - http://ww2.sinaimg.cn/mw600/005yxpy7gw1f7mioby0paj30ec109n13.jpg
[2016-09-10 12:24:08.792] [INFO] scrapy - http://ww3.sinaimg.cn/mw600/83f596c9gw1f7o87cerigj20f00mijze.jpg
[2016-09-10 12:24:08.792] [INFO] scrapy - http://ww3.sinaimg.cn/mw600/66b3de17gw1f7obka1h0aj20g00irq3y.jpg
[2016-09-10 12:24:08.808] [INFO] scrapy - http://ww1.sinaimg.cn/mw600/7c0f6495jw1f7nqqq17s7j20te186neo.jpg
[2016-09-10 12:24:08.886] [INFO] scrapy - http://ww2.sinaimg.cn/mw600/83f596c9gw1f7o87bvxs1j20ia0pb43n.jpg
[2016-09-10 12:24:08.901] [INFO] scrapy - http://ww3.sinaimg.cn/mw600/005DZGGHgw1f7nqtg9guwj30i50r8agk.jpg
[2016-09-10 12:24:09.198] [INFO] scrapy - http://ww4.sinaimg.cn/mw600/68f6e545jw1f7o7os8vwyj20h82gf7ax.jpg
[2016-09-10 12:24:09.244] [INFO] scrapy - http://ww3.sinaimg.cn/mw600/83f596c9gw1f7o87bie9kj20ia0wiwot.jpg
[2016-09-10 12:24:10.087] [INFO] scrapy - http://ww4.sinaimg.cn/mw600/5ca04f68jw1f7ly90y8m4j204606s3yo.jpg
[2016-09-10 12:24:10.102] [INFO] scrapy - http://ww4.sinaimg.cn/mw600/a00dfa2agw1f7mwuatipgj20ci0goglx.jpg
[2016-09-10 12:24:10.102] [INFO] scrapy - http://ww1.sinaimg.cn/thumb180/a00dfa2agw1f7mx3lvkwlg20fu08x4qq.gif
[2016-09-10 12:24:10.102] [INFO] scrapy - http://ww1.sinaimg.cn/thumb180/56682a80gw1f7mzxfxdtgg207i04ewzd.gif
[2016-09-10 12:24:10.134] [INFO] scrapy - http://ww1.sinaimg.cn/thumb180/56682a80gw1f7mzxf1mypg206y08tu0y.gif
[2016-09-10 12:24:10.196] [INFO] scrapy - http://ww4.sinaimg.cn/thumb180/66b3de17gw1f7mmulhibxg208c0851l0.gif
[2016-09-10 12:24:10.336] [INFO] scrapy - http://ww2.sinaimg.cn/mw600/005IJY64jw1f7mnrk5ub3j30qo0u4q7c.jpg
[2016-09-10 12:24:10.352] [INFO] scrapy - http://ww1.sinaimg.cn/mw600/5ca04f68jw1f7ly90s8fej20g409fabr.jpg
[2016-09-10 12:24:10.399] [INFO] scrapy - http://ww4.sinaimg.cn/thumb180/42b97fafgw1f7n44o2y88g20cs04ye84.gif
[2016-09-10 12:24:10.446] [INFO] scrapy - http://ww4.sinaimg.cn/mw600/9dcdcb65gw1f7ixfqkrtbj20go0ci757.jpg
[2016-09-10 12:24:10.570] [INFO] scrapy - http://ww4.sinaimg.cn/mw600/67c6cf9dgw1f7l92uciglj211y0lcn49.jpg
[2016-09-10 12:24:10.570] [INFO] scrapy - http://ww3.sinaimg.cn/mw600/9b984c63gw1f7k8gxh8soj20cg0hsab0.jpg
[2016-09-10 12:24:10.633] [INFO] scrapy - http://ww3.sinaimg.cn/mw600/67c6cf9dgw1f7l92pahvwj211y0lcjxk.jpg
[2016-09-10 12:24:10.695] [INFO] scrapy - http://ww4.sinaimg.cn/thumb180/7140f715gw1f7n6514wmag20dc0a0he0.gif
[2016-09-10 12:24:10.711] [INFO] scrapy - http://ww3.sinaimg.cn/mw600/6cca1403jw1f7ng07buwfj20gg0hpgmr.jpg
[2016-09-10 12:24:10.742] [INFO] scrapy - http://ww1.sinaimg.cn/mw600/665936begw1f7mje47y9yj21210ze76c.jpg
[2016-09-10 12:24:10.758] [INFO] scrapy - http://ww4.sinaimg.cn/mw600/006977Htjw1f7m7b39mrbj30d00kugoi.jpg
[2016-09-10 12:24:10.804] [INFO] scrapy - http://ww1.sinaimg.cn/mw600/9b984c63gw1f7k8gtv9n4j20fo0nwjso.jpg
[2016-09-10 12:24:10.804] [INFO] scrapy - http://ww2.sinaimg.cn/thumb180/bcc93f49gw1f7n4rljr8eg206y06xx6p.gif
[2016-09-10 12:24:10.820] [INFO] scrapy - http://ww2.sinaimg.cn/thumb180/a82b014bjw1f7mmekjy09g20f008au15.gif
[2016-09-10 12:24:10.851] [INFO] scrapy - http://ww1.sinaimg.cn/mw600/67c6cf9dgw1f7l92t4yu9j211y0lcjy5.jpg
[2016-09-10 12:24:10.851] [INFO] scrapy - http://ww3.sinaimg.cn/mw600/005Bd8p4gw1f7n4q58rfaj30hs0hs75c.jpg
[2016-09-10 12:24:10.960] [INFO] scrapy - http://ww1.sinaimg.cn/thumb180/3e3666efjw1f7n7t8x36xg20ci071e85.gif
[2016-09-10 12:24:10.976] [INFO] scrapy - http://ww4.sinaimg.cn/mw600/444d7111gw1f7nvrr4st7j20dc6mcb29.jpg
[2016-09-10 12:24:11.023] [INFO] scrapy - http://ww4.sinaimg.cn/mw600/7c0f6495jw1f7mkx6wl5wj20ku0famyk.jpg
[2016-09-10 12:24:11.148] [INFO] scrapy - http://ww2.sinaimg.cn/mw600/56682a80gw1f7mzxg675bj20f00a0abx.jpg
[2016-09-10 12:24:11.163] [INFO] scrapy - http://ww4.sinaimg.cn/mw600/67c6cf9dgw1f7l92v23bvj211y0lc474.jpg
[2016-09-10 12:24:11.210] [INFO] scrapy - http://ww4.sinaimg.cn/mw600/a6f837bcgw1f7n3iyxpryj20qo0zkgrx.jpg
[2016-09-10 12:24:11.226] [INFO] scrapy - http://ww2.sinaimg.cn/mw600/9dcdcb65gw1f7ixftvq1cj20c80gfwfa.jpg
[2016-09-10 12:24:11.288] [INFO] scrapy - http://ww4.sinaimg.cn/mw600/a82b014bjw1f7n8mucqloj20dp0ckdh0.jpg
[2016-09-10 12:24:11.319] [INFO] scrapy - http://ww1.sinaimg.cn/mw600/762b96edjw1f7ipdz764sj20go0m8dgw.jpg
[2016-09-10 12:24:11.444] [INFO] scrapy - http://ww4.sinaimg.cn/mw600/762b96edjw1f7ipmf7wlkj20go0cimxt.jpg
[2016-09-10 12:24:11.460] [INFO] scrapy - http://ww1.sinaimg.cn/mw600/6106a4f0gw1f7n4wwk6zpj20hs0angnq.jpg
[2016-09-10 12:24:11.506] [INFO] scrapy - http://ww3.sinaimg.cn/mw600/6200e46agw1f7n5mikqohj20ri0icgtz.jpg
[2016-09-10 12:24:11.538] [INFO] scrapy - http://ww2.sinaimg.cn/mw600/a6f837bcgw1f7n3ivwv1tj20qo0zkgrx.jpg
[2016-09-10 12:24:11.553] [INFO] scrapy - http://ww4.sinaimg.cn/mw600/c0788b86jw1f7n8anpj7hj20p00xcwks.jpg
[2016-09-10 12:24:11.553] [INFO] scrapy - http://ww2.sinaimg.cn/mw600/9b984c63gw1f7k8gyn4qlj20fo0lhwfd.jpg
[2016-09-10 12:24:11.569] [INFO] scrapy - http://ww4.sinaimg.cn/mw600/a00dfa2agw1f7mfnl7yymj20jg0b9jt8.jpg
[2016-09-10 12:24:11.569] [INFO] scrapy - http://ww2.sinaimg.cn/mw600/006xvkvkgw1f7mnwij92yj30e70f40ts.jpg
[2016-09-10 12:24:11.600] [INFO] scrapy - http://ww1.sinaimg.cn/mw600/9b984c63gw1f7k8gu7fu7j20fo0ljq41.jpg
[2016-09-10 12:24:11.616] [INFO] scrapy - pic finished
[2016-09-10 12:24:11.631] [INFO] scrapy - http://ww3.sinaimg.cn/thumb180/a111d766jw1f7n3azo32og208n06j7wj.gif
[2016-09-10 12:24:11.631] [INFO] scrapy - http://ww3.sinaimg.cn/mw600/762b96edjw1f7iphete41j20go0m8wfx.jpg
[2016-09-10 12:24:11.631] [INFO] scrapy - http://ww2.sinaimg.cn/mw600/67c6cf9dgw1f7l92qj23aj211y0lcjy5.jpg
[2016-09-10 12:24:11.662] [INFO] scrapy - http://ww3.sinaimg.cn/thumb180/3e3666efjw1f7mclsq9f9g20dw07tu12.gif
[2016-09-10 12:24:11.694] [INFO] scrapy - http://ww2.sinaimg.cn/thumb180/7c0f6495jw1f7mkx543iyg208r0auwg1.gif
[2016-09-10 12:24:11.709] [INFO] scrapy - http://ww2.sinaimg.cn/mw600/9b984c63gw1f7k8gwhzsrj20fo0vzwfg.jpg
[2016-09-10 12:24:11.709] [INFO] scrapy - http://ww4.sinaimg.cn/mw600/a82b014bjw1f7n8mxkp8wj20fz0c941s.jpg
[2016-09-10 12:24:11.740] [INFO] scrapy - http://ww3.sinaimg.cn/mw600/cfce7b59jw1f7n6nn3y2sj20np0hx7a0.jpg
[2016-09-10 12:24:11.740] [INFO] scrapy - http://ww2.sinaimg.cn/mw600/9dcdcb65gw1f7ixfsignbj20c80gymy4.jpg
[2016-09-10 12:24:11.756] [INFO] scrapy - http://ww1.sinaimg.cn/mw600/6106a4f0gw1f7n4x47t93j20960go76e.jpg
[2016-09-10 12:24:11.772] [INFO] scrapy - http://ww1.sinaimg.cn/mw600/62de0d6dgw1f79qtfqvxgj20ku11241r.jpg
[2016-09-10 12:24:11.818] [INFO] scrapy - http://ww3.sinaimg.cn/mw600/61b69811gw1f7mx5i11vdj20hs0k141t.jpg
[2016-09-10 12:24:11.850] [INFO] scrapy - http://ww1.sinaimg.cn/thumb180/3e3666efjw1f7n3xyppw8g207r07s4qv.gif
[2016-09-10 12:24:11.865] [INFO] scrapy - http://ww4.sinaimg.cn/mw600/762b96edjw1f7iphggx6oj20go0m8dhn.jpg
[2016-09-10 12:24:11.881] [INFO] scrapy - http://ww3.sinaimg.cn/thumb180/53ae0b70jw1f4uvg0fksdg208c08xnbm.gif
[2016-09-10 12:24:11.928] [INFO] scrapy - http://ww4.sinaimg.cn/mw600/c0788b86jw1f7n8ao81iqj20zk0qodmc.jpg
[2016-09-10 12:24:11.928] [INFO] scrapy - http://ww4.sinaimg.cn/thumb180/7096f263gw1f7n2kolv5qg207n05kkjl.gif
[2016-09-10 12:24:11.943] [INFO] scrapy - http://ww1.sinaimg.cn/mw600/57420c35gw1f7mkwvxxvnj20go0cidgw.jpg
[2016-09-10 12:24:11.943] [INFO] scrapy - http://ww3.sinaimg.cn/thumb180/a5dd72d5gw1f6z9se7bljg208c065qv5.gif
[2016-09-10 12:24:11.959] [INFO] scrapy - http://ww1.sinaimg.cn/mw600/a6f837bcgw1f7n3j1qhlwj20qo0zkgsk.jpg
[2016-09-10 12:24:11.974] [INFO] scrapy - http://ww3.sinaimg.cn/mw600/a6f837bcgw1f7n3j0o5h6j20qo0zkn3p.jpg
[2016-09-10 12:24:11.974] [INFO] scrapy - http://ww3.sinaimg.cn/mw600/67c6cf9dgw1f7l92o1plrj211y0lc44u.jpg
[2016-09-10 12:24:11.990] [INFO] scrapy - http://ww4.sinaimg.cn/mw600/6106a4f0gw1f7n4x7eawjj20960gota2.jpg
[2016-09-10 12:24:11.990] [INFO] scrapy - http://ww1.sinaimg.cn/mw600/50f733a9gw1f7mpq024rmj20qo12y13c.jpg
[2016-09-10 12:24:12.006] [INFO] scrapy - http://ww3.sinaimg.cn/mw600/88c184bcgw1f7mkmtf141j20f00qo40x.jpg
[2016-09-10 12:24:12.037] [INFO] scrapy - http://ww3.sinaimg.cn/mw600/a6f837bcgw1f7n3j2byn3j20hs0dcgns.jpg
[2016-09-10 12:24:12.130] [INFO] scrapy - http://ww4.sinaimg.cn/mw600/67c6cf9dgw1f7l92vrovvj211y0lcdms.jpg
[2016-09-10 12:24:12.146] [INFO] scrapy - http://ww2.sinaimg.cn/mw600/9b984c63gw1f7k8gv79ddj20fo0c4my6.jpg
[2016-09-10 12:24:12.442] [INFO] scrapy - http://ww1.sinaimg.cn/mw600/62b3b7d5jw1f1omadurunj20qo0zkalc.jpg
[2016-09-10 12:24:12.505] [INFO] scrapy - http://ww1.sinaimg.cn/mw600/a6f837bcgw1f7n3iwzbzzj20qo0zkgtm.jpg
[2016-09-10 12:24:12.598] [INFO] scrapy - http://ww3.sinaimg.cn/mw600/70c0c0cejw1f7n5zjnq8bj21kw0w0ape.jpg
[2016-09-10 12:24:12.630] [INFO] scrapy - http://ww2.sinaimg.cn/mw600/a82b014bgw1f7mm4pyjwej20hs0nptdo.jpg
[2016-09-10 12:24:12.630] [INFO] scrapy - http://ww3.sinaimg.cn/mw600/c5a85a3cgw1f7nczhwkkxj20u07kt1kz.jpg
[2016-09-10 12:24:12.708] [INFO] scrapy - http://ww3.sinaimg.cn/thumb180/8faf3cccjw1f7m6wtsf6lg208e0a9u0x.gif
[2016-09-10 12:24:12.739] [INFO] scrapy - http://ww4.sinaimg.cn/thumb180/3e3666efjw1f7l5ietkc7g208c074x6v.gif
[2016-09-10 12:24:12.801] [INFO] scrapy - http://ww4.sinaimg.cn/mw600/72f96cbagw1f7m7flgwjlj20jg0eldgh.jpg
[2016-09-10 12:24:12.817] [INFO] scrapy - http://ww1.sinaimg.cn/mw600/73e68205gw1f7luzh3rafj20qy0k7adg.jpg
[2016-09-10 12:24:12.879] [INFO] scrapy - http://ww4.sinaimg.cn/mw600/891c9115jw1f7lgq1t5w8j20ql0qodja.jpg
[2016-09-10 12:24:12.910] [INFO] scrapy - http://ww1.sinaimg.cn/mw600/68f6e545jw1f7mp0oph65j20ku2a11kx.jpg
[2016-09-10 12:24:12.926] [INFO] scrapy - http://ww4.sinaimg.cn/mw600/73e68205gw1f7luzem93tj20rs0iiq72.jpg
[2016-09-10 12:24:12.973] [INFO] scrapy - http://ww4.sinaimg.cn/mw600/72f96cbagw1f7m7faw48bj20ne0fego2.jpg
[2016-09-10 12:24:12.988] [INFO] scrapy - http://ww4.sinaimg.cn/mw600/6200e46agw1f7m12sso3fj20ri0gxag4.jpg
[2016-09-10 12:24:12.988] [INFO] scrapy - http://ww1.sinaimg.cn/mw600/875c0777gw1f7in77lktoj218l0x8gui.jpg
[2016-09-10 12:24:13.113] [INFO] scrapy - http://ww4.sinaimg.cn/thumb180/444d7111jw1f7m6aj7ycdg209s07bqvl.gif
[2016-09-10 12:24:13.129] [INFO] scrapy - http://ww1.sinaimg.cn/mw600/6200e46agw1f7m12sdqupj20ri0icq8m.jpg
[2016-09-10 12:24:13.129] [INFO] scrapy - http://ww2.sinaimg.cn/thumb180/3e3666efjw1f7l5junk8zg206p0aaqv9.gif
[2016-09-10 12:24:13.144] [INFO] scrapy - http://ww1.sinaimg.cn/thumb180/3e3666efjw1f7l5j93xs0g20be06qqvc.gif
[2016-09-10 12:24:13.144] [INFO] scrapy - http://ww2.sinaimg.cn/thumb180/3e3666efjw1f7l5lrwt3og20d00a0kjq.gif
[2016-09-10 12:24:13.160] [INFO] scrapy - http://ww1.sinaimg.cn/mw600/73e68205gw1f7lv0elh0kj20ku0fmq5q.jpg
[2016-09-10 12:24:13.160] [INFO] scrapy - http://ww4.sinaimg.cn/thumb180/3e3666efjw1f7l5l0d2qtg208c07vu11.gif
[2016-09-10 12:24:13.238] [INFO] scrapy - http://ww4.sinaimg.cn/thumb180/444d7111jw1f7m5psldt7g20eg0ege8i.gif
[2016-09-10 12:24:13.238] [INFO] scrapy - http://ww2.sinaimg.cn/mw600/e7bf4c79jw1f7jxsaapw9j20q40hf77m.jpg
[2016-09-10 12:24:13.254] [INFO] scrapy - http://ww2.sinaimg.cn/thumb180/3e3666efjw1f7lzlcfrs8g20b4068kjr.gif
[2016-09-10 12:24:13.254] [INFO] scrapy - http://ww2.sinaimg.cn/mw600/74e72fc9jw1f7m5oixza9j20i808lmyr.jpg
[2016-09-10 12:24:13.254] [INFO] scrapy - http://ww2.sinaimg.cn/mw600/9e46ef51gw1f7m5k18xx9j211y16t7br.jpg
[2016-09-10 12:24:13.285] [INFO] scrapy - http://ww2.sinaimg.cn/mw600/73e68205gw1f7luza7takj20ku0fmdi4.jpg
[2016-09-10 12:24:13.285] [INFO] scrapy - http://ww1.sinaimg.cn/mw600/59b4a6d3gw1f7n7iusj9tj20fe182118.jpg
[2016-09-10 12:24:13.363] [INFO] scrapy - http://ww1.sinaimg.cn/thumb180/3e3666efjw1f7m5xuq6ucg20dw07tnpg.gif
[2016-09-10 12:24:13.378] [INFO] scrapy - http://ww2.sinaimg.cn/mw600/73e68205gw1f7luzb2gowj20ku0fm76i.jpg
[2016-09-10 12:24:13.378] [INFO] scrapy - http://ww1.sinaimg.cn/mw600/b2b1bff9jw1f7ldsb5e3ij20mj0gwdkn.jpg
[2016-09-10 12:24:13.534] [INFO] scrapy - http://ww2.sinaimg.cn/mw600/73e68205gw1f7luzjaekgj20z60qo13r.jpg
[2016-09-10 12:24:13.566] [INFO] scrapy - http://ww2.sinaimg.cn/mw600/e7bf4c79jw1f7jxoa7q4cj20d80aw40m.jpg
[2016-09-10 12:24:13.597] [INFO] scrapy - http://ww2.sinaimg.cn/mw600/73e68205gw1f7luzd0g6aj20sg0iytgr.jpg
[2016-09-10 12:24:13.597] [INFO] scrapy - http://ww3.sinaimg.cn/mw600/73e68205gw1f7lv050dxfj20ku0hcn0t.jpg
[2016-09-10 12:24:13.612] [INFO] scrapy - http://ww2.sinaimg.cn/mw600/e7bf4c79jw1f7jxsexemmj21kw11xqfb.jpg
[2016-09-10 12:24:13.628] [INFO] scrapy - http://ww1.sinaimg.cn/mw600/6dd57921jw1f7h9zhmacpj20bg0kumyx.jpg
[2016-09-10 12:24:13.690] [INFO] scrapy - http://ww3.sinaimg.cn/mw600/e7bf4c79jw1f7jxsgmrrgj20lo0c6mz2.jpg
[2016-09-10 12:24:13.940] [INFO] scrapy - http://ww1.sinaimg.cn/mw600/6dd57921jw1f7bpupfbw5j20hn08cmyf.jpg
[2016-09-10 12:24:13.940] [INFO] scrapy - http://ww2.sinaimg.cn/thumb180/6200e46agw1f7m12ojxytg20hs0a0e81.gif
[2016-09-10 12:24:13.940] [INFO] scrapy - http://ww2.sinaimg.cn/thumb180/0067NbT0jw1f7lf64aj3yg30b4069u0x.gif
[2016-09-10 12:24:13.940] [INFO] scrapy - http://ww4.sinaimg.cn/mw600/875c0777gw1f7kz518oeoj20um0pdwkd.jpg
[2016-09-10 12:24:14.314] [INFO] scrapy - http://ww3.sinaimg.cn/thumb180/3e3666efjw1f7lc909vkdg206o08whe1.gif
[2016-09-10 12:24:14.314] [INFO] scrapy - pic finished
[2016-09-10 12:24:14.314] [INFO] scrapy - http://ww4.sinaimg.cn/thumb180/bcc93f49jw1f7lcle58vjg207t07wu0x.gif
[2016-09-10 12:24:14.314] [INFO] scrapy - http://ww1.sinaimg.cn/thumb180/3ebe264djw1f7lzpd2bv0g20d508ckjm.gif
[2016-09-10 12:24:14.361] [INFO] scrapy - http://ww1.sinaimg.cn/mw600/93c0135djw1f7ly5fkjj5j213k0m876t.jpg
[2016-09-10 12:24:14.548] [INFO] scrapy - http://ww4.sinaimg.cn/mw600/bfae17b6gw1f7lr0zt4gmj20zk0npab8.jpg
[2016-09-10 12:24:14.704] [INFO] scrapy - http://ww4.sinaimg.cn/mw600/9eb159fdgw1f7m4s8jfefj20hs0gjq3x.jpg
[2016-09-10 12:24:14.767] [INFO] scrapy - http://ww4.sinaimg.cn/thumb180/006xT4AIjw1f7lt7dq6o1g309m078e82.gif
[2016-09-10 12:24:14.814] [INFO] scrapy - http://ww3.sinaimg.cn/mw600/81a71f0cgw1f7m39ta8nfj20c80cadg9.jpg
[2016-09-10 12:24:14.907] [INFO] scrapy - http://ww3.sinaimg.cn/mw600/005IY1RNgw1f7l8oeuxjpj31kw16h1cd.jpg
[2016-09-10 12:24:15.016] [INFO] scrapy - http://ww4.sinaimg.cn/thumb180/79d73088gw1ewbn0lpe6qg204p03xh8w.gif
[2016-09-10 12:24:15.032] [INFO] scrapy - http://ww2.sinaimg.cn/mw600/69381c07gw1f7m46akupuj20ku0q1tbh.jpg
[2016-09-10 12:24:15.032] [INFO] scrapy - http://ww1.sinaimg.cn/mw600/701cac0cgw1f7m0ck2y9xj20ak09sdga.jpg
[2016-09-10 12:24:15.048] [INFO] scrapy - http://ww2.sinaimg.cn/mw600/0060JcxTjw1f7m1oz9xzlj30qo1bf7c2.jpg
[2016-09-10 12:24:15.063] [INFO] scrapy - http://ww3.sinaimg.cn/mw600/646083e8jw1f7ly5d5gq4j20j60d1my9.jpg
[2016-09-10 12:24:15.094] [INFO] scrapy - http://ww1.sinaimg.cn/mw600/88c184bcgw1f7m33n75dyj20f00qoq5o.jpg
[2016-09-10 12:24:15.157] [INFO] scrapy - http://ww4.sinaimg.cn/mw600/709c4f1fjw1f7m36ad87hj20k00r0whm.jpg
[2016-09-10 12:24:15.188] [INFO] scrapy - http://ww2.sinaimg.cn/mw600/68f6e545jw1f7ljhfm98zj20hm0br76f.jpg
[2016-09-10 12:24:15.219] [INFO] scrapy - http://ww4.sinaimg.cn/thumb180/79d73088gw1ewbn0nga9hg204p03xqm0.gif
[2016-09-10 12:24:15.266] [INFO] scrapy - http://ww2.sinaimg.cn/mw600/93c0135djw1f7ly5grsn7j213k0m8mzn.jpg
[2016-09-10 12:24:15.266] [INFO] scrapy - http://ww3.sinaimg.cn/thumb180/3e3666efjw1f7m4o3ub89g207a04jqpf.gif
[2016-09-10 12:24:15.375] [INFO] scrapy - http://ww2.sinaimg.cn/thumb180/005xuBYcgw1f7krol086yg308w07me4y.gif
[2016-09-10 12:24:15.391] [INFO] scrapy - http://ww4.sinaimg.cn/thumb180/e7bf4c79jw1f7l04gty42g20bo0b41ky.gif
[2016-09-10 12:24:15.391] [INFO] scrapy - http://ww2.sinaimg.cn/mw600/88c184bcgw1f7m09c0xofj20g409paab.jpg
[2016-09-10 12:24:15.406] [INFO] scrapy - http://ww1.sinaimg.cn/mw600/762b96edjw1f7iphe5doxj20dw0dw74v.jpg
[2016-09-10 12:24:15.469] [INFO] scrapy - http://ww3.sinaimg.cn/mw600/7e5e7585gw1f7m3cy4beqj20gl06vdh0.jpg
[2016-09-10 12:24:15.500] [INFO] scrapy - http://ww2.sinaimg.cn/mw600/67ac80b3jw1f7lvmr3s9lj20xc0xctb4.jpg
[2016-09-10 12:24:15.547] [INFO] scrapy - http://ww2.sinaimg.cn/mw600/006dmXaHgw1f7ly53zvxcj30zk0m8782.jpg
[2016-09-10 12:24:15.547] [INFO] scrapy - http://ww3.sinaimg.cn/mw600/4db0e7dagw1f7m457id29j20g40sojuh.jpg
[2016-09-10 12:24:15.547] [INFO] scrapy - http://ww3.sinaimg.cn/mw600/93c0135djw1f7ly5g1l2aj213k0m8wgc.jpg
[2016-09-10 12:24:15.594] [INFO] scrapy - http://ww2.sinaimg.cn/mw600/68f6e545jw1f7lj5ve3hkj20g409nwgq.jpg
[2016-09-10 12:24:15.609] [INFO] scrapy - http://ww1.sinaimg.cn/mw600/88c184bcgw1f7m33n75dyj20f00qoq5o.jpg
[2016-09-10 12:24:15.625] [INFO] scrapy - http://ww1.sinaimg.cn/mw600/66b3de17gw1f7liv8zv0wj20j80dhac1.jpg
[2016-09-10 12:24:15.640] [INFO] scrapy - http://ww4.sinaimg.cn/mw600/93c0135djw1f7ly5gij0kj213k0m80uy.jpg
[2016-09-10 12:24:15.672] [INFO] scrapy - http://ww4.sinaimg.cn/mw600/66b3de17gw1f7liv7n8pwj20q50hzmz1.jpg
[2016-09-10 12:24:15.703] [INFO] scrapy - http://ww2.sinaimg.cn/thumb180/68f6e545jw1f7lyyg3x8yg20hs0a0npq.gif
[2016-09-10 12:24:15.781] [INFO] scrapy - http://ww4.sinaimg.cn/mw600/701cac0cgw1f7lyrwqtqaj20iu0b2dgp.jpg
[2016-09-10 12:24:15.812] [INFO] scrapy - http://ww4.sinaimg.cn/mw600/68f6e545jw1f7ljhf7desj20hm0brgn7.jpg
[2016-09-10 12:24:15.812] [INFO] scrapy - http://ww1.sinaimg.cn/mw600/afdc790bgw1f7lxs50fbtj20i20o2wi2.jpg
[2016-09-10 12:24:15.828] [INFO] scrapy - http://ww2.sinaimg.cn/mw600/006gYNzLgw1f7m0cmxx1uj30g00g0t96.jpg
[2016-09-10 12:24:15.843] [INFO] scrapy - http://ww3.sinaimg.cn/thumb180/425a5ca3gw1f7lwqrva8rg20b4072000.gif
[2016-09-10 12:24:15.843] [INFO] scrapy - http://ww2.sinaimg.cn/mw600/66b3de17gw1f7libeisbuj20kl0dkgn6.jpg
[2016-09-10 12:24:15.859] [INFO] scrapy - http://ww2.sinaimg.cn/mw600/66b3de17gw1f7livazue3j20gg0knabf.jpg
[2016-09-10 12:24:15.874] [INFO] scrapy - http://ww4.sinaimg.cn/mw600/5d67dc5egw1f7m0tijqlij20ii03c74r.jpg
[2016-09-10 12:24:15.890] [INFO] scrapy - http://ww3.sinaimg.cn/thumb180/938a7ac0gw1f7lwrdssqcg20b40697wj.gif
[2016-09-10 12:24:15.937] [INFO] scrapy - http://ww3.sinaimg.cn/mw600/66b3de17gw1f7liv6pmt3j20ra0hh0vh.jpg
[2016-09-10 12:24:15.999] [INFO] scrapy - http://ww2.sinaimg.cn/mw600/54a5e40dgw1f7lszg7f2sj20j60asq3a.jpg
[2016-09-10 12:24:16.108] [INFO] scrapy - pic finished
[2016-09-10 12:24:16.108] [INFO] scrapy - http://ww4.sinaimg.cn/mw600/7e5e7585gw1f7k0bizi0wj20iy07naau.jpg
[2016-09-10 12:24:16.140] [INFO] scrapy - http://ww3.sinaimg.cn/thumb180/006g7k7pgw1f7m22k9m0rg309c064u0z.gif
