[2016-07-23 16:24:14.755] [INFO] logInfo - http://ww2.sinaimg.cn/thumb180/aef5940djw1f63ny5bvhcg207c05he81.gif
[2016-07-23 16:24:14.771] [INFO] logInfo - http://ww2.sinaimg.cn/thumb180/aef5940djw1f63nuo0ex6g208b059e81.gif
[2016-07-23 16:24:14.771] [INFO] logInfo - http://ww1.sinaimg.cn/thumb180/75e5a224jw1f62vclyijug20b406ekjp.gif
[2016-07-23 16:24:14.786] [INFO] logInfo - http://ww2.sinaimg.cn/mw600/91e4a538gw1f61jf1yqloj20u00u042g.jpg
[2016-07-23 16:24:14.786] [INFO] logInfo - http://ww2.sinaimg.cn/mw600/6cca1403jw1f63hiwefn2j209x0hqmye.jpg
[2016-07-23 16:24:14.802] [INFO] logInfo - http://ww1.sinaimg.cn/mw600/94e4bca9gw1f63s8stc7xj20fm07xdgs.jpg
[2016-07-23 16:24:14.833] [INFO] logInfo - http://ww2.sinaimg.cn/mw600/55177ebejw1f63m95q16bj20jg0cygod.jpg
[2016-07-23 16:24:14.864] [INFO] logInfo - http://ww1.sinaimg.cn/thumb180/aef5940djw1f63ncygngig20cs0cqx6v.gif
[2016-07-23 16:24:14.880] [INFO] logInfo - http://ww1.sinaimg.cn/thumb180/771a915bjw1f63u4av862g20a007hhdx.gif
[2016-07-23 16:24:14.895] [INFO] logInfo - http://ww4.sinaimg.cn/thumb180/aef5940djw1f63nveopikg2077062u0x.gif
[2016-07-23 16:24:14.895] [INFO] logInfo - http://ww1.sinaimg.cn/thumb180/aef5940djw1f63nw0edwmg20fa08lu0x.gif
[2016-07-23 16:24:14.895] [INFO] logInfo - http://ww1.sinaimg.cn/thumb180/a83fb020gw1f63ozonp0mg20cs0767wp.gif
[2016-07-23 16:24:14.895] [INFO] logInfo - http://ww1.sinaimg.cn/thumb180/aef5940djw1f63nwjyvopg209e08gnpd.gif
[2016-07-23 16:24:14.958] [INFO] logInfo - http://ww2.sinaimg.cn/mw600/6cca1403jw1f63i8swo2oj20pb0gxwh3.jpg
[2016-07-23 16:24:14.973] [INFO] logInfo - http://ww1.sinaimg.cn/mw600/80f295a6gw1f62kz8mrd4j20qo0zkjwe.jpg
[2016-07-23 16:24:14.989] [INFO] logInfo - http://ww1.sinaimg.cn/mw600/adb12ff2jw1f63m0h11wsj20hs0np41d.jpg
[2016-07-23 16:24:15.005] [INFO] logInfo - http://ww4.sinaimg.cn/mw600/454d8846gw1f62lxbp3qwj20sg0gx3zx.jpg
[2016-07-23 16:24:15.005] [INFO] logInfo - http://ww4.sinaimg.cn/thumb180/c1a3c815gw1f63i06xy10g205g07mu0x.gif
[2016-07-23 16:24:15.020] [INFO] logInfo - http://ww1.sinaimg.cn/mw600/55177ebejw1f63m9d0uroj20hs0jrn0d.jpg
[2016-07-23 16:24:15.036] [INFO] logInfo - http://ww2.sinaimg.cn/mw600/53ae0b70jw1f63hkrw50rj20lc0zk77j.jpg
[2016-07-23 16:24:15.051] [INFO] logInfo - http://ww4.sinaimg.cn/thumb180/a4b44c07jw1f6309tc2kjg207306ex6p.gif
[2016-07-23 16:24:15.067] [INFO] logInfo - http://ww4.sinaimg.cn/mw600/005ISeQagw1f63si794dej31kw231qe8.jpg
[2016-07-23 16:24:15.098] [INFO] logInfo - http://ww2.sinaimg.cn/mw600/6cca1403jw1f63i0gt6m4j20d80hjjs7.jpg
[2016-07-23 16:24:15.193] [INFO] logInfo - http://ww2.sinaimg.cn/mw600/80f295a6gw1f62kz5j5uij20qo0zkdm0.jpg
[2016-07-23 16:24:15.194] [INFO] logInfo - http://ww1.sinaimg.cn/mw600/70160c07gw1f63az831y6j20lr0j5whu.jpg
[2016-07-23 16:24:15.225] [INFO] logInfo - http://ww2.sinaimg.cn/mw600/83f596c9gw1f63ku62qooj20go0o7gp9.jpg
[2016-07-23 16:24:15.241] [INFO] logInfo - finished
[2016-07-23 16:24:15.241] [INFO] logInfo - http://ww4.sinaimg.cn/mw600/80f295a6gw1f62kw4zv22j20qo0zktf8.jpg
[2016-07-23 16:24:15.241] [INFO] logInfo - http://ww4.sinaimg.cn/thumb180/5cb125d3jw1f6336meq3eg208p08r1l2.gif
[2016-07-23 16:24:15.287] [INFO] logInfo - http://ww3.sinaimg.cn/mw600/844527a1gw1f63g9xs0odj20xw1kwjye.jpg
[2016-07-23 16:24:15.350] [INFO] logInfo - http://ww3.sinaimg.cn/mw600/83f596c9gw1f63kslh7vcj20hs0min0j.jpg
[2016-07-23 16:24:15.350] [INFO] logInfo - http://ww3.sinaimg.cn/thumb180/aef5940djw1f63n9hczfbg206q06gx6p.gif
[2016-07-23 16:24:15.350] [INFO] logInfo - http://ww1.sinaimg.cn/mw600/55177ebejw1f63m81xad9j20go0m8jum.jpg
[2016-07-23 16:24:15.350] [INFO] logInfo - http://ww3.sinaimg.cn/mw600/83f596c9gw1f63ksmpc5lj20dw0kuadu.jpg
[2016-07-23 16:24:15.397] [INFO] logInfo - http://ww1.sinaimg.cn/mw600/8b444100gw1f63hnpxu8jj20j9041759.jpg
[2016-07-23 16:24:15.397] [INFO] logInfo - http://ww4.sinaimg.cn/mw600/006eS5Gpgw1f62qvp2l95j30m850kk6a.jpg
[2016-07-23 16:24:15.412] [INFO] logInfo - http://ww4.sinaimg.cn/mw600/d501f125gw1f63kstea96j20go0gatah.jpg
[2016-07-23 16:24:15.412] [INFO] logInfo - http://ww1.sinaimg.cn/thumb180/a83fb020gw1f63ueismnyg20cs06qqer.gif
[2016-07-23 16:24:15.428] [INFO] logInfo - http://ww4.sinaimg.cn/mw600/6cca1403jw1f63ihjyo4pj20pe0g5myy.jpg
[2016-07-23 16:24:15.537] [INFO] logInfo - http://ww2.sinaimg.cn/mw600/55177ebejw1f63m77ngx9j20jg0jgjuv.jpg
[2016-07-23 16:24:15.584] [INFO] logInfo - http://ww1.sinaimg.cn/mw600/66b3de17gw1f631fnm9shj20go0tmaem.jpg
[2016-07-23 16:24:15.599] [INFO] logInfo - http://ww2.sinaimg.cn/mw600/83f596c9gw1f63kskzxysj20go0p04cr.jpg
[2016-07-23 16:24:15.599] [INFO] logInfo - http://ww1.sinaimg.cn/mw600/55177ebejw1f63m69fq41j20jg0csglt.jpg
[2016-07-23 16:24:15.615] [INFO] logInfo - http://ww3.sinaimg.cn/thumb180/aef5940djw1f63nxp53yvg208c04vx6p.gif
[2016-07-23 16:24:15.631] [INFO] logInfo - http://ww4.sinaimg.cn/mw600/53899d01jw1dls5ktiugej.jpg
[2016-07-23 16:24:15.677] [INFO] logInfo - http://ww1.sinaimg.cn/mw600/7c9be6d9gw1f62muhu4raj20dv0kun2q.jpg
[2016-07-23 16:24:15.677] [INFO] logInfo - http://ww3.sinaimg.cn/mw600/6cca1403jw1f63imiiy6oj20ok0fndhq.jpg
[2016-07-23 16:24:15.724] [INFO] logInfo - http://ww3.sinaimg.cn/mw600/66b3de17gw1f631fogqp8j20go0az755.jpg
[2016-07-23 16:24:15.787] [INFO] logInfo - http://ww3.sinaimg.cn/mw600/aef5940djw1f63nycu9lej20hs3j7as0.jpg
[2016-07-23 16:24:15.849] [INFO] logInfo - http://ww3.sinaimg.cn/mw600/6cca1403jw1f63it26xb7j20d70hjwfu.jpg
[2016-07-23 16:24:15.896] [INFO] logInfo - http://ww1.sinaimg.cn/mw600/a20a9b80jw1f62vcpxommj20cs41stzr.jpg
[2016-07-23 16:24:15.958] [INFO] logInfo - http://ww3.sinaimg.cn/mw600/66b3de17gw1f631fmums3j20go0gotag.jpg
[2016-07-23 16:24:15.989] [INFO] logInfo - http://ww3.sinaimg.cn/mw600/aef5940djw1f63nush1u6j20fw2qkdq9.jpg
[2016-07-23 16:24:16.678] [INFO] logInfo - http://ww2.sinaimg.cn/thumb180/547fa560gw1f62ofwkehlg208c08cqv5.gif
[2016-07-23 16:24:16.678] [INFO] logInfo - http://ww2.sinaimg.cn/mw600/6cca1403jw1f62pmvg6nij20ch0hp3ze.jpg
[2016-07-23 16:24:16.678] [INFO] logInfo - http://ww1.sinaimg.cn/thumb180/7c9d4e5agw1f5zpdpyzlyg208e09x1a1.gif
[2016-07-23 16:24:16.678] [INFO] logInfo - http://ww4.sinaimg.cn/thumb180/7c9d4e5agw1f5zp9ynjumg20dw06knfi.gif
[2016-07-23 16:24:16.693] [INFO] logInfo - http://ww2.sinaimg.cn/mw600/6cca1403jw1f62okdyo3ej20d00hkdgt.jpg
[2016-07-23 16:24:16.693] [INFO] logInfo - http://ww2.sinaimg.cn/mw600/7399330agw1f62p0mrcrlj20gq09caam.jpg
[2016-07-23 16:24:16.693] [INFO] logInfo - http://ww2.sinaimg.cn/mw600/6cca1403jw1f62p5mt4mjj209w0hm74z.jpg
[2016-07-23 16:24:16.693] [INFO] logInfo - http://ww2.sinaimg.cn/mw600/604e48d0gw1f632af08vsj20cs0gbt9j.jpg
[2016-07-23 16:24:16.693] [INFO] logInfo - http://ww2.sinaimg.cn/mw600/c1db3306gw1f62ip2dufxj20j60ct0us.jpg
[2016-07-23 16:24:16.709] [INFO] logInfo - http://ww1.sinaimg.cn/mw600/6cca1403jw1f62pliasisj20d70hpq40.jpg
[2016-07-23 16:24:16.725] [INFO] logInfo - http://ww1.sinaimg.cn/mw600/6cca1403jw1f62p1pmon0j20do0ho750.jpg
[2016-07-23 16:24:16.725] [INFO] logInfo - http://ww4.sinaimg.cn/mw600/6cca1403jw1f62op7v0zzj20d20hlgmf.jpg
[2016-07-23 16:24:16.725] [INFO] logInfo - http://ww1.sinaimg.cn/mw600/9be419dbjw1f62o68cwjkj20hs0vkaby.jpg
[2016-07-23 16:24:16.771] [INFO] logInfo - http://ww2.sinaimg.cn/mw600/c1db3306gw1f62ip3rpl8j20j60do42m.jpg
[2016-07-23 16:24:16.803] [INFO] logInfo - http://ww2.sinaimg.cn/thumb180/655dd5f3gw1f61wy5qox8g205k08cu0x.gif
[2016-07-23 16:24:16.834] [INFO] logInfo - http://ww1.sinaimg.cn/thumb180/7c9d4e5agw1f5zp9dph2ng206o03qhdt.gif
[2016-07-23 16:24:16.912] [INFO] logInfo - http://ww2.sinaimg.cn/mw600/005XAMnmjw1f5yd0kl6ffj30cr0grta1.jpg
[2016-07-23 16:24:16.912] [INFO] logInfo - http://ww2.sinaimg.cn/mw600/3e3666efjw1f5ycvrkhj9j20k00qoq3z.jpg
[2016-07-23 16:24:16.927] [INFO] logInfo - http://ww4.sinaimg.cn/mw600/66b3de17gw1f631fpaiqtj20go0m8dgx.jpg
[2016-07-23 16:24:16.943] [INFO] logInfo - http://ww1.sinaimg.cn/mw600/6cca1403jw1f62qnv6cqtj20ck0hndgp.jpg
[2016-07-23 16:24:17.005] [INFO] logInfo - http://ww2.sinaimg.cn/mw600/9997e08egw1f62kedsl2ij20zc0qoti7.jpg
[2016-07-23 16:24:17.037] [INFO] logInfo - http://ww2.sinaimg.cn/mw600/9997e08egw1f62jk0qrz2j20qo0zf495.jpg
[2016-07-23 16:24:17.083] [INFO] logInfo - http://ww1.sinaimg.cn/thumb180/ac593e95jw1f62naxpeitg207h05mkjl.gif
[2016-07-23 16:24:17.083] [INFO] logInfo - http://ww4.sinaimg.cn/thumb180/3e3666efjw1f5xwrfjd5hg208q06k1l0.gif
[2016-07-23 16:24:17.083] [INFO] logInfo - http://ww2.sinaimg.cn/mw600/006wwUjugw1f60gmwtyynj30go1ey7ao.jpg
[2016-07-23 16:24:17.115] [INFO] logInfo - http://ww1.sinaimg.cn/thumb180/655dd5f3gw1f61wxlw8v6g205k08c4qr.gif
[2016-07-23 16:24:17.130] [INFO] logInfo - http://ww2.sinaimg.cn/mw600/47481d23jw1f61wbumcz2j21kw16ogxe.jpg
[2016-07-23 16:24:17.130] [INFO] logInfo - http://ww1.sinaimg.cn/thumb180/69e6beddjw1f62s3vwi5cg207d04eu0x.gif
[2016-07-23 16:24:17.161] [INFO] logInfo - http://ww2.sinaimg.cn/mw600/74f0074bgw1f62tqq9msdj20qo0zkjvp.jpg
[2016-07-23 16:24:17.161] [INFO] logInfo - http://ww2.sinaimg.cn/mw600/ed3ac991jw1f62nedb1ioj20dw0k6abc.jpg
[2016-07-23 16:24:17.211] [INFO] logInfo - http://ww1.sinaimg.cn/thumb180/ac593e95jw1f62nb225fig207h05mkjl.gif
[2016-07-23 16:24:17.227] [INFO] logInfo - http://ww4.sinaimg.cn/thumb180/a801236bjw1f62fhdw6iog20dc07ie84.gif
[2016-07-23 16:24:17.227] [INFO] logInfo - http://ww4.sinaimg.cn/mw600/6ecc383cgw1f62rc1dhw4j20u01hcwj2.jpg
[2016-07-23 16:24:17.227] [INFO] logInfo - http://ww4.sinaimg.cn/mw600/9997e08egw1f62jjtiz9pj20zh0qo7cn.jpg
[2016-07-23 16:24:17.289] [INFO] logInfo - http://ww1.sinaimg.cn/thumb180/3e3666efjw1f5yard70evg20ck08xx6u.gif
[2016-07-23 16:24:17.320] [INFO] logInfo - http://ww2.sinaimg.cn/mw600/a83fb020gw1f62v6p1n6rj20dw0a80ve.jpg
[2016-07-23 16:24:17.320] [INFO] logInfo - http://ww1.sinaimg.cn/mw600/a759dd45gw1f62rzwi6ufj20fk0bmdh6.jpg
[2016-07-23 16:24:17.320] [INFO] logInfo - http://ww1.sinaimg.cn/mw600/005XAMnmjw1f5yd0k8z8lj30cr0c7jsi.jpg
[2016-07-23 16:24:17.352] [INFO] logInfo - http://ww4.sinaimg.cn/mw600/a83fb020gw1f631e5q17pj20ll0cs7jd.jpg
[2016-07-23 16:24:17.352] [INFO] logInfo - finished
[2016-07-23 16:24:17.352] [INFO] logInfo - http://ww1.sinaimg.cn/mw600/c1db3306gw1f62ip2s1b0j20j60do422.jpg
[2016-07-23 16:24:17.367] [INFO] logInfo - http://ww1.sinaimg.cn/thumb180/3e3666efjw1f62kgtr2s5g20a007hu0z.gif
[2016-07-23 16:24:17.398] [INFO] logInfo - http://ww3.sinaimg.cn/thumb180/7c9d4e5agw1f5zpatda00g20b4066dz6.gif
[2016-07-23 16:24:17.430] [INFO] logInfo - http://ww2.sinaimg.cn/mw600/91e4a538gw1f61jezvw5rj20u00u0n0r.jpg
[2016-07-23 16:24:17.430] [INFO] logInfo - http://ww4.sinaimg.cn/thumb180/3e3666efjw1f60fvxnebtg20dw07tx6q.gif
[2016-07-23 16:24:17.430] [INFO] logInfo - http://ww1.sinaimg.cn/mw600/c1db3306gw1f62ip7gvc0j20j60cstbd.jpg
[2016-07-23 16:24:17.430] [INFO] logInfo - http://ww3.sinaimg.cn/mw600/6cca1403jw1f62owsf07sj20cw0hogmk.jpg
[2016-07-23 16:24:17.445] [INFO] logInfo - http://ww1.sinaimg.cn/mw600/74f0074bgw1f62tqpjorkj20c80c8dgi.jpg
[2016-07-23 16:24:17.445] [INFO] logInfo - http://ww2.sinaimg.cn/mw600/9c136e41jw1f61bss4ep7j21ip1ipe7m.jpg
[2016-07-23 16:24:17.445] [INFO] logInfo - http://ww2.sinaimg.cn/mw600/47481d23jw1f61wby7gt1j21kw16o7gj.jpg
[2016-07-23 16:24:17.476] [INFO] logInfo - http://ww4.sinaimg.cn/mw600/74f0074bgw1f62tqqdxpej20qo0zk76x.jpg
[2016-07-23 16:24:17.492] [INFO] logInfo - http://ww3.sinaimg.cn/mw600/77f58e51jw1f62iiffk6uj20np0hsdhi.jpg
[2016-07-23 16:24:17.554] [INFO] logInfo - http://ww4.sinaimg.cn/mw600/74f0074bgw1f62tqqwhb0j20qo0zk41g.jpg
[2016-07-23 16:24:17.554] [INFO] logInfo - http://ww3.sinaimg.cn/mw600/6cca1403jw1f62qju1wc2j20d80hodgm.jpg
[2016-07-23 16:24:17.570] [INFO] logInfo - http://ww3.sinaimg.cn/mw600/47481d23jw1f61wbquz56j20d209s0t6.jpg
[2016-07-23 16:24:17.617] [INFO] logInfo - http://ww3.sinaimg.cn/mw600/6bcdf062gw1f62wi6zs9nj20go0gnabd.jpg
[2016-07-23 16:24:17.617] [INFO] logInfo - http://ww3.sinaimg.cn/mw600/47481d23jw1f61wbw2on8j21kw16o179.jpg
[2016-07-23 16:24:17.664] [INFO] logInfo - http://ww3.sinaimg.cn/mw600/c1db3306gw1f62ip48g6yj20j60cs0vz.jpg
[2016-07-23 16:24:17.695] [INFO] logInfo - http://ww3.sinaimg.cn/thumb180/3e3666efjw1f5z57paiyjg208c07zu0x.gif
[2016-07-23 16:24:17.742] [INFO] logInfo - http://ww3.sinaimg.cn/mw600/6cca1403jw1f62qapxddij20d00hk0tp.jpg
[2016-07-23 16:24:17.757] [INFO] logInfo - http://ww3.sinaimg.cn/mw600/47481d23jw1f61wbqamunj216o1kwk9u.jpg
[2016-07-23 16:24:17.773] [INFO] logInfo - http://ww4.sinaimg.cn/mw600/74f0074bgw1f62tqr147tj20pn0zk0vw.jpg
[2016-07-23 16:24:17.788] [INFO] logInfo - http://ww1.sinaimg.cn/mw600/6aa54acfgw1f62qby89rij20bd0dfq5e.jpg
[2016-07-23 16:24:17.804] [INFO] logInfo - http://ww3.sinaimg.cn/mw600/74f0074bgw1f62tqqd2ufj20qo0zk0va.jpg
[2016-07-23 16:24:17.851] [INFO] logInfo - http://ww4.sinaimg.cn/mw600/6cca1403jw1f62p4auymaj20gm0ft75c.jpg
[2016-07-23 16:24:17.851] [INFO] logInfo - http://ww4.sinaimg.cn/mw600/58e1c477gw1f62sdxju3wj20c80c8dgx.jpg
[2016-07-23 16:24:17.851] [INFO] logInfo - http://ww3.sinaimg.cn/mw600/66b3de17gw1f631fql7o9j20go0hhq50.jpg
[2016-07-23 16:24:17.866] [INFO] logInfo - http://ww4.sinaimg.cn/mw600/47481d23jw1f61wbzhc23j21kw16on6m.jpg
[2016-07-23 16:24:17.866] [INFO] logInfo - http://ww3.sinaimg.cn/mw600/a759dd45gw1f62rzuhxa7j20qo1bf7dh.jpg
[2016-07-23 16:24:17.898] [INFO] logInfo - http://ww3.sinaimg.cn/mw600/74f0074bgw1f62tqphpraj20qo0zkgnk.jpg
[2016-07-23 16:24:17.913] [INFO] logInfo - http://ww3.sinaimg.cn/mw600/6a05ee4dgw1f631iom439j20u01hc416.jpg
[2016-07-23 16:24:17.913] [INFO] logInfo - http://ww1.sinaimg.cn/mw600/005QQFAagw1f62zfe9z2yj30u01hcwkx.jpg
[2016-07-23 16:24:17.944] [INFO] logInfo - http://ww3.sinaimg.cn/mw600/7c0f6495jw1f62zn2xzctj20zk1bf4kf.jpg
[2016-07-23 16:24:17.960] [INFO] logInfo - http://ww4.sinaimg.cn/mw600/66b3de17gw1f631fppf4qj20go0lz408.jpg
[2016-07-23 16:24:17.960] [INFO] logInfo - http://ww4.sinaimg.cn/mw600/6ecc383cgw1f62rc3qzizj20u01hcwr7.jpg
[2016-07-23 16:24:17.991] [INFO] logInfo - http://ww3.sinaimg.cn/mw600/73d98c44gw1f62k3pfncdj20np0hs45r.jpg
[2016-07-23 16:24:17.991] [INFO] logInfo - http://ww3.sinaimg.cn/mw600/6857fe3cjw1f62uu0yautj20ne0g7dhb.jpg
[2016-07-23 16:24:17.991] [INFO] logInfo - http://ww1.sinaimg.cn/mw600/6cca1403jw1f62qs9izk4j20ex0h30tf.jpg
[2016-07-23 16:24:18.022] [INFO] logInfo - http://ww3.sinaimg.cn/mw600/73d98c44gw1f62k3pfncdj20np0hs45r.jpg
[2016-07-23 16:24:18.038] [INFO] logInfo - http://ww2.sinaimg.cn/mw600/594331a4gw1f62vcc1il9j20ii0oewjx.jpg
[2016-07-23 16:24:18.085] [INFO] logInfo - http://ww3.sinaimg.cn/thumb180/844527a1jw1f630xj65urg20dw07s7ws.gif
[2016-07-23 16:24:18.100] [INFO] logInfo - http://ww4.sinaimg.cn/mw600/006eS5Gpgw1f62qvp2l95j30m850kk6a.jpg
[2016-07-23 16:24:18.100] [INFO] logInfo - http://ww2.sinaimg.cn/mw600/74f0074bgw1f62tvjxstpj20hk0oejv0.jpg
[2016-07-23 16:24:18.100] [INFO] logInfo - http://ww1.sinaimg.cn/mw600/6cca1403jw1f62p7934asj20gi0btjrv.jpg
[2016-07-23 16:24:18.163] [INFO] logInfo - http://ww3.sinaimg.cn/thumb180/844527a1jw1f631r8s6igg20dw07s7wt.gif
[2016-07-23 16:24:18.163] [INFO] logInfo - http://ww3.sinaimg.cn/mw600/85699f15gw1f632r5st8gj20go2e8nad.jpg
[2016-07-23 16:24:18.290] [INFO] logInfo - http://ww3.sinaimg.cn/mw600/66b3de17gw1f631fp114aj20go0i4wfx.jpg
[2016-07-23 16:24:18.321] [INFO] logInfo - http://ww4.sinaimg.cn/mw600/61ff32dejw1f62oxyi3l6j20al7pstty.jpg
[2016-07-23 16:24:18.321] [INFO] logInfo - http://ww1.sinaimg.cn/mw600/005XAMnmjw1f5yd0key0aj30cr0dctas.jpg
[2016-07-23 16:24:18.352] [INFO] logInfo - http://ww3.sinaimg.cn/mw600/6cca1403jw1f62qdvsl5tj20gh0hbtae.jpg
[2016-07-23 16:24:18.368] [INFO] logInfo - http://ww3.sinaimg.cn/mw600/66b3de17gw1f631fs55imj20go0b4aaj.jpg
[2016-07-23 16:24:18.368] [INFO] logInfo - http://ww4.sinaimg.cn/mw600/9df9424ejw1f62srwtr62j20l646sqv6.jpg
[2016-07-23 16:24:18.399] [INFO] logInfo - http://ww3.sinaimg.cn/mw600/6cca1403jw1f62o5o50mfj20gm0cfdhb.jpg
[2016-07-23 16:24:18.430] [INFO] logInfo - http://ww3.sinaimg.cn/mw600/66b3de17gw1f631frlwukj20go0mdmzj.jpg
[2016-07-23 16:24:18.882] [INFO] logInfo - http://ww2.sinaimg.cn/mw600/a761084egw1f62o9pxsjfj20gf08d0sp.jpg
[2016-07-23 16:24:18.882] [INFO] logInfo - http://ww2.sinaimg.cn/mw600/7d0bd6f0gw1f62m0lgrvej20kg0dwmyh.jpg
[2016-07-23 16:24:18.882] [INFO] logInfo - http://ww2.sinaimg.cn/mw600/6200e46agw1f62ht62yhrj20ri0icq76.jpg
[2016-07-23 16:24:18.914] [INFO] logInfo - http://ww2.sinaimg.cn/thumb180/547fa560jw1f62fewwep1g209q07ghdt.gif
[2016-07-23 16:24:18.945] [INFO] logInfo - http://ww2.sinaimg.cn/mw600/54a5e40dgw1f62jbsb8yfj20j60cndje.jpg
[2016-07-23 16:24:18.960] [INFO] logInfo - http://ww1.sinaimg.cn/thumb180/547fa560gw1f62ooqm2dtg20a007i1l9.gif
[2016-07-23 16:24:18.976] [INFO] logInfo - http://ww4.sinaimg.cn/thumb180/547fa560gw1f62occrkvgg205k05k4qr.gif
[2016-07-23 16:24:18.976] [INFO] logInfo - http://ww4.sinaimg.cn/thumb180/a7d45558gw1f5kjvdwuqlg2074040u0x.gif
[2016-07-23 16:24:18.976] [INFO] logInfo - http://ww1.sinaimg.cn/thumb180/547fa560gw1f62ofeorffg2094092kjs.gif
[2016-07-23 16:24:19.070] [INFO] logInfo - http://ww4.sinaimg.cn/thumb180/5f789f8fjw1f62hgkztvpg20go0goad4.gif
[2016-07-23 16:24:19.085] [INFO] logInfo - http://ww1.sinaimg.cn/thumb180/547fa560jw1f62fdfcqaeg209m05fqv9.gif
[2016-07-23 16:24:19.085] [INFO] logInfo - http://ww4.sinaimg.cn/thumb180/547fa560jw1f62fs7and6g20ef0efu13.gif
[2016-07-23 16:24:19.132] [INFO] logInfo - http://ww1.sinaimg.cn/thumb180/547fa560gw1f62nbocye4g208w050e8i.gif
[2016-07-23 16:24:19.196] [INFO] logInfo - http://ww1.sinaimg.cn/mw600/63c926f4jw1f60g6yt3raj20hs0qomzd.jpg
[2016-07-23 16:24:19.212] [INFO] logInfo - http://ww4.sinaimg.cn/mw600/a761084egw1f62o9pecgpj20gf098wen.jpg
[2016-07-23 16:24:19.274] [INFO] logInfo - http://ww3.sinaimg.cn/mw600/0060lm7Tgw1f62qjgbkk6j30i10gptc8.jpg
[2016-07-23 16:24:19.290] [INFO] logInfo - http://ww4.sinaimg.cn/thumb180/9412b901gw1f62isknrelg20hs0hsx6x.gif
[2016-07-23 16:24:19.290] [INFO] logInfo - http://ww1.sinaimg.cn/thumb180/547fa560jw1f62fczzslqg206y06yu0x.gif
[2016-07-23 16:24:19.306] [INFO] logInfo - http://ww1.sinaimg.cn/mw600/47481d23jw1f61wbx4846j21kw16oqe2.jpg
[2016-07-23 16:24:19.368] [INFO] logInfo - http://ww2.sinaimg.cn/mw600/62ca611cgw1f61v4h1u05j20go0go76u.jpg
[2016-07-23 16:24:19.368] [INFO] logInfo - http://ww1.sinaimg.cn/mw600/a552f1e8gw1f61s5pdvgkj20ce0m8wg4.jpg
[2016-07-23 16:24:19.384] [INFO] logInfo - http://ww4.sinaimg.cn/thumb180/77ded272jw1f62ioximz5g209q06ikjv.gif
[2016-07-23 16:24:19.384] [INFO] logInfo - http://ww2.sinaimg.cn/mw600/6a75558fgw1f62hp1my4jj20k00qo76b.jpg
[2016-07-23 16:24:19.384] [INFO] logInfo - http://ww3.sinaimg.cn/thumb180/00646Khqjw1f62n12sa0fg30b406lnpd.gif
[2016-07-23 16:24:19.384] [INFO] logInfo - http://ww3.sinaimg.cn/mw600/45f15ef3gw1f62nhjsy7oj20ex0k03zn.jpg
[2016-07-23 16:24:19.493] [INFO] logInfo - http://ww1.sinaimg.cn/mw600/83f596c9gw1f62ezt9mzfj20ia0kktfi.jpg
[2016-07-23 16:24:19.493] [INFO] logInfo - http://ww4.sinaimg.cn/thumb180/547fa560jw1f62fn98hisg20a007ix6t.gif
[2016-07-23 16:24:19.508] [INFO] logInfo - http://ww1.sinaimg.cn/thumb180/005RUgLMgw1f62p05uplyg30cs0767wr.gif
[2016-07-23 16:24:19.508] [INFO] logInfo - http://ww4.sinaimg.cn/mw600/62ca611cgw1f61v4hm338j20go0go41c.jpg
[2016-07-23 16:24:19.508] [INFO] logInfo - http://ww4.sinaimg.cn/mw600/47481d23jw1f61wbs0xmkj216o1kw7im.jpg
[2016-07-23 16:24:19.524] [INFO] logInfo - http://ww3.sinaimg.cn/mw600/9e5389bbjw1f62lm560roj21kw16owph.jpg
[2016-07-23 16:24:19.524] [INFO] logInfo - finished
[2016-07-23 16:24:19.524] [INFO] logInfo - http://ww4.sinaimg.cn/thumb180/79ba7be1gw1f62lp5q10hg207e08218x.gif
[2016-07-23 16:24:19.555] [INFO] logInfo - http://ww3.sinaimg.cn/thumb180/a7d45558gw1f5kjvf9ezlg2074040kjl.gif
[2016-07-23 16:24:19.571] [INFO] logInfo - http://ww1.sinaimg.cn/mw600/006crlmfjw1f62f2tv8a1j30qc790azs.jpg
[2016-07-23 16:24:19.586] [INFO] logInfo - http://ww1.sinaimg.cn/mw600/88c184bcjw1f62glh2qjxj20ev0czabf.jpg
[2016-07-23 16:24:19.618] [INFO] logInfo - http://ww1.sinaimg.cn/mw600/47481d23jw1f61wbt8avuj21kw16on6n.jpg
[2016-07-23 16:24:19.633] [INFO] logInfo - http://ww4.sinaimg.cn/mw600/86b36fb5gw1f62jxdijehj20hs0dpt9k.jpg
[2016-07-23 16:24:19.633] [INFO] logInfo - http://ww3.sinaimg.cn/thumb180/547fa560jw1f62f9dcshpg205k035kjm.gif
[2016-07-23 16:24:19.633] [INFO] logInfo - http://ww3.sinaimg.cn/thumb180/547fa560jw1f62fdtgr8eg20ad07paml.gif
[2016-07-23 16:24:19.649] [INFO] logInfo - http://ww1.sinaimg.cn/mw600/6d66fbc3gw1f61wrjqfu8j20bo0ebjt4.jpg
[2016-07-23 16:24:19.649] [INFO] logInfo - http://ww4.sinaimg.cn/mw600/005E9Ryxgw1f62ltxrf6oj30cf0bdwjh.jpg
[2016-07-23 16:24:19.649] [INFO] logInfo - http://ww1.sinaimg.cn/mw600/9e5389bbjw1f62lm34b24j21kw16oamh.jpg
[2016-07-23 16:24:19.680] [INFO] logInfo - http://ww3.sinaimg.cn/thumb180/006crlmfgw1f62h265r0gg308c08c7wj.gif
[2016-07-23 16:24:19.680] [INFO] logInfo - http://ww3.sinaimg.cn/thumb180/9412b901gw1f62g2i1wuxg20hs09znpv.gif
[2016-07-23 16:24:19.680] [INFO] logInfo - http://ww2.sinaimg.cn/mw600/802e31b8gw1f6234ocqcaj20zk0zktjc.jpg
[2016-07-23 16:24:19.680] [INFO] logInfo - http://ww4.sinaimg.cn/mw600/62ca611cgw1f61v4g3rvij20go0gon09.jpg
[2016-07-23 16:24:19.680] [INFO] logInfo - http://ww1.sinaimg.cn/mw600/9e5389bbjw1f62lm6zmfrj21kw16ok2r.jpg
[2016-07-23 16:24:19.696] [INFO] logInfo - http://ww1.sinaimg.cn/mw600/94d9c01fjw1f5tfzuus1tj20bq0kudhu.jpg
[2016-07-23 16:24:19.696] [INFO] logInfo - http://ww3.sinaimg.cn/thumb180/68318509gw1f62nqzfj6og207008q4qq.gif
[2016-07-23 16:24:19.727] [INFO] logInfo - http://ww4.sinaimg.cn/mw600/9e5389bbjw1f62llza816j20j60ngju0.jpg
[2016-07-23 16:24:19.742] [INFO] logInfo - http://ww1.sinaimg.cn/mw600/006jjP1xjw1f62pgavt93j31541lonke.jpg
[2016-07-23 16:24:19.758] [INFO] logInfo - http://ww4.sinaimg.cn/mw600/875033a7jw1f62py8x8w0j20kb1kkqcx.jpg
[2016-07-23 16:24:19.758] [INFO] logInfo - http://ww1.sinaimg.cn/mw600/e286c2cfgw1f62pzfyvm6j20cm0tjaew.jpg
[2016-07-23 16:24:19.789] [INFO] logInfo - http://ww4.sinaimg.cn/mw600/006jStHNgw1f62p3q30oyj30go2cujvt.jpg
[2016-07-23 16:24:20.086] [INFO] logInfo - http://ww3.sinaimg.cn/thumb180/547fa560gw1f62f4kbbbbg208c04pnmm.gif
[2016-07-23 16:24:20.117] [INFO] logInfo - https://ws2.sinaimg.cn/mw600/0060lm7Tgw1f62gkvczz6j30il06yaax.jpg
[2016-07-23 16:24:20.680] [INFO] logInfo - http://ww2.sinaimg.cn/mw600/9fd1216cgw1f61xy22kjlj20a40qo3zt.jpg
[2016-07-23 16:24:20.680] [INFO] logInfo - http://ww2.sinaimg.cn/thumb180/7c0f6495jw1f61wvlu7xsg20ai07xx6p.gif
[2016-07-23 16:24:20.680] [INFO] logInfo - http://ww2.sinaimg.cn/thumb180/7c0f6495jw1f61wvitqz6g20ci0711kx.gif
[2016-07-23 16:24:20.680] [INFO] logInfo - http://ww2.sinaimg.cn/mw600/7a189ed1gw1f61kciuxqdj20ko0rs0ve.jpg
[2016-07-23 16:24:20.680] [INFO] logInfo - http://ww2.sinaimg.cn/mw600/6defa4cagw1f61tswpf7gj20hs0n4gno.jpg
[2016-07-23 16:24:20.696] [INFO] logInfo - http://ww2.sinaimg.cn/mw600/83f596c9gw1f62eztkvnuj20ia0hj771.jpg
[2016-07-23 16:24:20.712] [INFO] logInfo - http://ww4.sinaimg.cn/thumb180/c0184b30jw1f61kh7tftmg20aa05k1ky.gif
[2016-07-23 16:24:20.946] [INFO] logInfo - http://ww3.sinaimg.cn/thumb180/92e8647ajw1f61dyijc8ug20dw09tx48.gif
[2016-07-23 16:24:21.024] [INFO] logInfo - http://ww2.sinaimg.cn/mw600/68f6e545gw1f61t9tsrx0j20ci0fjq3p.jpg
[2016-07-23 16:24:21.117] [INFO] logInfo - http://ww4.sinaimg.cn/mw600/c5cbb80ajw1f6266h8a7uj20zc0hjte6.jpg
[2016-07-23 16:24:21.148] [INFO] logInfo - http://ww3.sinaimg.cn/thumb180/92e8647ajw1f61eloeharg20dw07ttrz.gif
[2016-07-23 16:24:21.197] [INFO] logInfo - http://ww4.sinaimg.cn/mw600/6c326847gw1f60q8f2cg0j20if0ag752.jpg
[2016-07-23 16:24:21.213] [INFO] logInfo - http://ww1.sinaimg.cn/mw600/6defa4cagw1f61tt2fjx6j20ch0bttah.jpg
[2016-07-23 16:24:21.213] [INFO] logInfo - http://ww2.sinaimg.cn/thumb180/92e8647ajw1f61el4cktwg209g071hdt.gif
[2016-07-23 16:24:21.228] [INFO] logInfo - http://ww4.sinaimg.cn/mw600/005RSs9Vgw1f61qzfrhu8j30qo0zk0wl.jpg
[2016-07-23 16:24:21.244] [INFO] logInfo - http://ww1.sinaimg.cn/mw600/55177ebejw1f61u7sxobxj20h3023wei.jpg
[2016-07-23 16:24:21.275] [INFO] logInfo - http://ww4.sinaimg.cn/mw600/a1f500edgw1f61qetza5dj20lm0gojuv.jpg
[2016-07-23 16:24:21.291] [INFO] logInfo - http://ww2.sinaimg.cn/mw600/a1f500edgw1f61qf1zf06j20k00qo76a.jpg
[2016-07-23 16:24:21.291] [INFO] logInfo - http://ww2.sinaimg.cn/mw600/6d9d69bagw1f61jz6cky2j20ep0gowfh.jpg
[2016-07-23 16:24:21.306] [INFO] logInfo - http://ww4.sinaimg.cn/mw600/537d92b0jw1f62efz4nymj20k00zkq43.jpg
[2016-07-23 16:24:21.306] [INFO] logInfo - http://ww4.sinaimg.cn/thumb180/6913fc10gw1f62dkj76ozg205k03jkjl.gif
[2016-07-23 16:24:21.306] [INFO] logInfo - http://ww3.sinaimg.cn/mw600/696d52b9gw1f61rr223v3j20fk0fk0ub.jpg
[2016-07-23 16:24:21.322] [INFO] logInfo - http://ww2.sinaimg.cn/mw600/630d7f17gw1f61uzj7u6mj20zk1fcwrr.jpg
[2016-07-23 16:24:21.353] [INFO] logInfo - http://ww4.sinaimg.cn/mw600/89fe1ba9jw1f61yp0dvlsj20g70mzjud.jpg
[2016-07-23 16:24:21.369] [INFO] logInfo - http://ww2.sinaimg.cn/mw600/630d7f17gw1f61uzqwan2j20zk1gf10w.jpg
[2016-07-23 16:24:21.384] [INFO] logInfo - http://ww1.sinaimg.cn/mw600/680f28e6gw1f60t97siozj20g40s4dh1.jpg
[2016-07-23 16:24:21.431] [INFO] logInfo - http://ww2.sinaimg.cn/thumb180/a83fb020gw1f61rc5qmkwg20b40b4hdu.gif
[2016-07-23 16:24:21.431] [INFO] logInfo - http://ww2.sinaimg.cn/thumb180/a83fb020gw1f61qn4y38gg208c064qv5.gif
[2016-07-23 16:24:21.447] [INFO] logInfo - http://ww4.sinaimg.cn/mw600/67f813aagw1f61nr851e5j20ej0i2jsu.jpg
[2016-07-23 16:24:21.447] [INFO] logInfo - http://ww4.sinaimg.cn/mw600/630d7f17gw1f61uzd802fj20hs0plwgq.jpg
[2016-07-23 16:24:21.462] [INFO] logInfo - http://ww1.sinaimg.cn/mw600/6d9d69bagw1f61jz10qw6j20hs0npaai.jpg
[2016-07-23 16:24:21.478] [INFO] logInfo - http://ww4.sinaimg.cn/mw600/ac1cdedcgw1f61xi2uv7ej208z0iamyz.jpg
[2016-07-23 16:24:21.478] [INFO] logInfo - http://ww1.sinaimg.cn/mw600/55177ebejw1f61ui4qzfaj20nm0hp7av.jpg
[2016-07-23 16:24:21.525] [INFO] logInfo - http://ww3.sinaimg.cn/mw600/6d9d69bagw1f61jyex292j20hs0bujro.jpg
[2016-07-23 16:24:21.540] [INFO] logInfo - http://ww2.sinaimg.cn/mw600/55177ebejw1f61uhqk13hj20nm0ft44n.jpg
[2016-07-23 16:24:21.587] [INFO] logInfo - http://ww1.sinaimg.cn/mw600/8189cc0agw1f61vm8xa7qj20oj0gdjt2.jpg
[2016-07-23 16:24:21.603] [INFO] logInfo - finished
[2016-07-23 16:24:21.603] [INFO] logInfo - http://ww4.sinaimg.cn/mw600/a1f500edgw1f61qerh5j0j20ab0kuq44.jpg
[2016-07-23 16:24:21.618] [INFO] logInfo - http://ww4.sinaimg.cn/mw600/696d52b9gw1f61rr2locnj20ir0p0q57.jpg
[2016-07-23 16:24:21.618] [INFO] logInfo - http://ww1.sinaimg.cn/mw600/55177ebejw1f61ugof9xuj20he0p0adv.jpg
[2016-07-23 16:24:21.634] [INFO] logInfo - http://ww3.sinaimg.cn/mw600/89fe1ba9jw1f61yo8si2lj20i70hemyj.jpg
[2016-07-23 16:24:21.634] [INFO] logInfo - http://ww4.sinaimg.cn/mw600/5d85822cgw1f62dxdhu50j20u01hc1c2.jpg
[2016-07-23 16:24:21.650] [INFO] logInfo - http://ww2.sinaimg.cn/mw600/630d7f17gw1f61v01affzj20zk1h4n6n.jpg
[2016-07-23 16:24:21.665] [INFO] logInfo - http://ww4.sinaimg.cn/mw600/89fe1ba9jw1f61yoa5yltj20dr0cyt9c.jpg
[2016-07-23 16:24:21.696] [INFO] logInfo - http://ww1.sinaimg.cn/mw600/006dh0yVjw1f61t0kzg0jj30c808p3zj.jpg
[2016-07-23 16:24:21.728] [INFO] logInfo - http://ww3.sinaimg.cn/mw600/0068bFnEgw1f61hglbw2lj30fj0bmgn1.jpg
[2016-07-23 16:24:21.759] [INFO] logInfo - http://ww3.sinaimg.cn/mw600/89fe1ba9jw1f61yofuup9j20ku0m340j.jpg
[2016-07-23 16:24:21.759] [INFO] logInfo - http://ww3.sinaimg.cn/mw600/a1f500edgw1f61qeybdj3j20k80ucado.jpg
[2016-07-23 16:24:21.759] [INFO] logInfo - http://ww3.sinaimg.cn/mw600/dffab931gw1f61skimnuuj20de0g50t6.jpg
[2016-07-23 16:24:21.821] [INFO] logInfo - http://ww3.sinaimg.cn/thumb180/6913fc10gw1f61pk3wsvdg20b0056u0x.gif
[2016-07-23 16:24:21.852] [INFO] logInfo - http://ww4.sinaimg.cn/mw600/a1f500edgw1f61qf8s1ndj20lc0s6gop.jpg
[2016-07-23 16:24:21.852] [INFO] logInfo - http://ww4.sinaimg.cn/mw600/a1f500edgw1f61repg4tsj20qo0zkwig.jpg
[2016-07-23 16:24:21.884] [INFO] logInfo - http://ww4.sinaimg.cn/mw600/630d7f17gw1f61v05f0erj20zk1diak4.jpg
[2016-07-23 16:24:21.899] [INFO] logInfo - http://ww3.sinaimg.cn/mw600/6c326847gw1f61uoa8cn8j20qo0ezwfi.jpg
[2016-07-23 16:24:21.962] [INFO] logInfo - http://ww3.sinaimg.cn/thumb180/c1a3c815gw1f1gk1abjlkg207s05uqv6.gif
[2016-07-23 16:24:21.962] [INFO] logInfo - http://ww2.sinaimg.cn/mw600/006gZ5Idgw1f61ycdiq6bj31hc43zqnz.jpg
[2016-07-23 16:24:21.977] [INFO] logInfo - http://ww3.sinaimg.cn/thumb180/92e8647ajw1f61ela6nzag206t03ikjm.gif
[2016-07-23 16:24:21.977] [INFO] logInfo - http://ww3.sinaimg.cn/mw600/68f6e545gw1f61t9t3fwcj20dw0dwgmb.jpg
[2016-07-23 16:24:21.977] [INFO] logInfo - http://ww4.sinaimg.cn/mw600/630d7f17gw1f61v022wk2j20zk1fc7be.jpg
[2016-07-23 16:24:21.977] [INFO] logInfo - http://ww3.sinaimg.cn/mw600/a801236bjw1f62fhaf7eaj20ro08ldgc.jpg
[2016-07-23 16:24:21.993] [INFO] logInfo - http://ww4.sinaimg.cn/mw600/630d7f17gw1f61uzknhsfj20zk1hb486.jpg
[2016-07-23 16:24:22.040] [INFO] logInfo - http://ww1.sinaimg.cn/mw600/79703ec8gw1f61qb8pk07j20j60pkgog.jpg
[2016-07-23 16:24:22.213] [INFO] logInfo - http://ww1.sinaimg.cn/mw600/630d7f17gw1f61uzbqzxyj20zk0nmn7l.jpg
[2016-07-23 16:24:22.244] [INFO] logInfo - http://ww2.sinaimg.cn/mw600/89fe1ba9jw1f61ypi3ilog20dw0b4k30.jpg
[2016-07-23 16:24:22.260] [INFO] logInfo - http://ww1.sinaimg.cn/mw600/006dh0yVjw1f61t0lxkv9j31pv1pvdr1.jpg
[2016-07-23 16:24:22.291] [INFO] logInfo - http://ww4.sinaimg.cn/mw600/ccf48328jw1f62cx0l9w7j20hs0sawfy.jpg
[2016-07-23 16:24:22.307] [INFO] logInfo - http://ww3.sinaimg.cn/mw600/83f596c9gw1f62ezsjm7aj20ia0c7jwe.jpg
[2016-07-23 16:24:22.400] [INFO] logInfo - http://ww4.sinaimg.cn/mw600/91bf8b73gw1f61obmcopkj20qo19m4cz.jpg
[2016-07-23 16:24:22.416] [INFO] logInfo - http://ww1.sinaimg.cn/mw600/5d85822cgw1f62dxejm7ej20u01hctny.jpg
[2016-07-23 16:24:22.447] [INFO] logInfo - http://ww1.sinaimg.cn/mw600/6acfda75gw1f62d7uza7ej20c824zts1.jpg
[2016-07-23 16:24:22.463] [INFO] logInfo - http://ww4.sinaimg.cn/mw600/006kPwEIjw1f61qejoylwj30jg3kftl4.jpg
[2016-07-23 16:24:22.510] [INFO] logInfo - http://ww4.sinaimg.cn/mw600/630d7f17gw1f61uzhc779j20zk1ezk7u.jpg
[2016-07-23 16:24:22.681] [INFO] logInfo - http://ww3.sinaimg.cn/mw600/83f596c9gw1f62ezudc7qj20ia0ia7bx.jpg
[2016-07-23 16:24:22.681] [INFO] logInfo - http://ww3.sinaimg.cn/mw600/006dh0yVjw1f61t0lhuiqj30c807egmg.jpg
[2016-07-23 16:24:22.697] [INFO] logInfo - http://ww3.sinaimg.cn/mw600/55177ebejw1f61u6jrr4wj20gn0p0jzk.jpg
[2016-07-23 16:24:22.697] [INFO] logInfo - http://ww3.sinaimg.cn/mw600/006crlmfgw1f62f0xdh7bj30qg770e0n.jpg
[2016-07-23 16:24:22.712] [INFO] logInfo - http://ww1.sinaimg.cn/mw600/83f596c9gw1f62ezt9mzfj20ia0kktfi.jpg
[2016-07-23 16:24:22.775] [INFO] logInfo - http://ww3.sinaimg.cn/mw600/0068bFnEgw1f61hgjf9wpj30fv0at0uo.jpg
[2016-07-23 16:24:22.790] [INFO] logInfo - http://ww2.sinaimg.cn/mw600/6913fc10gw1f62dkgcrgjj20cs2j7akb.jpg
[2016-07-23 16:24:22.884] [INFO] logInfo - http://ww2.sinaimg.cn/mw600/97f224aagw1f61y6rjz01j20c85woqu4.jpg
[2016-07-23 16:24:22.993] [INFO] logInfo - http://ww2.sinaimg.cn/thumb180/92e8647ajw1f61dyfe0vog209s05iu0x.gif
[2016-07-23 16:24:23.573] [INFO] logInfo - http://ww2.sinaimg.cn/thumb180/005LdK0mgw1f5z8booxrcg3072069x6p.gif
[2016-07-23 16:24:23.573] [INFO] logInfo - http://ww2.sinaimg.cn/mw600/7dfd8c0dgw1f61n59wxmsj20f006iwes.jpg
[2016-07-23 16:24:23.573] [INFO] logInfo - http://ww2.sinaimg.cn/thumb180/005ZGyVHgw1f61njv3at8g30720694qq.gif
[2016-07-23 16:24:23.573] [INFO] logInfo - http://ww4.sinaimg.cn/mw600/55177ebejw1f61uhnohjcj20nm0hpwmq.jpg
[2016-07-23 16:24:23.573] [INFO] logInfo - http://ww2.sinaimg.cn/mw600/6d9d69bagw1f61jyjjddjj20hs0dc0uh.jpg
[2016-07-23 16:24:23.573] [INFO] logInfo - http://ww2.sinaimg.cn/thumb180/84f909afjw1f61krgrzspg209q06o4qr.gif
[2016-07-23 16:24:23.589] [INFO] logInfo - http://ww2.sinaimg.cn/thumb180/547fa560gw1f61j2ohcq8g20b4068x6u.gif
[2016-07-23 16:24:23.589] [INFO] logInfo - http://ww2.sinaimg.cn/mw600/6d9d69bagw1f61jyxv3s0j20hs0qb40f.jpg
[2016-07-23 16:24:23.589] [INFO] logInfo - http://ww2.sinaimg.cn/mw600/6cca1403jw1f61if521fdj20gh0fnq50.jpg
[2016-07-23 16:24:23.605] [INFO] logInfo - http://ww4.sinaimg.cn/mw600/6cca1403jw1f61ip78srcj20gj0bijrs.jpg
[2016-07-23 16:24:23.605] [INFO] logInfo - http://ww1.sinaimg.cn/thumb180/005ZGyVHgw1f61npqr1flg306n08w4qq.gif
[2016-07-23 16:24:23.667] [INFO] logInfo - http://ww2.sinaimg.cn/mw600/6cca1403jw1f61jztbnyfj20gi0f1gmj.jpg
[2016-07-23 16:24:23.667] [INFO] logInfo - http://ww1.sinaimg.cn/thumb180/547fa560gw1f61jfvjr2tg20ef06jhdw.gif
[2016-07-23 16:24:23.683] [INFO] logInfo - http://ww1.sinaimg.cn/thumb180/547fa560gw1f61jdobns2g208w04z7wo.gif
[2016-07-23 16:24:23.683] [INFO] logInfo - http://ww4.sinaimg.cn/thumb180/547fa560gw1f61j598qa6g20bu06ohe0.gif
[2016-07-23 16:24:23.776] [INFO] logInfo - http://ww4.sinaimg.cn/thumb180/67a60017jw1f61b5uq6z4g20b408cx6r.gif
[2016-07-23 16:24:23.792] [INFO] logInfo - http://ww1.sinaimg.cn/thumb180/7e5e7585gw1f61e10lvk1g208b067kjl.gif
[2016-07-23 16:24:23.792] [INFO] logInfo - http://ww1.sinaimg.cn/thumb180/78f2cc43gw1f61bmslzo9g20bu06o1kx.gif
[2016-07-23 16:24:23.823] [INFO] logInfo - http://ww4.sinaimg.cn/mw600/64e79cddjw1f61cg428hej20dw07tmxz.jpg
[2016-07-23 16:24:23.823] [INFO] logInfo - http://ww2.sinaimg.cn/mw600/dffab931gw1f61skj3nvxj20da0h0aak.jpg
[2016-07-23 16:24:23.885] [INFO] logInfo - http://ww1.sinaimg.cn/mw600/762b96edjw1f5uqk023roj20dw0be3zs.jpg
[2016-07-23 16:24:23.901] [INFO] logInfo - http://ww1.sinaimg.cn/mw600/a86c0e87jw1f608mr61fmj20c107djs4.jpg
[2016-07-23 16:24:23.901] [INFO] logInfo - http://ww4.sinaimg.cn/mw600/762b96edjw1f5uqf3cu2qj20dw0dwta3.jpg
[2016-07-23 16:24:23.963] [INFO] logInfo - http://ww2.sinaimg.cn/thumb180/547fa560gw1f61jeg3q07g209q07bx6p.gif
[2016-07-23 16:24:23.963] [INFO] logInfo - http://ww1.sinaimg.cn/mw600/8eb298e6jw1f60tnct19gj20k00qodh3.jpg
[2016-07-23 16:24:23.979] [INFO] logInfo - http://ww4.sinaimg.cn/thumb180/d54a1fa7jw1f60flt46m5g20ak05yu10.gif
[2016-07-23 16:24:23.995] [INFO] logInfo - http://ww3.sinaimg.cn/thumb180/67a60017jw1f61b62tozng20b408cu0y.gif
[2016-07-23 16:24:23.995] [INFO] logInfo - http://ww2.sinaimg.cn/mw600/bcfab67djw1f61fosgu7bj20ci0k83zz.jpg
[2016-07-23 16:24:24.026] [INFO] logInfo - http://ww2.sinaimg.cn/thumb180/c1a3c815gw1f61i7k0lq1g207a05ab29.gif
[2016-07-23 16:24:24.088] [INFO] logInfo - http://ww4.sinaimg.cn/mw600/6d9d69bagw1f5vmazuv5bj20hs0bvdge.jpg
[2016-07-23 16:24:24.088] [INFO] logInfo - http://ww3.sinaimg.cn/mw600/762b96edjw1f5uqg8x6t3j20gn0b3abg.jpg
[2016-07-23 16:24:24.104] [INFO] logInfo - http://ww4.sinaimg.cn/mw600/6d9d69bagw1f61jyz78cbj20cg0gomxw.jpg
[2016-07-23 16:24:24.119] [INFO] logInfo - http://ww4.sinaimg.cn/mw600/6cca1403jw1f61kz0150lj20bn0hlgn8.jpg
[2016-07-23 16:24:24.119] [INFO] logInfo - http://ww1.sinaimg.cn/mw600/a86c0e87jw1f608mpcd4gj20c10h5gnj.jpg
[2016-07-23 16:24:24.151] [INFO] logInfo - http://ww4.sinaimg.cn/mw600/dea48c87gw1f61eplpnb8j20nz0cpdhs.jpg
[2016-07-23 16:24:24.151] [INFO] logInfo - http://ww4.sinaimg.cn/mw600/762b96edjw1f5uqfsw4v9j20dw0bsq3x.jpg
[2016-07-23 16:24:24.166] [INFO] logInfo - http://ww4.sinaimg.cn/mw600/6d9d69bagw1f61jz2acs6j20hs0dcjt4.jpg
[2016-07-23 16:24:24.199] [INFO] logInfo - http://ww2.sinaimg.cn/mw600/6cca1403jw1f61jh3gv1uj20gn0g175a.jpg
[2016-07-23 16:24:24.215] [INFO] logInfo - http://ww4.sinaimg.cn/mw600/844527a1jw1f61ev2vintj20gs0880tk.jpg
[2016-07-23 16:24:24.246] [INFO] logInfo - http://ww1.sinaimg.cn/mw600/006crlmfgw1f61ls0uo3mj30iy0om40f.jpg
[2016-07-23 16:24:24.340] [INFO] logInfo - http://ww4.sinaimg.cn/mw600/006mbEeOgw1f61htlstyzj30h40ct0u3.jpg
[2016-07-23 16:24:24.387] [INFO] logInfo - http://ww4.sinaimg.cn/mw600/9997e08egw1f61cz7njhnj20ze0qon7t.jpg
[2016-07-23 16:24:24.387] [INFO] logInfo - http://ww4.sinaimg.cn/mw600/9be419dbjw1f61dcndcoxj20hs0bemxv.jpg
[2016-07-23 16:24:24.418] [INFO] logInfo - http://ww2.sinaimg.cn/mw600/6cca1403jw1f61k0uqp37j20cp0hlq3z.jpg
[2016-07-23 16:24:24.449] [INFO] logInfo - http://ww2.sinaimg.cn/mw600/64ce4348gw1f61imtzl0qj20zk0zkq6u.jpg
[2016-07-23 16:24:24.465] [INFO] logInfo - http://ww1.sinaimg.cn/mw600/762b96edjw1f5uq8312egj20gh0m8403.jpg
[2016-07-23 16:24:24.480] [INFO] logInfo - http://ww1.sinaimg.cn/thumb180/67a60017jw1f61b5myjpzg20b408c7wi.gif
[2016-07-23 16:24:24.496] [INFO] logInfo - http://ww3.sinaimg.cn/thumb180/547fa560gw1f61j9ivchlg20ef0834qr.gif
[2016-07-23 16:24:24.511] [INFO] logInfo - http://ww4.sinaimg.cn/mw600/762b96edjw1f5uqg05jpej20dw09mdgm.jpg
[2016-07-23 16:24:24.511] [INFO] logInfo - http://ww4.sinaimg.cn/thumb180/67a60017jw1f61b5z22nyg20b408ce81.gif
[2016-07-23 16:24:24.527] [INFO] logInfo - http://ww2.sinaimg.cn/thumb180/67a60017jw1f61b5jrpdhg20b408chdv.gif
[2016-07-23 16:24:24.558] [INFO] logInfo - http://ww3.sinaimg.cn/mw600/6cca1403jw1f61i9tmy38j20da0hodgc.jpg
[2016-07-23 16:24:24.589] [INFO] logInfo - finished
[2016-07-23 16:24:24.589] [INFO] logInfo - http://ww3.sinaimg.cn/mw600/ece59912jw1f61glbqen3j20rs0iidhv.jpg
[2016-07-23 16:24:24.589] [INFO] logInfo - http://ww4.sinaimg.cn/mw600/6cca1403jw1f61jdzhcfaj20gh0cbjs4.jpg
[2016-07-23 16:24:24.605] [INFO] logInfo - http://ww2.sinaimg.cn/mw600/638de230jw1f60fb2datdj20g4090404.jpg
[2016-07-23 16:24:24.605] [INFO] logInfo - http://ww1.sinaimg.cn/mw600/6d9d69bagw1f61jy4iyzrj218g0tntfl.jpg
[2016-07-23 16:24:24.636] [INFO] logInfo - http://ww2.sinaimg.cn/thumb180/67a60017jw1f61b5px1v2g20b408c4qq.gif
[2016-07-23 16:24:24.652] [INFO] logInfo - http://ww3.sinaimg.cn/mw600/ece59912jw1f61glciggrj20ii0rs43y.jpg
[2016-07-23 16:24:24.699] [INFO] logInfo - http://ww1.sinaimg.cn/mw600/8856a58egw1f611am1x2tj20jy0fjdjz.jpg
[2016-07-23 16:24:24.745] [INFO] logInfo - http://ww3.sinaimg.cn/mw600/6cca1403jw1f61j1wznnoj20gi0cgwfe.jpg
[2016-07-23 16:24:24.745] [INFO] logInfo - http://ww2.sinaimg.cn/mw600/632a985cjw1f61j8rzv4kj20g00sg42c.jpg
[2016-07-23 16:24:24.745] [INFO] logInfo - http://ww4.sinaimg.cn/mw600/005Hg4Regw1f60crejbuaj30ku0bzgmv.jpg
[2016-07-23 16:24:24.761] [INFO] logInfo - http://ww3.sinaimg.cn/mw600/ece59912jw1f61glc7445j20ii0rsae9.jpg
[2016-07-23 16:24:24.792] [INFO] logInfo - http://ww3.sinaimg.cn/mw600/6cca1403jw1f61kcq5b7bj20gd0cb3zm.jpg
[2016-07-23 16:24:24.792] [INFO] logInfo - http://ww1.sinaimg.cn/mw600/a86c0e87jw1f608msf752j20c10fwwfe.jpg
[2016-07-23 16:24:24.823] [INFO] logInfo - http://ww4.sinaimg.cn/mw600/8eb298e6jw1f60tngca1sj20k00qojt7.jpg
[2016-07-23 16:24:24.823] [INFO] logInfo - http://ww1.sinaimg.cn/mw600/6cca1403jw1f61jvwks7bj20e40hkdgq.jpg
[2016-07-23 16:24:24.855] [INFO] logInfo - http://ww1.sinaimg.cn/mw600/6cca1403jw1f61jpivw0aj20gk0cb74t.jpg
[2016-07-23 16:24:24.855] [INFO] logInfo - http://ww3.sinaimg.cn/mw600/547fa560gw1f61hnjln8yj20k00fg0t1.jpg
[2016-07-23 16:24:24.870] [INFO] logInfo - http://ww4.sinaimg.cn/mw600/6d9d69bagw1f61jyng3tfj20h10gowfq.jpg
[2016-07-23 16:24:24.901] [INFO] logInfo - http://ww2.sinaimg.cn/mw600/bcc93f49gw1f61ihbkzwwj20hs0bu0tv.jpg
[2016-07-23 16:24:24.917] [INFO] logInfo - http://ww3.sinaimg.cn/mw600/006kPwEIjw1f61qeqfq0xj30jgadnqv5.jpg
[2016-07-23 16:24:24.933] [INFO] logInfo - http://ww3.sinaimg.cn/mw600/9997e08egw1f61cz6gdgjj20yt0qon2y.jpg
[2016-07-23 16:24:24.933] [INFO] logInfo - http://ww2.sinaimg.cn/mw600/8eb298e6jw1f60tna8rx7j20k00qoq5e.jpg
[2016-07-23 16:24:24.948] [INFO] logInfo - http://ww3.sinaimg.cn/mw600/762b96edjw1f5uqk6x51tj20c70go3zj.jpg
[2016-07-23 16:24:24.948] [INFO] logInfo - http://ww1.sinaimg.cn/mw600/ece59912jw1f61glc0xcnj20ii0rsgou.jpg
[2016-07-23 16:24:24.995] [INFO] logInfo - http://ww2.sinaimg.cn/mw600/006eS5Gpgw1f60jzqtw06j30jg6bsasv.jpg
[2016-07-23 16:24:25.011] [INFO] logInfo - http://ww1.sinaimg.cn/mw600/64ce4348gw1f61irv7772j20zk0zkwhy.jpg
[2016-07-23 16:24:25.011] [INFO] logInfo - http://ww4.sinaimg.cn/mw600/7d1c8e96gw1f61ftk0u5zj20ia0plqan.jpg
[2016-07-23 16:24:25.011] [INFO] logInfo - http://ww1.sinaimg.cn/mw600/7d1c8e96gw1f61ftcx33wj20ia0rhdm4.jpg
[2016-07-23 16:24:25.026] [INFO] logInfo - http://ww2.sinaimg.cn/mw600/632a985cjw1f61j8rc5fbj20h80h8n0g.jpg
[2016-07-23 16:24:25.042] [INFO] logInfo - http://ww3.sinaimg.cn/mw600/a86c0e87jw1f608mtoq3ij20bs0h6gnp.jpg
[2016-07-23 16:24:25.042] [INFO] logInfo - http://ww3.sinaimg.cn/mw600/ece59912jw1f61glcm6r0j20ii0rsdjl.jpg
[2016-07-23 16:24:25.057] [INFO] logInfo - http://ww3.sinaimg.cn/thumb180/67a60017jw1f61b5ec1fjg20b408cnpe.gif
[2016-07-23 16:24:25.073] [INFO] logInfo - http://ww4.sinaimg.cn/mw600/651673acjw1f61etjmg7zj20c816btfq.jpg
[2016-07-23 16:24:25.104] [INFO] logInfo - http://ww3.sinaimg.cn/mw600/ece59912jw1f61glbodssj20ii0rs416.jpg
[2016-07-23 16:24:25.135] [INFO] logInfo - http://ww3.sinaimg.cn/thumb180/e78a2f4fgw1f61hp2z3v9g208q06k1l0.gif
[2016-07-23 16:24:25.356] [INFO] logInfo - http://ww3.sinaimg.cn/thumb180/67a60017jw1f61b5ajhfog20b408c7wh.gif
[2016-07-23 16:24:25.356] [INFO] logInfo - http://ww3.sinaimg.cn/mw600/6cca1403jw1f61jrke7iij20e20hlab2.jpg
[2016-07-23 16:24:25.356] [INFO] logInfo - http://ww3.sinaimg.cn/thumb180/67a60017jw1f61b5x3uumg20b408ckjl.gif
[2016-07-23 16:24:25.371] [INFO] logInfo - http://ww2.sinaimg.cn/mw600/7d1c8e96gw1f61ftaunfgj20ia23fqet.jpg
[2016-07-23 16:24:25.637] [INFO] logInfo - http://ww2.sinaimg.cn/thumb180/a180de74gw1f60m8jiiaag20960587wm.gif
[2016-07-23 16:24:25.637] [INFO] logInfo - http://ww4.sinaimg.cn/thumb180/6311bf3fgw1f61dpl6w6zg20k00b8kjy.gif
[2016-07-23 16:24:25.652] [INFO] logInfo - http://ww1.sinaimg.cn/thumb180/547fa560jw1f60g91jxpog20d807ikjv.gif
[2016-07-23 16:24:25.652] [INFO] logInfo - http://ww1.sinaimg.cn/thumb180/6311bf3fgw1f61dlyyc1gg20dc07ib2l.gif
[2016-07-23 16:24:25.652] [INFO] logInfo - http://ww2.sinaimg.cn/thumb180/005zgTSzjw1f60ipb0houg30a605qx6p.gif
[2016-07-23 16:24:25.652] [INFO] logInfo - http://ww2.sinaimg.cn/thumb180/71021e17gw1f60nbeq6bsg20aa05eu0x.gif
[2016-07-23 16:24:25.652] [INFO] logInfo - http://ww2.sinaimg.cn/thumb180/d54a1fa7jw1f60jddesorg20ak05zb2a.gif
[2016-07-23 16:24:25.652] [INFO] logInfo - http://ww3.sinaimg.cn/mw600/006kPwEIjw1f61qemimlsj30jgbmnx6p.jpg
[2016-07-23 16:24:25.652] [INFO] logInfo - http://ww4.sinaimg.cn/thumb180/c1a3c815gw1f618tvrt72g207c05au0x.gif
[2016-07-23 16:24:25.652] [INFO] logInfo - http://ww1.sinaimg.cn/thumb180/7c0f6495jw1f60qtp6g64g20b406tnpd.gif
[2016-07-23 16:24:25.668] [INFO] logInfo - http://ww2.sinaimg.cn/thumb180/698185b4gw1f60opyrqhfg20cs0cqb2m.gif
[2016-07-23 16:24:25.668] [INFO] logInfo - http://ww2.sinaimg.cn/mw600/66b3de17gw1f60sub2bfcj20rs0ig44u.jpg
[2016-07-23 16:24:25.715] [INFO] logInfo - http://ww1.sinaimg.cn/thumb180/547fa560gw1f60g4i16npg206n08w000.gif
[2016-07-23 16:24:25.730] [INFO] logInfo - http://ww2.sinaimg.cn/thumb180/90dad067gw1f5zxby3lotg208c05owy1.gif
[2016-07-23 16:24:25.839] [INFO] logInfo - http://ww2.sinaimg.cn/mw600/66b3de17gw1f60su8w2pqj20jg0czq4g.jpg
[2016-07-23 16:24:25.839] [INFO] logInfo - http://ww1.sinaimg.cn/mw600/73b7509dgw1f5xmop0n17j20go0b4q47.jpg
[2016-07-23 16:24:25.839] [INFO] logInfo - http://ww1.sinaimg.cn/mw600/66b3de17gw1f60su6mwwkj20qo0ejtaa.jpg
[2016-07-23 16:24:25.933] [INFO] logInfo - http://ww1.sinaimg.cn/mw600/006pwSuXgw1f5yh719rncj30vq0xctdp.jpg
[2016-07-23 16:24:26.136] [INFO] logInfo - http://ww3.sinaimg.cn/thumb180/005SEQGOjw1f60tix1xtdg307j04f1ky.gif
[2016-07-23 16:24:26.136] [INFO] logInfo - http://ww2.sinaimg.cn/mw600/c0184b30jw1f5z3822mc0j215w0tdwx3.jpg
[2016-07-23 16:24:26.231] [INFO] logInfo - http://ww2.sinaimg.cn/mw600/3ebeed07gw1f617j48c1hj21d81tmk56.jpg
[2016-07-23 16:24:26.249] [INFO] logInfo - http://ww1.sinaimg.cn/mw600/8245bf01jw1f60rqn55kaj20ku0uj431.jpg
[2016-07-23 16:24:26.280] [INFO] logInfo - http://ww1.sinaimg.cn/mw600/66b3de17gw1f60submklej20zk0k0goh.jpg
[2016-07-23 16:24:26.280] [INFO] logInfo - http://ww2.sinaimg.cn/mw600/a86c0e87jw1f608mrxarmj20c20gajsm.jpg
[2016-07-23 16:24:26.311] [INFO] logInfo - http://ww1.sinaimg.cn/mw600/66b3de17gw1f60su9f12kj20df0i1mym.jpg
[2016-07-23 16:24:26.343] [INFO] logInfo - http://ww4.sinaimg.cn/mw600/537d92b0gw1f61da0caa0j20we1e0n4q.jpg
[2016-07-23 16:24:26.374] [INFO] logInfo - http://ww1.sinaimg.cn/thumb180/547fa560gw1f60g4muaqfg205m0a0b2n.gif
[2016-07-23 16:24:26.452] [INFO] logInfo - http://ww1.sinaimg.cn/mw600/bcc93f49gw1f61iiapavcj209q0b43ys.jpg
[2016-07-23 16:24:26.483] [INFO] logInfo - http://ww2.sinaimg.cn/mw600/66b3de17gw1f60su7a58ij20jg0fi779.jpg
[2016-07-23 16:24:26.499] [INFO] logInfo - http://ww4.sinaimg.cn/mw600/66b3de17gw1f60suaseucj20ly0eyjsk.jpg
[2016-07-23 16:24:26.499] [INFO] logInfo - http://ww2.sinaimg.cn/mw600/66b3de17gw1f60su7rak4j20p10u0god.jpg
[2016-07-23 16:24:26.561] [INFO] logInfo - http://ww1.sinaimg.cn/mw600/6f2ce5d0gw1ezy8nti7iej21kw16o1cg.jpg
[2016-07-23 16:24:26.577] [INFO] logInfo - http://ww2.sinaimg.cn/mw600/762b96edjw1f5uprizbnfj20go0a13zc.jpg
[2016-07-23 16:24:26.592] [INFO] logInfo - http://ww1.sinaimg.cn/thumb180/6f2ce5d0gw1ea4jkcrwr7g204v08unpd.gif
[2016-07-23 16:24:26.592] [INFO] logInfo - http://ww4.sinaimg.cn/mw600/a00dfa2agw1f60pjce6muj20cr0go75k.jpg
[2016-07-23 16:24:26.639] [INFO] logInfo - http://ww3.sinaimg.cn/thumb180/62faf073gw1f60igb6pavg20dw07tx6p.gif
[2016-07-23 16:24:26.655] [INFO] logInfo - http://ww3.sinaimg.cn/thumb180/95dc74f3gw1f60vcuik1ig208w08wx6q.gif
[2016-07-23 16:24:26.686] [INFO] logInfo - http://ww3.sinaimg.cn/mw600/c40987ffgw1f61dkh0xouj20am04pdg4.jpg
[2016-07-23 16:24:26.717] [INFO] logInfo - http://ww3.sinaimg.cn/mw600/006ix3qGjw1f2v9qyjf0zj30b30gpgm8.jpg
[2016-07-23 16:24:26.733] [INFO] logInfo - http://ww3.sinaimg.cn/mw600/7a106120gw1f5zkbjhd86j20aj0a8mxf.jpg
[2016-07-23 16:24:26.764] [INFO] logInfo - finished
[2016-07-23 16:24:26.764] [INFO] logInfo - http://ww4.sinaimg.cn/mw600/62f87eb4gw1f619w25vzoj20d50fmab3.jpg
[2016-07-23 16:24:26.779] [INFO] logInfo - http://ww1.sinaimg.cn/mw600/83f596c9gw1f6187y5s5oj20ia0wi437.jpg
[2016-07-23 16:24:26.779] [INFO] logInfo - http://ww3.sinaimg.cn/thumb180/7c0f6495jw1f60qu2j9ftg20dw07thc9.gif
[2016-07-23 16:24:26.779] [INFO] logInfo - http://ww3.sinaimg.cn/mw600/63912bc0jw1f60fm5tmbej20hs0b174c.jpg
[2016-07-23 16:24:26.795] [INFO] logInfo - http://ww2.sinaimg.cn/mw600/83f596c9gw1f6187x53uij20ia0qtaki.jpg
[2016-07-23 16:24:26.795] [INFO] logInfo - http://ww1.sinaimg.cn/mw600/66b3de17gw1f60su8bgjej20uk0j3n7z.jpg
[2016-07-23 16:24:26.795] [INFO] logInfo - http://ww3.sinaimg.cn/thumb180/6f2ce5d0gw1ea4jkyyih7g20b408cx6p.gif
[2016-07-23 16:24:26.811] [INFO] logInfo - http://ww4.sinaimg.cn/mw600/a15b4afegw1f60q5z8wyfj20bs0efq4x.jpg
[2016-07-23 16:24:26.826] [INFO] logInfo - http://ww4.sinaimg.cn/mw600/a15b4afegw1f60q4w5iczj20cg0o0goc.jpg
[2016-07-23 16:24:26.826] [INFO] logInfo - http://ww1.sinaimg.cn/mw600/a00dfa2agw1f60pjaqfd3j20jg0fugn5.jpg
[2016-07-23 16:24:26.826] [INFO] logInfo - http://ww1.sinaimg.cn/mw600/88c184bcgw1f61akbva0nj20eq0ffgn8.jpg
[2016-07-23 16:24:26.842] [INFO] logInfo - http://ww3.sinaimg.cn/thumb180/d54a1fa7jw1f60jbu7wg4g20a005q1l0.gif
[2016-07-23 16:24:26.842] [INFO] logInfo - http://ww4.sinaimg.cn/mw600/6d51471fgw1f60s4snzmtj20qo14ugpu.jpg
[2016-07-23 16:24:26.873] [INFO] logInfo - http://ww4.sinaimg.cn/mw600/a15b4afegw1f60q5pnun6j20cg0qcn0i.jpg
[2016-07-23 16:24:26.873] [INFO] logInfo - http://ww4.sinaimg.cn/mw600/61fecdffjw1f60ek6zepqj20hs0c7q5i.jpg
[2016-07-23 16:24:26.904] [INFO] logInfo - http://ww4.sinaimg.cn/mw600/73b7509dgw1f5xmodavshj20b407e75a.jpg
[2016-07-23 16:24:26.920] [INFO] logInfo - http://ww4.sinaimg.cn/mw600/a15b4afegw1f60q5v45ydj20cg0j0goi.jpg
[2016-07-23 16:24:26.935] [INFO] logInfo - http://ww4.sinaimg.cn/mw600/a15b4afegw1f60q5avvhkj20cg0mwtca.jpg
[2016-07-23 16:24:26.951] [INFO] logInfo - http://ww1.sinaimg.cn/mw600/73b7509dgw1f5xmo221pjj20hs0bvjut.jpg
[2016-07-23 16:24:26.982] [INFO] logInfo - http://ww4.sinaimg.cn/mw600/6f2ce5d0gw1eadsd85duhj20c80qttal.jpg
[2016-07-23 16:24:26.998] [INFO] logInfo - http://ww4.sinaimg.cn/mw600/66b3de17gw1f60su9sor5j20go0k4dhl.jpg
[2016-07-23 16:24:26.998] [INFO] logInfo - http://ww3.sinaimg.cn/mw600/4d6cd23ejw1f61as258ksj20c80wegok.jpg
[2016-07-23 16:24:27.029] [INFO] logInfo - http://ww3.sinaimg.cn/mw600/006gIbcCgw1f60gp23bagj30iw0cldi8.jpg
[2016-07-23 16:24:27.045] [INFO] logInfo - http://ww4.sinaimg.cn/mw600/a15b4afegw1f60q4zn9guj20bs0hkac6.jpg
[2016-07-23 16:24:27.060] [INFO] logInfo - http://ww4.sinaimg.cn/mw600/a15b4afegw1f60q4isrjxj20cg0px0wd.jpg
[2016-07-23 16:24:27.060] [INFO] logInfo - http://ww3.sinaimg.cn/thumb180/547fa560gw1f60fz8m7arg206n06ne84.gif
[2016-07-23 16:24:27.060] [INFO] logInfo - http://ww1.sinaimg.cn/mw600/7c0f6495jw1f60qmd1t8pj20og0uk0ym.jpg
[2016-07-23 16:24:27.076] [INFO] logInfo - http://ww1.sinaimg.cn/thumb180/64a00586gw1f61f031j44g20dc082qv5.gif
[2016-07-23 16:24:27.197] [INFO] logInfo - http://ww3.sinaimg.cn/thumb180/63f584f7gw1f60lt5r6r5g207m078x6p.gif
[2016-07-23 16:24:27.198] [INFO] logInfo - http://ww3.sinaimg.cn/thumb180/547fa560gw1f60fxq9tqgg206y064x6p.gif
[2016-07-23 16:24:27.199] [INFO] logInfo - http://ww1.sinaimg.cn/mw600/6f2ce5d0gw1e8wscf8jnxj216o1kwqgy.jpg
[2016-07-23 16:24:27.200] [INFO] logInfo - http://ww3.sinaimg.cn/mw600/0063FZkDjw1f61bzr3qdoj30px0e2q86.jpg
[2016-07-23 16:24:27.200] [INFO] logInfo - http://ww3.sinaimg.cn/mw600/d8325c71gw1f60rikyq53j209z0dxwf5.jpg
[2016-07-23 16:24:27.200] [INFO] logInfo - http://ww4.sinaimg.cn/mw600/6f31956bjw1f60uar7qadj20zk145aim.jpg
[2016-07-23 16:24:27.200] [INFO] logInfo - http://ww3.sinaimg.cn/mw600/66b3de17gw1f60suc55dcj20ru0gtwhj.jpg
[2016-07-23 16:24:27.216] [INFO] logInfo - http://ww4.sinaimg.cn/mw600/a15b4afegw1f60q4rz7w8j20cg0jk0w6.jpg
[2016-07-23 16:24:27.216] [INFO] logInfo - http://ww1.sinaimg.cn/mw600/83f596c9gw1f6187xywvoj20ia0rmalj.jpg
[2016-07-23 16:24:27.216] [INFO] logInfo - http://ww3.sinaimg.cn/mw600/bcc93f49gw1f5zj3xoybcj20h80co0tm.jpg
[2016-07-23 16:24:27.231] [INFO] logInfo - http://ww4.sinaimg.cn/mw600/a15b4afegw1f60q5hrt6yj20cg0mcgor.jpg
[2016-07-23 16:24:27.262] [INFO] logInfo - http://ww3.sinaimg.cn/mw600/7e948b4dgw1f61b5f25kjj20cs082dgs.jpg
[2016-07-23 16:24:27.356] [INFO] logInfo - http://ww3.sinaimg.cn/mw600/6c326847gw1f60bklax9ij20r30ky44k.jpg
[2016-07-23 16:24:27.387] [INFO] logInfo - http://ww3.sinaimg.cn/thumb180/547fa560gw1f61ho4obfqg20dw07t4p5.gif
[2016-07-23 16:24:27.387] [INFO] logInfo - http://ww3.sinaimg.cn/mw600/659c6c35gw1f61ju3lt98j20fs0jn423.jpg
[2016-07-23 16:24:27.387] [INFO] logInfo - http://ww2.sinaimg.cn/mw600/88c184bcgw1f61b34jly2j20ku112q60.jpg
[2016-07-23 16:24:27.403] [INFO] logInfo - http://ww2.sinaimg.cn/thumb180/6a07350bjw1f608zfdoy6g206o055u0x.gif
[2016-07-23 16:24:27.403] [INFO] logInfo - http://ww2.sinaimg.cn/thumb180/005LdK0mgw1f5z8booxrcg3072069x6p.gif
[2016-07-23 16:24:27.403] [INFO] logInfo - http://ww2.sinaimg.cn/thumb180/b28db48cjw1f607hxg5azg206y08oqv5.gif
[2016-07-23 16:24:27.403] [INFO] logInfo - http://ww3.sinaimg.cn/mw600/62934211jw1f61e7kqc4fj20ku0rsdk8.jpg
[2016-07-23 16:24:27.403] [INFO] logInfo - http://ww3.sinaimg.cn/mw600/66b3de17gw1f60su9s2jgj20jg0pxn2r.jpg
[2016-07-23 16:24:27.403] [INFO] logInfo - http://ww2.sinaimg.cn/thumb180/b28db48cjw1f607hxg5azg206y08oqv5.gif
[2016-07-23 16:24:27.403] [INFO] logInfo - http://ww3.sinaimg.cn/mw600/005zgTSzjw1f60ipd9o77j30hm0d7wgk.jpg
[2016-07-23 16:24:27.418] [INFO] logInfo - http://ww2.sinaimg.cn/mw600/6cca1403jw1f60fwi4yz0j208e04d0sp.jpg
[2016-07-23 16:24:27.450] [INFO] logInfo - http://ww2.sinaimg.cn/mw600/825f8b29jw1f60jccbm40j20ek0b8wey.jpg
[2016-07-23 16:24:27.465] [INFO] logInfo - http://ww2.sinaimg.cn/mw600/69d909a5gw1f60gw1xbhyj20i60dlq4c.jpg
[2016-07-23 16:24:27.481] [INFO] logInfo - http://ww2.sinaimg.cn/mw600/66b3de17gw1f60g038vw2j20p50h7wgg.jpg
[2016-07-23 16:24:27.528] [INFO] logInfo - http://ww1.sinaimg.cn/thumb180/56682a80gw1f60kl3hnxlg208h05ze81.gif
[2016-07-23 16:24:27.528] [INFO] logInfo - http://ww4.sinaimg.cn/thumb180/56682a80gw1f60kkuuclhg205g052x6p.gif
[2016-07-23 16:24:27.543] [INFO] logInfo - http://ww1.sinaimg.cn/thumb180/95886feagw1f60fsgcrf7g208w06ob2d.gif
[2016-07-23 16:24:27.559] [INFO] logInfo - http://ww4.sinaimg.cn/thumb180/4876e8adgw1f60i515849g207n0dwx6q.gif
[2016-07-23 16:24:27.559] [INFO] logInfo - http://ww1.sinaimg.cn/thumb180/00646Khqjw1f60jamiuw3g30b40687wl.gif
[2016-07-23 16:24:27.574] [INFO] logInfo - http://ww1.sinaimg.cn/thumb180/6968c153gw1f6080zfawvg209q08tx6p.gif
[2016-07-23 16:24:27.574] [INFO] logInfo - http://ww4.sinaimg.cn/thumb180/9031e329gw1f60hzo3mlvg20ds07rb2r.gif
[2016-07-23 16:24:27.621] [INFO] logInfo - http://ww1.sinaimg.cn/mw600/62f87eb4gw1f60ey5tsskj20jq0b3jt0.jpg
[2016-07-23 16:24:27.621] [INFO] logInfo - http://ww4.sinaimg.cn/mw600/691211ebjw1f60c3w2erdj20hs0npjsx.jpg
[2016-07-23 16:24:27.730] [INFO] logInfo - http://ww1.sinaimg.cn/mw600/62f87eb4gw1f60ey5e73oj20jq0b3abl.jpg
[2016-07-23 16:24:27.730] [INFO] logInfo - http://ww3.sinaimg.cn/mw600/6cca1403jw1f60gd4rgh6j20d20hgwex.jpg
[2016-07-23 16:24:27.730] [INFO] logInfo - http://ww2.sinaimg.cn/mw600/537d92b0jw1f60ekjmhjwj209e0dcwf9.jpg
[2016-07-23 16:24:27.730] [INFO] logInfo - http://ww4.sinaimg.cn/thumb180/d54a1fa7jw1f60flt46m5g20ak05yu10.gif
[2016-07-23 16:24:27.762] [INFO] logInfo - http://ww1.sinaimg.cn/thumb180/00646Khqjw1f60jat6z0fg30b40aw7wm.gif
[2016-07-23 16:24:27.793] [INFO] logInfo - http://ww4.sinaimg.cn/mw600/69d909a5gw1f60gw2m2rnj20pl0hjq6h.jpg
[2016-07-23 16:24:27.793] [INFO] logInfo - http://ww3.sinaimg.cn/mw600/6cca1403jw1f60h2u4pv0j20gj0cbjsm.jpg
[2016-07-23 16:24:27.793] [INFO] logInfo - http://ww3.sinaimg.cn/thumb180/00646Khqjw1f60iwi1b2zg30b4069x6v.gif
[2016-07-23 16:24:27.793] [INFO] logInfo - http://ww4.sinaimg.cn/mw600/6dd4bf51gw1f60gokc7j6j20k204tjrw.jpg
[2016-07-23 16:24:27.855] [INFO] logInfo - http://ww1.sinaimg.cn/mw600/537d92b0jw1f60ekiemiyj20dc06gaav.jpg
[2016-07-23 16:24:27.871] [INFO] logInfo - http://ww2.sinaimg.cn/mw600/6cca1403jw1f60fr70jdhj20gi0ggmyf.jpg
[2016-07-23 16:24:27.871] [INFO] logInfo - finished
[2016-07-23 16:24:27.871] [INFO] logInfo - http://ww3.sinaimg.cn/thumb180/3e3666efjw1f608ic6m64g208o06mb2c.gif
[2016-07-23 16:24:27.980] [INFO] logInfo - http://ww2.sinaimg.cn/mw600/a5c9eeb7jw1f60jxcynohj20er09njtb.jpg
[2016-07-23 16:24:28.089] [INFO] logInfo - http://ww1.sinaimg.cn/mw600/00646Khqjw1f60il5um3yj30i68821kx.jpg
[2016-07-23 16:24:28.105] [INFO] logInfo - http://ww4.sinaimg.cn/mw600/6cca1403jw1f60g1qrwqmj20cm0hq0uj.jpg
[2016-07-23 16:24:28.185] [INFO] logInfo - http://ww2.sinaimg.cn/mw600/85972563jw1f60t6tf89sj20h55ea1kx.jpg
[2016-07-23 16:24:28.185] [INFO] logInfo - http://ww4.sinaimg.cn/mw600/6cca1403jw1f60gsjzhhjj20d20hk75c.jpg
[2016-07-23 16:24:28.185] [INFO] logInfo - http://ww3.sinaimg.cn/thumb180/00646Khqjw1f60il4j7hng30fk08o7wm.gif
[2016-07-23 16:24:28.216] [INFO] logInfo - http://ww1.sinaimg.cn/mw600/6cca1403jw1f60fvgy3wej20gd0gfgmp.jpg
[2016-07-23 16:24:28.216] [INFO] logInfo - http://ww1.sinaimg.cn/mw600/00646Khqjw1f60jau6zfyj30go0i4ta7.jpg
[2016-07-23 16:24:28.232] [INFO] logInfo - http://ww3.sinaimg.cn/thumb180/8e225e90gw1f60ehddd9pg207s04dnpf.gif
[2016-07-23 16:24:28.278] [INFO] logInfo - http://ww3.sinaimg.cn/mw600/6cca1403jw1f60g2pexs8j20gk0c0ab1.jpg
[2016-07-23 16:24:28.310] [INFO] logInfo - http://ww1.sinaimg.cn/mw600/6cca1403jw1f60elmdgigj20d70hidh0.jpg
[2016-07-23 16:24:28.325] [INFO] logInfo - http://ww3.sinaimg.cn/mw600/9031e329gw1f60hut04spj20xc0p00yq.jpg
[2016-07-23 16:24:28.356] [INFO] logInfo - http://ww2.sinaimg.cn/mw600/005VTicUgw1f60daat2v9j30h63qb7he.jpg
[2016-07-23 16:24:28.388] [INFO] logInfo - http://ww3.sinaimg.cn/mw600/9031e329gw1f60hushugjj20sg0sgaey.jpg
[2016-07-23 16:24:28.388] [INFO] logInfo - http://ww1.sinaimg.cn/thumb180/00646Khqjw1f60iw9i2bvg30b40jrhdu.gif
[2016-07-23 16:24:28.419] [INFO] logInfo - http://ww3.sinaimg.cn/mw600/691211ebjw1f60c3ww84oj20hs0npabj.jpg
[2016-07-23 16:24:28.434] [INFO] logInfo - http://ww3.sinaimg.cn/mw600/69d909a5gw1f60gw14l5kj20ip0dmabk.jpg
[2016-07-23 16:24:28.434] [INFO] logInfo - http://ww4.sinaimg.cn/mw600/46742f4agw1f60g5xlyhqj20hs0o075x.jpg
[2016-07-23 16:24:28.497] [INFO] logInfo - http://ww3.sinaimg.cn/mw600/89fe1ba9jw1f61yoqv5y9j20ku0k0jwe.jpg
[2016-07-23 16:24:28.528] [INFO] logInfo - http://ww3.sinaimg.cn/mw600/bead034bgw1f60g3jirlqj20g00lc0v1.jpg
[2016-07-23 16:24:28.733] [INFO] logInfo - http://ww4.sinaimg.cn/mw600/55177ebejw1f61e6b0m4dj20k08m41go.jpg
[2016-07-23 16:24:28.733] [INFO] logInfo - http://ww3.sinaimg.cn/mw600/9e5389bbjw1f6069e3z9mj20go0m8ad1.jpg
[2016-07-23 16:24:28.936] [INFO] logInfo - http://ww1.sinaimg.cn/mw600/6255971dgw1f60nbb97q9j20hs4hnkjl.jpg
[2016-07-23 16:24:28.967] [INFO] logInfo - http://ww3.sinaimg.cn/mw600/537d92b0jw1f60ekisdo7j20dc0a4t9v.jpg
[2016-07-23 16:24:28.982] [INFO] logInfo - http://ww2.sinaimg.cn/thumb180/6e9f0cbbgw1f60a5x1x9bg208w06ob2d.gif
[2016-07-23 16:24:28.982] [INFO] logInfo - http://ww2.sinaimg.cn/mw600/6cca1403jw1f605kkjq3lj20gk0ataba.jpg
[2016-07-23 16:24:28.982] [INFO] logInfo - http://ww2.sinaimg.cn/mw600/6cca1403jw1f605s1fvy6j20gh096mxn.jpg
[2016-07-23 16:24:28.982] [INFO] logInfo - http://ww2.sinaimg.cn/thumb180/6e9f0cbbgw1f60a7dstvtg208w06oqv7.gif
[2016-07-23 16:24:28.998] [INFO] logInfo - http://ww2.sinaimg.cn/thumb180/6a07350bjw1f608zfdoy6g206o055u0x.gif
[2016-07-23 16:24:28.998] [INFO] logInfo - http://ww2.sinaimg.cn/thumb180/d6f22432gw1f5zvd26fsag20db07fb2m.gif
[2016-07-23 16:24:29.123] [INFO] logInfo - http://ww4.sinaimg.cn/thumb180/c1a3c815gw1f605isygh4g207c05hb29.gif
[2016-07-23 16:24:29.123] [INFO] logInfo - http://ww4.sinaimg.cn/thumb180/c1a3c815gw1f605isygh4g207c05hb29.gif
[2016-07-23 16:24:29.170] [INFO] logInfo - http://ww2.sinaimg.cn/mw600/0066zNXUjw1f5zqon7407j30ku0kugpp.jpg
[2016-07-23 16:24:29.218] [INFO] logInfo - http://ww1.sinaimg.cn/mw600/66b3de17gw1f606juimbmj20go0temya.jpg
[2016-07-23 16:24:29.218] [INFO] logInfo - http://ww4.sinaimg.cn/thumb180/6e9f0cbbgw1f60a6x001ng20880ake87.gif
[2016-07-23 16:24:29.218] [INFO] logInfo - http://ww2.sinaimg.cn/mw600/401fd883gw1f60ahar3itj20ha0ha3zh.jpg
[2016-07-23 16:24:29.234] [INFO] logInfo - http://ww2.sinaimg.cn/mw600/762b96edjw1f5uq7fnw5jj20go0ciaax.jpg
[2016-07-23 16:24:29.250] [INFO] logInfo - http://ww2.sinaimg.cn/mw600/78f2cc43gw1f5zxvb579yj20e50txwge.jpg
[2016-07-23 16:24:29.250] [INFO] logInfo - http://ww4.sinaimg.cn/mw600/6cca1403jw1f604pf3wbij20d30hhabf.jpg
[2016-07-23 16:24:29.265] [INFO] logInfo - http://ww2.sinaimg.cn/mw600/6cca1403jw1f6074mh1n9j20gk0ceq3m.jpg
[2016-07-23 16:24:29.265] [INFO] logInfo - http://ww2.sinaimg.cn/mw600/d12a9296gw1f5z81wnp3kj20qo0k0gnd.jpg
[2016-07-23 16:24:29.296] [INFO] logInfo - http://ww3.sinaimg.cn/thumb180/c1a3c815gw1f604c4sgw3g207m05ckjl.gif
[2016-07-23 16:24:29.312] [INFO] logInfo - http://ww2.sinaimg.cn/mw600/005tRQbzgw1f5zv3mg55yj30ku1127bz.jpg
[2016-07-23 16:24:29.328] [INFO] logInfo - http://ww4.sinaimg.cn/mw600/a905b8d7gw1f607r152ggj20g00sfmyx.jpg
[2016-07-23 16:24:29.359] [INFO] logInfo - http://ww3.sinaimg.cn/mw600/72cd5f95jw1f608o1cu7vj207c09s3yu.jpg
[2016-07-23 16:24:29.359] [INFO] logInfo - http://ww2.sinaimg.cn/mw600/005Inxhejw1f606bzwwfrj31w02iob2a.jpg
[2016-07-23 16:24:29.359] [INFO] logInfo - http://ww4.sinaimg.cn/thumb180/a5400ff1jw1f6096rtqhjg20b4069u0y.gif
[2016-07-23 16:24:29.359] [INFO] logInfo - http://ww4.sinaimg.cn/mw600/6cca1403jw1f604vv6wpdj20dd0hijtd.jpg
[2016-07-23 16:24:29.374] [INFO] logInfo - http://ww2.sinaimg.cn/mw600/6a75558fjw1ezecdnyqrtj21jk1jktob.jpg
[2016-07-23 16:24:29.374] [INFO] logInfo - http://ww4.sinaimg.cn/mw600/762b96edjw1f5urlcfnguj20dw0ij40b.jpg
[2016-07-23 16:24:29.406] [INFO] logInfo - http://ww4.sinaimg.cn/thumb180/62f87eb4gw1f604bzgpaeg206a0b4e81.gif
[2016-07-23 16:24:29.406] [INFO] logInfo - http://ww1.sinaimg.cn/thumb180/66640ec4jw1f606v70ziag208w06ou0x.gif
[2016-07-23 16:24:29.421] [INFO] logInfo - http://ww1.sinaimg.cn/thumb180/685d4d6cgw1f5zjz3n772g20f008gkjl.gif
[2016-07-23 16:24:29.421] [INFO] logInfo - http://ww1.sinaimg.cn/thumb180/a801236bjw1f5wwcpuyosg208b05xx6p.gif
[2016-07-23 16:24:29.421] [INFO] logInfo - http://ww2.sinaimg.cn/mw600/6b1394a6gw1f604d7h7ecj20rf0g1q6c.jpg
[2016-07-23 16:24:29.437] [INFO] logInfo - http://ww2.sinaimg.cn/mw600/72cd5f95jw1f608o5xyncj20hs0dcdhx.jpg
[2016-07-23 16:24:29.515] [INFO] logInfo - http://ww1.sinaimg.cn/mw600/6cca1403jw1f605u3n62rj20gl0algmd.jpg
[2016-07-23 16:24:29.562] [INFO] logInfo - http://ww4.sinaimg.cn/mw600/67d7a470gw1f5ziqgyqd6j20qo0zktkl.jpg
[2016-07-23 16:24:29.608] [INFO] logInfo - http://ww1.sinaimg.cn/mw600/762b96edjw1f5ups2oh9zj20dw08gn4k.jpg
[2016-07-23 16:24:29.624] [INFO] logInfo - http://ww4.sinaimg.cn/mw600/67d7a470gw1f5ziqpe2cqj20qo0zk4a9.jpg
[2016-07-23 16:24:29.640] [INFO] logInfo - http://ww4.sinaimg.cn/mw600/66b3de17gw1f606jt40h4j20go0p0q6v.jpg
[2016-07-23 16:24:29.655] [INFO] logInfo - finished
[2016-07-23 16:24:29.655] [INFO] logInfo - http://ww4.sinaimg.cn/thumb180/62f87eb4gw1f604by037yg206a0b4b29.gif
[2016-07-23 16:24:29.671] [INFO] logInfo - http://ww4.sinaimg.cn/thumb180/7cd6c6d8gw1f608cgrlqcg207i0dcnpd.gif
[2016-07-23 16:24:29.718] [INFO] logInfo - http://ww1.sinaimg.cn/thumb180/6e9f0cbbgw1f60a5d2gl2g206008cqv7.gif
[2016-07-23 16:24:29.749] [INFO] logInfo - http://ww4.sinaimg.cn/mw600/6cca1403jw1f606epzm4ij20d70hm75b.jpg
[2016-07-23 16:24:29.842] [INFO] logInfo - http://ww1.sinaimg.cn/mw600/b4ce1d52jw1f51v99hkjzj20c007i0tg.jpg
[2016-07-23 16:24:29.858] [INFO] logInfo - http://ww4.sinaimg.cn/thumb180/c1a3c815gw1f605hn2jh4g20780564qp.gif
[2016-07-23 16:24:29.874] [INFO] logInfo - http://ww1.sinaimg.cn/mw600/83f596c9gw1f603v6yzdsj20ia0p6q69.jpg
[2016-07-23 16:24:29.889] [INFO] logInfo - http://ww4.sinaimg.cn/mw600/6b8a32e3gw1f609mgqv6hj20hr0igadc.jpg
[2016-07-23 16:24:29.905] [INFO] logInfo - http://ww3.sinaimg.cn/thumb180/71167f01jw1f60a7hnjarg20a009fx6p.gif
[2016-07-23 16:24:29.936] [INFO] logInfo - http://ww1.sinaimg.cn/mw600/6a75558fjw1ezeccfoudxj21jk1jkapk.jpg
[2016-07-23 16:24:29.967] [INFO] logInfo - http://ww4.sinaimg.cn/mw600/5773e4e1jw1f5zp8937hzj20m80gotap.jpg
[2016-07-23 16:24:29.998] [INFO] logInfo - http://ww3.sinaimg.cn/mw600/a5400ff1gw1f5ze42ho2bj20dm0d10tq.jpg
[2016-07-23 16:24:30.014] [INFO] logInfo - http://ww3.sinaimg.cn/mw600/6a75558fjw1f604wn7meij20zk0qon0t.jpg
[2016-07-23 16:24:30.045] [INFO] logInfo - http://ww4.sinaimg.cn/mw600/6cca1403jw1f606vgwkl6j20gj0ge0u5.jpg
[2016-07-23 16:24:30.061] [INFO] logInfo - http://ww3.sinaimg.cn/thumb180/6e9f0cbbgw1f60a7ogvx3g208w06oe82.gif
[2016-07-23 16:24:30.076] [INFO] logInfo - http://ww2.sinaimg.cn/mw600/66b3de17gw1f606jvsv4pj20go0jbjub.jpg
[2016-07-23 16:24:30.092] [INFO] logInfo - http://ww4.sinaimg.cn/mw600/83f596c9gw1f603v7cgqfj20ia0ozwhu.jpg
[2016-07-23 16:24:30.108] [INFO] logInfo - http://ww3.sinaimg.cn/mw600/66b3de17gw1f606jtucxjj20go0go409.jpg
[2016-07-23 16:24:30.139] [INFO] logInfo - http://ww1.sinaimg.cn/thumb180/685d4d6cgw1f5zjz4ko0kg20f008gkjl.gif
[2016-07-23 16:24:30.139] [INFO] logInfo - http://ww3.sinaimg.cn/mw600/66b3de17gw1f606jwbdxyj20go0ci40g.jpg
[2016-07-23 16:24:30.139] [INFO] logInfo - http://ww3.sinaimg.cn/thumb180/415f82b9gw1f5zhv720i7g205w03b1kx.gif
[2016-07-23 16:24:30.203] [INFO] logInfo - http://ww3.sinaimg.cn/mw600/762b96edgw1f5upg2kcn3j20go0cigmd.jpg
[2016-07-23 16:24:30.219] [INFO] logInfo - http://ww2.sinaimg.cn/mw600/67d7a470gw1f5ziql5h18j20qo0zkdro.jpg
[2016-07-23 16:24:30.250] [INFO] logInfo - http://ww1.sinaimg.cn/mw600/67d7a470gw1f5ziq8832zj20qo0zkk3e.jpg
[2016-07-23 16:24:30.250] [INFO] logInfo - http://ww1.sinaimg.cn/mw600/6cca1403jw1f606dgm2ijj20bx0hhtac.jpg
[2016-07-23 16:24:30.312] [INFO] logInfo - http://ww4.sinaimg.cn/mw600/83f596c9gw1f603v6dwrej20ia0p4tc6.jpg
[2016-07-23 16:24:30.328] [INFO] logInfo - http://ww1.sinaimg.cn/mw600/67d7a470gw1f5ziq3xxdlj20qo0zk14x.jpg
[2016-07-23 16:24:30.328] [INFO] logInfo - http://ww4.sinaimg.cn/mw600/67d7a470gw1f5ziqxddy9j20qo0zkk3m.jpg
[2016-07-23 16:24:30.328] [INFO] logInfo - http://ww3.sinaimg.cn/thumb180/6e9f0cbbgw1f60a87zftxg208w06o7wk.gif
[2016-07-23 16:24:30.344] [INFO] logInfo - http://ww1.sinaimg.cn/mw600/6a75558fjw1f604wm1qqnj20zk0zk7di.jpg
[2016-07-23 16:24:30.359] [INFO] logInfo - http://ww3.sinaimg.cn/thumb180/d6f22432gw1f5zts03aqxg20by06lnpv.gif
[2016-07-23 16:24:30.422] [INFO] logInfo - http://ww3.sinaimg.cn/thumb180/60ade0f3jw1f5zdb262zxg20b1065e84.gif
[2016-07-23 16:24:30.422] [INFO] logInfo - http://ww3.sinaimg.cn/mw600/9d253c1bgw1f5zkvukpehj20k00yb0y0.jpg
[2016-07-23 16:24:30.453] [INFO] logInfo - http://ww4.sinaimg.cn/mw600/a905b8d7gw1f607r152ggj20g00sfmyx.jpg
[2016-07-23 16:24:30.484] [INFO] logInfo - http://ww4.sinaimg.cn/mw600/005NIE7ygw1f6082vfccfg30740d0dqj.jpg
[2016-07-23 16:24:30.484] [INFO] logInfo - http://ww3.sinaimg.cn/mw600/72cd5f95jw1f608o3o7bsj20hs2gwk0b.jpg
[2016-07-23 16:24:30.515] [INFO] logInfo - http://ww3.sinaimg.cn/thumb180/7cd6c6d8gw1f608cio1eog208c08c4qp.gif
[2016-07-23 16:24:30.593] [INFO] logInfo - http://ww1.sinaimg.cn/mw600/67d7a470gw1f5ziqcpguij20qo0zkgy1.jpg
[2016-07-23 16:24:30.671] [INFO] logInfo - http://ww3.sinaimg.cn/thumb180/6f2673a8jw1f5zp134vsmg20hs0a0gzs.gif
[2016-07-23 16:24:30.905] [INFO] logInfo - http://ww3.sinaimg.cn/mw600/6a75558fjw1ezecce6apej21jk1jkwtj.jpg
[2016-07-23 16:24:30.921] [INFO] logInfo - http://ww3.sinaimg.cn/mw600/891c9115jw1f5zithpzx2j20ix0qojwk.jpg
[2016-07-23 16:24:30.921] [INFO] logInfo - http://ww1.sinaimg.cn/mw600/a5400ff1jw1f6096qvsimj20ib1jy19b.jpg
[2016-07-23 16:24:31.172] [INFO] logInfo - http://ww3.sinaimg.cn/mw600/83f596c9gw1f603v61te0j20ia0n5grg.jpg
[2016-07-23 16:24:31.190] [INFO] logInfo - http://ww2.sinaimg.cn/thumb180/9031e329gw1f5z47r80y1g20dv07qnpe.gif
[2016-07-23 16:24:31.190] [INFO] logInfo - http://ww2.sinaimg.cn/thumb180/9031e329gw1f5z4eyj74dg20e407ykjw.gif
[2016-07-23 16:24:31.190] [INFO] logInfo - http://ww2.sinaimg.cn/mw600/006jStHNgw1f5zasb33esj30da0bi74n.jpg
[2016-07-23 16:24:31.190] [INFO] logInfo - http://ww2.sinaimg.cn/mw600/537d92b0gw1f5z9fj7lyvj20ih0bomy8.jpg
[2016-07-23 16:24:31.190] [INFO] logInfo - http://ww2.sinaimg.cn/thumb180/92e8647ajw1f5z1d0e13cg206y06yawp.gif
[2016-07-23 16:24:31.190] [INFO] logInfo - http://ww2.sinaimg.cn/thumb180/c1a3c815gw1f5z6pncvivg207q05o1kx.gif
[2016-07-23 16:24:31.190] [INFO] logInfo - http://ww2.sinaimg.cn/mw600/d12a9296gw1f5z81wnp3kj20qo0k0gnd.jpg
[2016-07-23 16:24:31.237] [INFO] logInfo - http://ww2.sinaimg.cn/thumb180/005WwiAhgw1f5zkziriq7g30xc0xcq8i.gif
[2016-07-23 16:24:31.268] [INFO] logInfo - http://ww2.sinaimg.cn/thumb180/63e5c1e1jw1f5z8va9xsmg20d207dx6p.gif
[2016-07-23 16:24:31.299] [INFO] logInfo - http://ww2.sinaimg.cn/mw600/00646Khqjw1f5ziz1j659j30jg0a6wfe.jpg
[2016-07-23 16:24:31.315] [INFO] logInfo - http://ww2.sinaimg.cn/mw600/00646Khqjw1f5zivt3156j30hs0dct9p.jpg
[2016-07-23 16:24:31.315] [INFO] logInfo - http://ww2.sinaimg.cn/mw600/6cca1403jw1f5zac5whiqj20gl07gdgg.jpg
[2016-07-23 16:24:31.330] [INFO] logInfo - http://ww3.sinaimg.cn/thumb180/685d4d6cgw1f5zjz5ihxug20f008gx6p.gif
[2016-07-23 16:24:31.330] [INFO] logInfo - http://ww2.sinaimg.cn/mw600/7d607111jw1f5z4ahfub8j20oy0xa439.jpg
[2016-07-23 16:24:31.362] [INFO] logInfo - http://ww2.sinaimg.cn/mw600/6c326847gw1f5z6l4apj6j20fa08jmxr.jpg
[2016-07-23 16:24:31.377] [INFO] logInfo - http://ww2.sinaimg.cn/mw600/6cca1403jw1f5zcf3ppw5j20ge0ge0tk.jpg
[2016-07-23 16:24:31.393] [INFO] logInfo - http://ww1.sinaimg.cn/mw600/00646Khqjw1f5zmvyihhkj30cs0mp75f.jpg
[2016-07-23 16:24:31.486] [INFO] logInfo - http://ww1.sinaimg.cn/thumb180/6c326847gw1f5x9f45todg20b406jhdv.gif
[2016-07-23 16:24:31.518] [INFO] logInfo - http://ww4.sinaimg.cn/thumb180/c1a3c815gw1f5z90u2hcgg207m05ox6p.gif
[2016-07-23 16:24:31.549] [INFO] logInfo - http://ww1.sinaimg.cn/thumb180/c1a3c815gw1f5z6pold43g207805f7if.gif
[2016-07-23 16:24:31.564] [INFO] logInfo - http://ww1.sinaimg.cn/mw600/685727e6gw1f5zbxb9fyjj208c06ygmj.jpg
[2016-07-23 16:24:31.564] [INFO] logInfo - http://ww4.sinaimg.cn/thumb180/c1a3c815gw1f5z6prqh62g207a05hkjl.gif
[2016-07-23 16:24:31.580] [INFO] logInfo - http://ww3.sinaimg.cn/mw600/006jStHNgw1f5zascvcvrj30gf0rrdik.jpg
[2016-07-23 16:24:31.596] [INFO] logInfo - http://ww2.sinaimg.cn/mw600/89fe1ba9jw1f5zmbnpnuqj20j00lj42f.jpg
[2016-07-23 16:24:31.642] [INFO] logInfo - http://ww4.sinaimg.cn/mw600/47481d23gw1f5z9l91jp6j20go0m9zmi.jpg
[2016-07-23 16:24:31.658] [INFO] logInfo - http://ww3.sinaimg.cn/mw600/891a3e29jw1f5x0bfvze4j20hs1csn06.jpg
[2016-07-23 16:24:31.705] [INFO] logInfo - http://ww2.sinaimg.cn/thumb180/698185b4gw1f5zd4e090ug20cs076hdy.gif
[2016-07-23 16:24:31.720] [INFO] logInfo - http://ww2.sinaimg.cn/thumb180/b28db48cgw1f5zciyshs6g206a0b4e81.gif
[2016-07-23 16:24:31.783] [INFO] logInfo - http://ww3.sinaimg.cn/mw600/7910a9a9jw1f5z0o4ia1rj20m82u0aho.jpg
[2016-07-23 16:24:31.830] [INFO] logInfo - http://ww3.sinaimg.cn/thumb180/9031e329gw1f5z4hejt5sg20e607x4qw.gif
[2016-07-23 16:24:31.830] [INFO] logInfo - finished
[2016-07-23 16:24:31.830] [INFO] logInfo - http://ww1.sinaimg.cn/mw600/844527a1jw1f5zkl2r1o8j20gs0bvmzv.jpg
[2016-07-23 16:24:31.861] [INFO] logInfo - http://ww4.sinaimg.cn/thumb180/b28db48cgw1f5zciwxqvig206a0b4b29.gif
[2016-07-23 16:24:31.908] [INFO] logInfo - http://ww2.sinaimg.cn/thumb180/9c49671cjw1f5y6ou56f6g205k048u0x.gif
[2016-07-23 16:24:31.923] [INFO] logInfo - http://ww4.sinaimg.cn/mw600/3e3666efjw1f5zdu4c3irj20ht0ht0u9.jpg
[2016-07-23 16:24:31.923] [INFO] logInfo - http://ww4.sinaimg.cn/mw600/6cca1403jw1f5zc1lfqznj20gh0cbgna.jpg
[2016-07-23 16:24:31.939] [INFO] logInfo - http://ww1.sinaimg.cn/mw600/89fe1ba9jw1f5zmdlxo24j20fa0f5t9w.jpg
[2016-07-23 16:24:31.986] [INFO] logInfo - http://ww3.sinaimg.cn/thumb180/6adc108fgw1f5xx7hgr57g208w059qv6.gif
[2016-07-23 16:24:31.986] [INFO] logInfo - http://ww1.sinaimg.cn/thumb180/43a39d58gw1f5z769mtdfg20be05ykjv.gif
[2016-07-23 16:24:32.001] [INFO] logInfo - http://ww3.sinaimg.cn/mw600/bb12a618jw1f5z5wmtzubj20qo0zkajn.jpg
[2016-07-23 16:24:32.001] [INFO] logInfo - http://ww2.sinaimg.cn/mw600/6cca1403jw1f5zct0inenj20ev0h874w.jpg
[2016-07-23 16:24:32.017] [INFO] logInfo - http://ww4.sinaimg.cn/mw600/c2b44bdcjw1f5zeugwk0fj20jl0lgdgs.jpg
[2016-07-23 16:24:32.032] [INFO] logInfo - http://ww4.sinaimg.cn/mw600/6c326847gw1f5z6l4bdgmj20fa08l3zb.jpg
[2016-07-23 16:24:32.064] [INFO] logInfo - http://ww4.sinaimg.cn/mw600/6c326847gw1f5z6l3xoj0j20fa08h3z1.jpg
[2016-07-23 16:24:32.079] [INFO] logInfo - http://ww4.sinaimg.cn/mw600/6cca1403jw1f5za3x48hoj20d60hqdga.jpg
[2016-07-23 16:24:32.095] [INFO] logInfo - http://ww4.sinaimg.cn/thumb180/3e3666efjw1f5z9efzaasg20cl07ytyp.gif
[2016-07-23 16:24:32.095] [INFO] logInfo - http://ww4.sinaimg.cn/mw600/89fe1ba9jw1f5zmbauc34j20go0lewgj.jpg
[2016-07-23 16:24:32.110] [INFO] logInfo - http://ww1.sinaimg.cn/mw600/005y7ZQXgw1f5zj047wk9j31hc1hc17f.jpg
[2016-07-23 16:24:32.110] [INFO] logInfo - http://ww4.sinaimg.cn/mw600/e7fe49c0gw1f5yk53z0bij20xc1a9wmx.jpg
[2016-07-23 16:24:32.126] [INFO] logInfo - http://ww1.sinaimg.cn/mw600/732bfd55gw1f5yiaatnfbj21120ku0xk.jpg
[2016-07-23 16:24:32.173] [INFO] logInfo - http://ww3.sinaimg.cn/mw600/66b3de17gw1f606jtaqhbj20go0chtaf.jpg
[2016-07-23 16:24:32.206] [INFO] logInfo - http://ww3.sinaimg.cn/mw600/6cca1403jw1f5zbsmofudj20gi0ax3yz.jpg
[2016-07-23 16:24:32.222] [INFO] logInfo - http://ww3.sinaimg.cn/mw600/64bd7fffgw1f60aonoqvxj20zk0k0di6.jpg
[2016-07-23 16:24:32.253] [INFO] logInfo - http://ww1.sinaimg.cn/mw600/c4e4b95agw1f5tq6m6jecj21kw2ps7ap.jpg
[2016-07-23 16:24:32.331] [INFO] logInfo - http://ww3.sinaimg.cn/mw600/89fe1ba9jw1f5zmdnil69j20dd0f875i.jpg
[2016-07-23 16:24:32.346] [INFO] logInfo - http://ww3.sinaimg.cn/thumb180/d54a1fa7jw1f5zbkpbchig20ak06cb2c.gif
[2016-07-23 16:24:32.346] [INFO] logInfo - http://ww3.sinaimg.cn/thumb180/92e8647ajw1f5z1caghc0g20a0065e81.gif
[2016-07-23 16:24:32.346] [INFO] logInfo - http://ww2.sinaimg.cn/mw600/7910a9a9jw1f5z0o2f224j20cg7ps17b.jpg
[2016-07-23 16:24:32.362] [INFO] logInfo - http://ww1.sinaimg.cn/mw600/dffab931gw1f5zipfeo2fj20dw1fadl5.jpg
[2016-07-23 16:24:32.378] [INFO] logInfo - http://ww3.sinaimg.cn/mw600/6cca1403jw1f5zbaxpbd1j20gh0enq3k.jpg
[2016-07-23 16:24:32.393] [INFO] logInfo - http://ww3.sinaimg.cn/mw600/6cca1403jw1f5zbz8hrllj20ga0ff75a.jpg
[2016-07-23 16:24:32.393] [INFO] logInfo - http://ww3.sinaimg.cn/thumb180/a716fd45jw1f5z685m9ffg20a0080tws.gif
[2016-07-23 16:24:32.424] [INFO] logInfo - http://ww3.sinaimg.cn/thumb180/891c9115jw1f5xahaf85og20dw07t4qv.gif
[2016-07-23 16:24:32.424] [INFO] logInfo - http://ww4.sinaimg.cn/mw600/6cca1403jw1f5zbtf3huoj20gm09i3z6.jpg
[2016-07-23 16:24:32.440] [INFO] logInfo - http://ww3.sinaimg.cn/mw600/c2b44bdcgw1f5zflam7byj20n70bfq6y.jpg
[2016-07-23 16:24:32.440] [INFO] logInfo - http://ww3.sinaimg.cn/thumb180/00646Khqjw1f5zncx2m9bg308w06o7wm.gif
[2016-07-23 16:24:32.471] [INFO] logInfo - http://ww3.sinaimg.cn/mw600/6ba51bbbgw1f5z9zptkj9j20ku0wrn18.jpg
[2016-07-23 16:24:32.502] [INFO] logInfo - http://ww3.sinaimg.cn/mw600/732bfd55gw1f5yiac7srkj21120ku785.jpg
[2016-07-23 16:24:32.549] [INFO] logInfo - http://ww3.sinaimg.cn/mw600/6cca1403jw1f5zch7evmij20ge0gft9n.jpg
[2016-07-23 16:24:32.596] [INFO] logInfo - http://ww3.sinaimg.cn/mw600/b1afb82djw1f5zc8oxamlj20go0m8aeo.jpg
[2016-07-23 16:24:32.627] [INFO] logInfo - http://ww3.sinaimg.cn/mw600/6f31956bgw1f5z8ee0o2oj20zk0npahv.jpg
[2016-07-23 16:24:32.690] [INFO] logInfo - http://ww4.sinaimg.cn/mw600/c2b44bdcgw1f5zeuvvhyvj20nw0rdti1.jpg
[2016-07-23 16:24:32.736] [INFO] logInfo - http://ww2.sinaimg.cn/mw600/89fe1ba9jw1f5zmbevw7vj20hs0hi0uk.jpg
[2016-07-23 16:24:32.783] [INFO] logInfo - http://ww4.sinaimg.cn/mw600/7910a9a9jw1f5z0q26ztaj21db5yc1kx.jpg
[2016-07-23 16:24:32.799] [INFO] logInfo - http://ww1.sinaimg.cn/mw600/61bb1494gw1f5yi2w57vzj20f00miq7y.jpg
[2016-07-23 16:24:32.814] [INFO] logInfo - http://ww2.sinaimg.cn/mw600/7910a9a9jw1f5z0o15kilj20ku3po12q.jpg
[2016-07-23 16:24:32.830] [INFO] logInfo - http://ww4.sinaimg.cn/mw600/5e1d5a66jw1f5zg25akcwj208c0pata6.jpg
[2016-07-23 16:24:32.830] [INFO] logInfo - http://ww3.sinaimg.cn/mw600/9bd522c1gw1f5zfsfrkuhj20gh2pi45i.jpg
[2016-07-23 16:24:32.861] [INFO] logInfo - http://ww4.sinaimg.cn/mw600/7910a9a9jw1f5z0o6jld2j20go4quk3t.jpg
[2016-07-23 16:24:32.861] [INFO] logInfo - http://ww1.sinaimg.cn/mw600/7910a9a9jw1f5z0o2vzp9j20m86r819p.jpg
[2016-07-23 16:24:33.064] [INFO] logInfo - http://ww3.sinaimg.cn/mw600/72cd5f95jw1f608o2oce2j20hs2gwgwq.jpg
[2016-07-23 16:24:33.064] [INFO] logInfo - http://ww3.sinaimg.cn/mw600/7910a9a9jw1f5z11dwiuej20c13uwguu.jpg
[2016-07-23 16:24:33.080] [INFO] logInfo - http://ww3.sinaimg.cn/mw600/6cca1403jw1f607a58pa4j20gh0c9jso.jpg
[2016-07-23 16:24:33.080] [INFO] logInfo - http://ww3.sinaimg.cn/mw600/006jStHNgw1f5zasbueaaj30go0s640p.jpg
[2016-07-23 16:24:33.095] [INFO] logInfo - http://ww3.sinaimg.cn/mw600/b8b73ba1gw1f5zju352nfj20c81qq7e5.jpg
[2016-07-23 16:24:33.095] [INFO] logInfo - http://ww3.sinaimg.cn/mw600/4012d003gw1f5zksm6srdj20lc0sgjxv.jpg
[2016-07-23 16:24:33.395] [INFO] logInfo - http://ww3.sinaimg.cn/mw600/6cca1403jw1f5zar1djokj20d50gut9b.jpg
[2016-07-23 16:24:33.395] [INFO] logInfo - http://ww2.sinaimg.cn/thumb180/9bd522c1jw1f5ylj2arcrg208q06mx6q.gif
[2016-07-23 16:24:33.395] [INFO] logInfo - http://ww2.sinaimg.cn/thumb180/63e5c1e1jw1f5ygkxcukdg205k048qv5.gif
[2016-07-23 16:24:33.410] [INFO] logInfo - http://ww2.sinaimg.cn/mw600/7250678fjw1f5z51hx14rj20bx0ewdgh.jpg
[2016-07-23 16:24:33.410] [INFO] logInfo - http://ww2.sinaimg.cn/thumb180/9bd522c1gw1f5yljxsq8vg208q06m7wl.gif
[2016-07-23 16:24:33.410] [INFO] logInfo - http://ww2.sinaimg.cn/mw600/69c2ab34gw1f5ymym4f1yj20cx0i7taw.jpg
[2016-07-23 16:24:33.410] [INFO] logInfo - http://ww2.sinaimg.cn/thumb180/78f2cc43gw1f5yz1ld0rfg206o05ee5c.gif
[2016-07-23 16:24:33.410] [INFO] logInfo - http://ww2.sinaimg.cn/mw600/69c2ab34gw1f5ymyiv9h9j20lw0jntc6.jpg
[2016-07-23 16:24:33.410] [INFO] logInfo - http://ww2.sinaimg.cn/mw600/68611fd2gw1f5ushzexomj209r0c3jrq.jpg
[2016-07-23 16:24:33.426] [INFO] logInfo - http://ww2.sinaimg.cn/thumb180/d12a9296gw1f5r0dcf7w0g20dw09tx6p.gif
[2016-07-23 16:24:33.504] [INFO] logInfo - http://ww1.sinaimg.cn/mw600/69c2ab34gw1f5ymyiba8gj20oh0eqwhj.jpg
[2016-07-23 16:24:33.519] [INFO] logInfo - http://ww2.sinaimg.cn/mw600/b10970c0jw1f5xhjrsetmj20dw0edjsj.jpg
[2016-07-23 16:24:33.535] [INFO] logInfo - http://ww4.sinaimg.cn/thumb180/c1a3c815gw1f5yyh7tmg8g207b05kx6p.gif
[2016-07-23 16:24:33.551] [INFO] logInfo - http://ww4.sinaimg.cn/thumb180/64bd7fffgw1f5x4ilf2clg208w068u0x.gif
[2016-07-23 16:24:33.629] [INFO] logInfo - http://ww3.sinaimg.cn/thumb180/a5b8e18cgw1f5z2bim1wvg208c066hdt.gif
[2016-07-23 16:24:33.738] [INFO] logInfo - http://ww4.sinaimg.cn/mw600/66b3de17gw1f5z0v2hr7lj20go0icmy6.jpg
[2016-07-23 16:24:33.753] [INFO] logInfo - http://ww4.sinaimg.cn/mw600/7d1c8e96gw1f5z6hzl6yaj20go0ozads.jpg
[2016-07-23 16:24:33.785] [INFO] logInfo - http://ww4.sinaimg.cn/mw600/0068yi4rgw1f3syw4rfk7j30cs0i53zw.jpg
[2016-07-23 16:24:33.800] [INFO] logInfo - http://ww4.sinaimg.cn/mw600/66b3de17gw1f5z0v2wzz2j20go0fwwfw.jpg
[2016-07-23 16:24:33.816] [INFO] logInfo - http://ww2.sinaimg.cn/mw600/66b3de17gw1f5z0v4tm07j20go0k2wg1.jpg
[2016-07-23 16:24:33.831] [INFO] logInfo - http://ww1.sinaimg.cn/mw600/762b96edjw1f5uprn51bij20go0cimyx.jpg
[2016-07-23 16:24:33.847] [INFO] logInfo - http://ww4.sinaimg.cn/mw600/93c0135djw1f5yzd1egwoj209e0go74x.jpg
[2016-07-23 16:24:33.847] [INFO] logInfo - http://ww1.sinaimg.cn/mw600/b10970c0gw1f5xi6wf6e0j20c80c7t8y.jpg
[2016-07-23 16:24:33.847] [INFO] logInfo - http://ww4.sinaimg.cn/mw600/6cca1403jw1f5zcg1kermj20gn09caab.jpg
[2016-07-23 16:24:33.863] [INFO] logInfo - http://ww1.sinaimg.cn/mw600/93c0135djw1f5yzd13sj5j20ci0go0ss.jpg
[2016-07-23 16:24:33.941] [INFO] logInfo - http://ww2.sinaimg.cn/mw600/891c9115jw1f5xapd0lbpj20ht0mtq59.jpg
[2016-07-23 16:24:33.941] [INFO] logInfo - http://ww2.sinaimg.cn/mw600/66b3de17gw1f5z0v5cifej20go0m83zc.jpg
[2016-07-23 16:24:33.956] [INFO] logInfo - http://ww4.sinaimg.cn/mw600/7e5e7585gw1f5z57woni4j20j00bqtag.jpg
[2016-07-23 16:24:33.956] [INFO] logInfo - http://ww1.sinaimg.cn/mw600/762b96edjw1f5ur1o05o9j20dw0ijwfu.jpg
[2016-07-23 16:24:33.972] [INFO] logInfo - http://ww2.sinaimg.cn/mw600/d12a9296gw1f5g06u9cogj20k00tcjtj.jpg
[2016-07-23 16:24:33.972] [INFO] logInfo - http://ww1.sinaimg.cn/mw600/eb5c94aegw1f5y7zbxerlj21jk2ba1kx.jpg
[2016-07-23 16:24:33.987] [INFO] logInfo - http://ww2.sinaimg.cn/mw600/66b3de17gw1f5z0v1msrij20go0gon09.jpg
[2016-07-23 16:24:33.987] [INFO] logInfo - http://ww2.sinaimg.cn/mw600/891c9115jw1f5ycj36eymj20go0mpta7.jpg
[2016-07-23 16:24:34.003] [INFO] logInfo - http://ww2.sinaimg.cn/mw600/66b3de17gw1f5y71oq05jj20bd0jg756.jpg
[2016-07-23 16:24:34.019] [INFO] logInfo - http://ww1.sinaimg.cn/mw600/d12a9296jw1f0rasxpg4hj20hs0k0tbd.jpg
[2016-07-23 16:24:34.034] [INFO] logInfo - http://ww4.sinaimg.cn/mw600/74f0074bgw1f5z25lp20vj20i20dkmyw.jpg
[2016-07-23 16:24:34.050] [INFO] logInfo - http://ww1.sinaimg.cn/mw600/a3169100jw1f5yh9l6ck0j20gy08imyx.jpg
[2016-07-23 16:24:34.097] [INFO] logInfo - http://ww2.sinaimg.cn/thumb180/eb5c94aegw1f5y7yycdx0g20ak05yx6p.gif
[2016-07-23 16:24:34.097] [INFO] logInfo - http://ww4.sinaimg.cn/thumb180/844527a1jw1f5y3fv1gtbg20dw06yqva.gif
[2016-07-23 16:24:34.159] [INFO] logInfo - http://ww1.sinaimg.cn/mw600/a3169100jw1f5yh9l6ck0j20gy08imyx.jpg
[2016-07-23 16:24:34.192] [INFO] logInfo - http://ww4.sinaimg.cn/mw600/b10970c0gw1f5xi6yxnbsj20jg0pxwgg.jpg
[2016-07-23 16:24:34.192] [INFO] logInfo - http://ww4.sinaimg.cn/mw600/c4ef9268jw1f5z69cxasnj20go0bajud.jpg
[2016-07-23 16:24:34.208] [INFO] logInfo - http://ww1.sinaimg.cn/thumb180/83f596c9gw1f5yxmf6j04g20c806xhdu.gif
[2016-07-23 16:24:34.223] [INFO] logInfo - http://ww1.sinaimg.cn/thumb180/b10970c0gw1f5xi6v0ch7g20d207ctzm.gif
[2016-07-23 16:24:34.286] [INFO] logInfo - http://ww2.sinaimg.cn/mw600/005yEtDAgw1f5z3do9i3aj30sg0iz0vp.jpg
[2016-07-23 16:24:34.333] [INFO] logInfo - finished
[2016-07-23 16:24:34.333] [INFO] logInfo - http://ww3.sinaimg.cn/mw600/640ccb51gw1f5z31t0ih4j20ag0dsmy4.jpg
[2016-07-23 16:24:34.348] [INFO] logInfo - http://ww3.sinaimg.cn/mw600/66b3de17gw1f5z0v1sww5j20go0m775j.jpg
[2016-07-23 16:24:34.411] [INFO] logInfo - http://ww3.sinaimg.cn/mw600/6e1fdf79gw1f5y9guxos5j20fa09fq3z.jpg
[2016-07-23 16:24:34.442] [INFO] logInfo - http://ww2.sinaimg.cn/mw600/c0788b86gw1f5z20l1ps8j20go0ci75q.jpg
[2016-07-23 16:24:34.567] [INFO] logInfo - http://ww1.sinaimg.cn/mw600/6cca1403jw1f5zaynxrhmj20gg0gjq3s.jpg
[2016-07-23 16:24:34.598] [INFO] logInfo - http://ww3.sinaimg.cn/thumb180/a801236bjw1f5wwcnp8qzg20cg070qv5.gif
[2016-07-23 16:24:34.629] [INFO] logInfo - http://ww3.sinaimg.cn/thumb180/70c0f8a0gw1f5y5qbpcd8g20ac071kjl.gif
[2016-07-23 16:24:34.629] [INFO] logInfo - http://ww3.sinaimg.cn/mw600/69c2ab34gw1f5ymzymxl6j209h0dlgnc.jpg
[2016-07-23 16:24:34.629] [INFO] logInfo - http://ww1.sinaimg.cn/mw600/74f0074bgw1f5z25m99i7j20dw0hjn0a.jpg
[2016-07-23 16:24:34.769] [INFO] logInfo - http://ww4.sinaimg.cn/thumb180/d12a9296gw1f5r3iysnqwg206t08c4k1.gif
[2016-07-23 16:24:34.769] [INFO] logInfo - http://ww3.sinaimg.cn/mw600/edda54c6jw1f5yiqafhjzj20jg0el76m.jpg
[2016-07-23 16:24:34.769] [INFO] logInfo - http://ww3.sinaimg.cn/mw600/a3169100jw1f5yh9nzri8j20dv0dw753.jpg
[2016-07-23 16:24:34.785] [INFO] logInfo - http://ww3.sinaimg.cn/mw600/a3169100jw1f5yh9nlzeaj20g409rdh9.jpg
[2016-07-23 16:24:34.816] [INFO] logInfo - http://ww3.sinaimg.cn/mw600/a3169100jw1f5yh9nzri8j20dv0dw753.jpg
[2016-07-23 16:24:34.847] [INFO] logInfo - http://ww3.sinaimg.cn/mw600/93c0135djw1f5yzd0i0crj209e0gowfn.jpg
[2016-07-23 16:24:34.879] [INFO] logInfo - http://ww3.sinaimg.cn/mw600/952b63f5gw1f5z2sbzr0mj215m0rsgxh.jpg
[2016-07-23 16:24:34.894] [INFO] logInfo - http://ww3.sinaimg.cn/mw600/70f9fd63jw1f5ysd8q9g7j20pe0gyadc.jpg
[2016-07-23 16:24:34.910] [INFO] logInfo - http://ww3.sinaimg.cn/thumb180/aa875eeejw1f5z1vkixang208606h4po.gif
[2016-07-23 16:24:34.941] [INFO] logInfo - http://ww4.sinaimg.cn/mw600/66b3de17gw1f5y71pa1z4j212z0nnjvu.jpg
[2016-07-23 16:24:35.050] [INFO] logInfo - http://ww3.sinaimg.cn/mw600/bff7300fjw1f5z2itbgxfj20dx0nrtba.jpg
[2016-07-23 16:24:35.066] [INFO] logInfo - http://ww3.sinaimg.cn/mw600/711d183bgw1f5z1iw245vj20e81no77g.jpg
[2016-07-23 16:24:35.097] [INFO] logInfo - finished
[2016-07-23 16:24:35.097] [INFO] logInfo - http://ww3.sinaimg.cn/mw600/74f0074bgw1f5z25llqcoj20hm0l2jvj.jpg
[2016-07-23 16:24:35.113] [INFO] logInfo - http://ww3.sinaimg.cn/mw600/b5d50682jw1f5yzi80vo4j20cs0xdq6f.jpg
[2016-07-23 16:24:35.113] [INFO] logInfo - http://ww3.sinaimg.cn/mw600/70f9fd63jw1f5ysd5yntxj20rs0ikgro.jpg
[2016-07-23 16:24:35.144] [INFO] logInfo - http://ww3.sinaimg.cn/mw600/690731aegw1f5z5eoq1jhj215o1pqkjm.jpg
[2016-07-23 16:24:35.175] [INFO] logInfo - http://ww1.sinaimg.cn/mw600/66b3de17gw1f5z0v4asqgj20pj0fctce.jpg
[2016-07-23 16:24:35.193] [INFO] logInfo - http://ww1.sinaimg.cn/mw600/762b96edjw1f5uprlqltmj20p00xcgqy.jpg
[2016-07-23 16:24:35.208] [INFO] logInfo - http://ww1.sinaimg.cn/mw600/66b3de17gw1f5z0v44iyvj20pk0fagod.jpg
[2016-07-23 16:24:35.364] [INFO] logInfo - http://ww4.sinaimg.cn/mw600/bff7300fjw1f5z2itxpb6j20dw0nr431.jpg
[2016-07-23 16:24:35.458] [INFO] logInfo - http://ww4.sinaimg.cn/mw600/69c2ab34gw1f5ymxf3vgpj207s0ih0vi.jpg
[2016-07-23 16:24:35.598] [INFO] logInfo - http://ww3.sinaimg.cn/mw600/66b3de17gw1f5z0v3iue1j20pk0y2aii.jpg
[2016-07-23 16:24:35.598] [INFO] logInfo - http://ww3.sinaimg.cn/thumb180/93c0135dgw1f5z72ioga5g20hs0a0na2.gif
[2016-07-23 16:24:35.661] [INFO] logInfo - http://ww3.sinaimg.cn/mw600/a3169100jw1f5yh9nlzeaj20g409rdh9.jpg
[2016-07-23 16:24:35.879] [INFO] logInfo - http://ww3.sinaimg.cn/mw600/0066NhTdgw1f5z7e6v0zdj30gg2s5jvj.jpg
[2016-07-23 16:24:35.957] [INFO] logInfo - http://ww2.sinaimg.cn/mw600/66b3de17gw1f5y71qnb73j20m80i943f.jpg
[2016-07-23 16:24:36.066] [INFO] logInfo - http://ww3.sinaimg.cn/mw600/76c4df26jw1f5z2jlwop4j20ag18v147.jpg
[2016-07-23 16:24:36.113] [INFO] logInfo - http://ww3.sinaimg.cn/mw600/e0b0b7a6gw1f5ye0j6x1aj20sq0qkafn.jpg
[2016-07-23 16:24:36.601] [INFO] logInfo - http://ww3.sinaimg.cn/mw600/71021e17gw1f5vr8zyhluj20j01kbdmq.jpg
[2016-07-23 16:24:36.819] [INFO] logInfo - http://ww4.sinaimg.cn/mw600/b19317d1gw1f5z51erq5kj21kw1d74qr.jpg
[2016-07-23 16:24:37.084] [INFO] logInfo - http://ww4.sinaimg.cn/mw600/97f224aagw1f5yggp7oqzj20c68b4x6p.jpg
[2016-07-23 16:24:37.507] [INFO] logInfo - http://ww3.sinaimg.cn/mw600/69c2ab34gw1f5ymyeqnnyj20qq0jqdji.jpg
[2016-07-23 16:24:38.450] [INFO] logInfo - http://ww2.sinaimg.cn/mw600/c4ff9961gw1f5wttrvqpvj20icop9x6s.jpg
[2016-07-23 16:24:38.528] [INFO] logInfo - http://ww4.sinaimg.cn/mw600/89fe1ba9jw1f5zmdim1fbg20dw0d2npd.jpg
[2016-07-23 16:24:39.185] [INFO] logInfo - http://ww4.sinaimg.cn/mw600/c4ff9961gw1f5yzzl5sxhj20hs9wrb2a.jpg
[2016-07-23 16:24:39.232] [INFO] logInfo - http://ww4.sinaimg.cn/mw600/c4ff9961gw1f5wtmund9ej20hsiiohdv.jpg
[2016-07-23 16:24:39.871] [INFO] logInfo - http://ww4.sinaimg.cn/mw600/c4ff9961gw1f5wtjpdmrjj20hsht67wj.jpg
[2016-07-23 16:24:40.152] [INFO] logInfo - http://ww3.sinaimg.cn/mw600/c4ff9961gw1f5wti5dtbtj20hseeme82.jpg
[2016-07-23 16:24:40.388] [INFO] logInfo - http://ww3.sinaimg.cn/mw600/c4ff9961gw1f5wtoqwrsoj20hsf4eqv6.jpg
[2016-07-23 16:24:40.653] [INFO] logInfo - http://ww3.sinaimg.cn/mw600/c4ff9961gw1f5wtlc2pznj20hsiioqv7.jpg
