[2017-02-14 17:20:39.133] [INFO] scrapy - //wx3.sinaimg.cn/thumb180/707c5757gy1fcq2nko4trg20a00a0qv8.gif
[2017-02-14 17:20:39.138] [INFO] scrapy - //wx1.sinaimg.cn/thumb180/9f0e9ec6gy1fcq2pxxg69g20dw3tihdt.gif
[2017-02-14 17:20:39.146] [INFO] scrapy - //wx3.sinaimg.cn/thumb180/707c5757gy1fcq2n7bcclg204q04qe82.gif
[2017-02-14 17:20:39.187] [INFO] scrapy - //wx3.sinaimg.cn/thumb180/006rTKtaly1fcoxcxuckig308204ox6q.gif
[2017-02-14 17:20:39.216] [INFO] scrapy - //ww1.sinaimg.cn/thumb180/006cLSxljw1f82437335ig308c04nx6s.gif
[2017-02-14 17:20:39.256] [INFO] scrapy - //wx1.sinaimg.cn/thumb180/4609ab23gy1fcq2z4wuqxg20cs076qhb.gif
[2017-02-14 17:20:39.277] [INFO] scrapy - //wx4.sinaimg.cn/thumb180/006rTKtaly1fcq041ifgcg3082061npd.gif
[2017-02-14 17:20:39.278] [INFO] scrapy - //wx3.sinaimg.cn/thumb180/4609ab23gy1fcq2z3v53rg20cs076u0u.gif
[2017-02-14 17:20:39.301] [INFO] scrapy - //wx3.sinaimg.cn/thumb180/63e5c1e1gy1fcpsnl39ojg204v08m4qt.gif
[2017-02-14 17:20:39.305] [INFO] scrapy - //wx3.sinaimg.cn/thumb180/707c5757gy1fcq2o1maeng208c08chdu.gif
[2017-02-14 17:20:39.320] [INFO] scrapy - //wx4.sinaimg.cn/mw600/7f5360e4gy1fcptyo0h9jj20m8090wev.jpg
[2017-02-14 17:20:39.438] [INFO] scrapy - //wx3.sinaimg.cn/mw600/56a08e52gy1fcq35dtb8yj20m80godi2.jpg
[2017-02-14 17:20:39.501] [INFO] scrapy - //wx4.sinaimg.cn/thumb180/6a14bdb4gy1fci3xrh9hbg20b408cx6p.gif
[2017-02-14 17:20:39.562] [INFO] scrapy - //wx3.sinaimg.cn/mw600/7bc5cd11gy1fcpubbv5xvj208l0kj7a0.jpg
[2017-02-14 17:20:39.571] [INFO] scrapy - //wx3.sinaimg.cn/thumb180/707c5757gy1fcq2n0nbweg20b409zx6p.gif
[2017-02-14 17:20:39.571] [INFO] scrapy - //wx3.sinaimg.cn/mw600/85fca85fly1fcpv7w735hj20lg0fdq8v.jpg
[2017-02-14 17:20:39.585] [INFO] scrapy - //wx4.sinaimg.cn/mw600/91c0dfd5ly1fcpuflyt7jj20m80godhk.jpg
[2017-02-14 17:20:39.603] [INFO] scrapy - //wx4.sinaimg.cn/thumb180/6106a4f0gy1fcpsejriutg207j05l4qp.gif
[2017-02-14 17:20:39.614] [INFO] scrapy - //wx3.sinaimg.cn/thumb180/4609ab23gy1fcq2z64pkog20cs0764qr.gif
[2017-02-14 17:20:39.684] [INFO] scrapy - //wx1.sinaimg.cn/mw600/6c496823ly1fcptxbeq00j20hs0hs3zf.jpg
[2017-02-14 17:20:39.688] [INFO] scrapy - //wx2.sinaimg.cn/mw600/006mbEeOgy1fcpu6bfm3sj30lp0fudha.jpg
[2017-02-14 17:20:39.733] [INFO] scrapy - //wx4.sinaimg.cn/mw600/005PD4iZly1fcprj9n7zzj30f206idg8.jpg
[2017-02-14 17:20:39.767] [INFO] scrapy - //wx3.sinaimg.cn/thumb180/c6fbc968ly1fcpysw6080g207z06r4hl.gif
[2017-02-14 17:20:39.932] [INFO] scrapy - //ww2.sinaimg.cn/thumb180/005Suejwjw1fcpv91zvgng30a40cmx6u.gif
[2017-02-14 17:20:39.965] [INFO] scrapy - //wx2.sinaimg.cn/thumb180/92e8647agy1fcpu7t84acg205k07pqv5.gif
[2017-02-14 17:20:39.969] [INFO] scrapy - //wx2.sinaimg.cn/thumb180/005PRgY0gy1fcps3dgunqg305m06g000.gif
[2017-02-14 17:20:39.971] [INFO] scrapy - //wx3.sinaimg.cn/mw600/5737a564gy1fcq1tovcwfj216b05lwf9.jpg
[2017-02-14 17:20:39.981] [INFO] scrapy - //wx1.sinaimg.cn/thumb180/92e8647agy1fcpu6xhf1hg208w08wkk3.gif
[2017-02-14 17:20:39.997] [INFO] scrapy - //wx1.sinaimg.cn/mw600/98711a38ly1fcls5mzcugj20qo0zktdu.jpg
[2017-02-14 17:20:39.999] [INFO] scrapy - //wx2.sinaimg.cn/thumb180/bd297795gy1fcp8l0xhb9g2085089kjn.gif
[2017-02-14 17:20:40.003] [INFO] scrapy - //wx4.sinaimg.cn/mw600/e5587f73ly1fcpbxhmby7j20c80dlwgf.jpg
[2017-02-14 17:20:40.095] [INFO] scrapy - //wx2.sinaimg.cn/mw600/a04313f5gy1fcp5lww416j20qo0zkdhh.jpg
[2017-02-14 17:20:40.098] [INFO] scrapy - pic finished
[2017-02-14 17:20:40.098] [INFO] scrapy - //wx1.sinaimg.cn/thumb180/92e8647agy1fcpu72waxwg207109e1ky.gif
[2017-02-14 17:20:40.131] [INFO] scrapy - //wx2.sinaimg.cn/mw600/69e6beddly1fcq0pw0w9oj20jc0m875b.jpg
[2017-02-14 17:20:40.135] [INFO] scrapy - //wx4.sinaimg.cn/mw600/4609ab23gy1fcq19dlg2fj20cs087mxk.jpg
[2017-02-14 17:20:40.137] [INFO] scrapy - //wx3.sinaimg.cn/mw600/707c5757gy1fcq13iktapj208c0b40t8.jpg
[2017-02-14 17:20:40.158] [INFO] scrapy - //wx2.sinaimg.cn/thumb180/6a14bdb4gy1fci3y9e0hcg205j057nev.gif
[2017-02-14 17:20:40.215] [INFO] scrapy - //wx1.sinaimg.cn/mw600/709a7a37ly1fcp6ixbfhvj20qo0zkmyt.jpg
[2017-02-14 17:20:40.233] [INFO] scrapy - //wx2.sinaimg.cn/mw600/005RggZBly1fcjgxunv1pj30m80dpabw.jpg
[2017-02-14 17:20:40.236] [INFO] scrapy - //ww3.sinaimg.cn/mw600/7bc5cd11gw1f7fe7vm0bsj20dy09t3z1.jpg
[2017-02-14 17:20:40.288] [INFO] scrapy - //ww1.sinaimg.cn/mw600/6628711bgw1eo8z3uzflzj20by07ymxu.jpg
[2017-02-14 17:20:40.297] [INFO] scrapy - //wx3.sinaimg.cn/mw600/a09f5b4agy1fcpux16j13j20hs0hsqum.jpg
[2017-02-14 17:20:40.311] [INFO] scrapy - //wx3.sinaimg.cn/mw600/69d909a5gy1fcq1b0diwij20ic0y8wk3.jpg
[2017-02-14 17:20:40.353] [INFO] scrapy - //wx1.sinaimg.cn/thumb180/6a14bdb4gy1fci3y88yovg206204re81.gif
[2017-02-14 17:20:40.370] [INFO] scrapy - //wx3.sinaimg.cn/mw600/69e6beddly1fcprayk9dbj20m80ffn9h.jpg
[2017-02-14 17:20:40.407] [INFO] scrapy - //wx3.sinaimg.cn/mw600/707c5757gy1fcq13ivw3lj20qo0i0q5a.jpg
[2017-02-14 17:20:40.440] [INFO] scrapy - //wx2.sinaimg.cn/mw600/a2617b13ly1fcplxik7zdj20k00f0gno.jpg
[2017-02-14 17:20:40.634] [INFO] scrapy - //wx4.sinaimg.cn/mw600/4609ab23gy1fcq19enx3qj20f00en0up.jpg
[2017-02-14 17:20:40.655] [INFO] scrapy - //ww2.sinaimg.cn/mw600/6628711bgw1eo8z3ux72ej20gt0imq4u.jpg
[2017-02-14 17:20:40.670] [INFO] scrapy - //wx4.sinaimg.cn/mw600/726bc81cgy1fcpxketql7j20g60ilqak.jpg
[2017-02-14 17:20:40.684] [INFO] scrapy - //wx4.sinaimg.cn/mw600/9412b901gy1fcpt46pz9qj20cs0co74z.jpg
[2017-02-14 17:20:40.700] [INFO] scrapy - //wx1.sinaimg.cn/mw600/68611fd2gy1fcjcgb99taj20ch0eqt9p.jpg
[2017-02-14 17:20:40.780] [INFO] scrapy - //ww3.sinaimg.cn/thumb180/0060lm7Tgy1fcpvondnpmg30eg0ebqv6.gif
[2017-02-14 17:20:40.816] [INFO] scrapy - //ww3.sinaimg.cn/thumb180/6b1e9a37jw1f3xe5go2mkg207s04b7wm.gif
[2017-02-14 17:20:40.871] [INFO] scrapy - //wx4.sinaimg.cn/mw600/006g9zkugy1fcoyrhw1ozj30hs0vkmz5.jpg
[2017-02-14 17:20:40.887] [INFO] scrapy - //wx1.sinaimg.cn/mw600/494bf480gy1fcpwwtoys8j20ji0lb40j.jpg
[2017-02-14 17:20:40.897] [INFO] scrapy - //ww4.sinaimg.cn/mw600/9c4f84dfjw1fcpx7aokpvj20jy0qo41p.jpg
[2017-02-14 17:20:40.898] [INFO] scrapy - //ww4.sinaimg.cn/thumb180/a00dfa2agw1f3xfy7hle4g209l09lhe1.gif
[2017-02-14 17:20:40.965] [INFO] scrapy - //wx2.sinaimg.cn/mw600/6c496823ly1fcpp062x03j20sh0izjwc.jpg
[2017-02-14 17:20:40.973] [INFO] scrapy - //wx4.sinaimg.cn/mw600/6e914a99gy1fcpxk0399xj21401z4qa8.jpg
[2017-02-14 17:20:40.995] [INFO] scrapy - //ww2.sinaimg.cn/mw600/7bc5cd11gw1f8784x0e74j20cs0togo0.jpg
[2017-02-14 17:20:41.002] [INFO] scrapy - //ww3.sinaimg.cn/mw600/83d1499fgy1fcosgvbzdcj20c8096my4.jpg
[2017-02-14 17:20:41.072] [INFO] scrapy - //ww2.sinaimg.cn/thumb180/006qQpVpgw1fascukjy2fg30au062x6p.gif
[2017-02-14 17:20:41.098] [INFO] scrapy - //wx4.sinaimg.cn/mw600/9bcfb649gy1fcpt8y5l9kj20qo1bfk0i.jpg
[2017-02-14 17:20:41.124] [INFO] scrapy - //wx2.sinaimg.cn/mw600/69e6beddly1fcprjx3hcjj20gi0cd444.jpg
[2017-02-14 17:20:41.180] [INFO] scrapy - //wx4.sinaimg.cn/mw600/bd6576aely1fcq254xympj20f30fqac6.jpg
[2017-02-14 17:20:42.020] [INFO] scrapy - //wx1.sinaimg.cn/mw600/68611fd2gy1fcjcg8d7a0j20ch0n9q4t.jpg
[2017-02-14 17:20:42.022] [INFO] scrapy - //wx4.sinaimg.cn/mw600/edfa8f25gy1fcotli6s6hj20hs0yy7b8.jpg
[2017-02-14 17:20:42.056] [INFO] scrapy - //wx2.sinaimg.cn/mw600/a04313f5gy1fcp5lqx0xtj20qo0zk0uk.jpg
[2017-02-14 17:20:42.070] [INFO] scrapy - //ww1.sinaimg.cn/mw600/a091dae9gy1fcea9g0nehj20m80vxgqb.jpg
[2017-02-14 17:20:42.133] [INFO] scrapy - //ww4.sinaimg.cn/mw600/a091dae9gy1fcea9gfgqnj20m80vx79q.jpg
[2017-02-14 17:22:00.535] [INFO] scrapy - http://wx3.sinaimg.cn/thumb180/006rTKtaly1fcoxcxuckig308204ox6q.gif
[2017-02-14 17:22:00.622] [INFO] scrapy - http://wx3.sinaimg.cn/thumb180/707c5757gy1fcq2o1maeng208c08chdu.gif
[2017-02-14 17:22:00.625] [INFO] scrapy - http://wx3.sinaimg.cn/thumb180/707c5757gy1fcq2nko4trg20a00a0qv8.gif
[2017-02-14 17:22:00.625] [INFO] scrapy - http://wx1.sinaimg.cn/thumb180/4609ab23gy1fcq2z4wuqxg20cs076qhb.gif
[2017-02-14 17:22:00.626] [INFO] scrapy - http://wx1.sinaimg.cn/thumb180/9f0e9ec6gy1fcq2pxxg69g20dw3tihdt.gif
[2017-02-14 17:22:00.626] [INFO] scrapy - http://wx3.sinaimg.cn/thumb180/707c5757gy1fcq2n7bcclg204q04qe82.gif
[2017-02-14 17:22:00.626] [INFO] scrapy - http://wx3.sinaimg.cn/thumb180/4609ab23gy1fcq2z3v53rg20cs076u0u.gif
[2017-02-14 17:22:00.648] [INFO] scrapy - http://wx3.sinaimg.cn/thumb180/4609ab23gy1fcq2z64pkog20cs0764qr.gif
[2017-02-14 17:22:00.649] [INFO] scrapy - http://wx3.sinaimg.cn/thumb180/707c5757gy1fcq2n0nbweg20b409zx6p.gif
[2017-02-14 17:22:00.649] [INFO] scrapy - http://wx4.sinaimg.cn/thumb180/006rTKtaly1fcq041ifgcg3082061npd.gif
[2017-02-14 17:22:00.651] [INFO] scrapy - http://ww4.sinaimg.cn/thumb180/a00dfa2agw1f3xfy7hle4g209l09lhe1.gif
[2017-02-14 17:22:00.651] [INFO] scrapy - http://ww3.sinaimg.cn/thumb180/6b1e9a37jw1f3xe5go2mkg207s04b7wm.gif
[2017-02-14 17:22:00.654] [INFO] scrapy - http://wx1.sinaimg.cn/thumb180/6a14bdb4gy1fci3y88yovg206204re81.gif
[2017-02-14 17:22:00.659] [INFO] scrapy - http://wx4.sinaimg.cn/mw600/e5587f73ly1fcpbxhmby7j20c80dlwgf.jpg
[2017-02-14 17:22:00.661] [INFO] scrapy - http://wx3.sinaimg.cn/mw600/56a08e52gy1fcq35dtb8yj20m80godi2.jpg
[2017-02-14 17:22:00.678] [INFO] scrapy - http://ww1.sinaimg.cn/mw600/6628711bgw1eo8z3uzflzj20by07ymxu.jpg
[2017-02-14 17:22:00.694] [INFO] scrapy - http://wx4.sinaimg.cn/mw600/bd6576aely1fcq254xympj20f30fqac6.jpg
[2017-02-14 17:22:00.701] [INFO] scrapy - http://wx1.sinaimg.cn/mw600/68611fd2gy1fcjcgb99taj20ch0eqt9p.jpg
[2017-02-14 17:22:00.719] [INFO] scrapy - http://wx4.sinaimg.cn/thumb180/6a14bdb4gy1fci3xrh9hbg20b408cx6p.gif
[2017-02-14 17:22:00.801] [INFO] scrapy - http://ww3.sinaimg.cn/mw600/83d1499fgy1fcosgvbzdcj20c8096my4.jpg
[2017-02-14 17:22:00.864] [INFO] scrapy - http://wx1.sinaimg.cn/mw600/68611fd2gy1fcjcg8d7a0j20ch0n9q4t.jpg
[2017-02-14 17:22:00.895] [INFO] scrapy - http://ww4.sinaimg.cn/mw600/9c4f84dfjw1fcpx7aokpvj20jy0qo41p.jpg
[2017-02-14 17:22:00.955] [INFO] scrapy - http://wx3.sinaimg.cn/mw600/707c5757gy1fcq13iktapj208c0b40t8.jpg
[2017-02-14 17:22:00.984] [INFO] scrapy - http://ww2.sinaimg.cn/thumb180/006qQpVpgw1fascukjy2fg30au062x6p.gif
[2017-02-14 17:22:01.027] [INFO] scrapy - http://wx1.sinaimg.cn/mw600/98711a38ly1fcls5mzcugj20qo0zktdu.jpg
[2017-02-14 17:22:01.032] [INFO] scrapy - http://wx1.sinaimg.cn/thumb180/92e8647agy1fcpu72waxwg207109e1ky.gif
[2017-02-14 17:22:01.053] [INFO] scrapy - http://wx3.sinaimg.cn/mw600/85fca85fly1fcpv7w735hj20lg0fdq8v.jpg
[2017-02-14 17:22:01.065] [INFO] scrapy - http://wx4.sinaimg.cn/mw600/4609ab23gy1fcq19dlg2fj20cs087mxk.jpg
[2017-02-14 17:22:01.145] [INFO] scrapy - http://wx1.sinaimg.cn/thumb180/92e8647agy1fcpu6xhf1hg208w08wkk3.gif
[2017-02-14 17:22:01.154] [INFO] scrapy - http://wx4.sinaimg.cn/mw600/4609ab23gy1fcq19enx3qj20f00en0up.jpg
[2017-02-14 17:22:01.238] [INFO] scrapy - http://wx2.sinaimg.cn/thumb180/6a14bdb4gy1fci3y9e0hcg205j057nev.gif
[2017-02-14 17:22:01.252] [INFO] scrapy - http://wx4.sinaimg.cn/mw600/005PD4iZly1fcprj9n7zzj30f206idg8.jpg
[2017-02-14 17:22:01.261] [INFO] scrapy - pic finished
[2017-02-14 17:22:01.262] [INFO] scrapy - http://wx4.sinaimg.cn/mw600/9412b901gy1fcpt46pz9qj20cs0co74z.jpg
[2017-02-14 17:22:01.266] [INFO] scrapy - http://wx3.sinaimg.cn/mw600/5737a564gy1fcq1tovcwfj216b05lwf9.jpg
[2017-02-14 17:22:01.338] [INFO] scrapy - http://wx2.sinaimg.cn/thumb180/005PRgY0gy1fcps3dgunqg305m06g000.gif
[2017-02-14 17:22:01.367] [INFO] scrapy - http://wx3.sinaimg.cn/mw600/69e6beddly1fcprayk9dbj20m80ffn9h.jpg
[2017-02-14 17:22:01.376] [INFO] scrapy - http://wx2.sinaimg.cn/thumb180/92e8647agy1fcpu7t84acg205k07pqv5.gif
[2017-02-14 17:22:01.377] [INFO] scrapy - http://wx3.sinaimg.cn/thumb180/c6fbc968ly1fcpysw6080g207z06r4hl.gif
[2017-02-14 17:22:01.440] [INFO] scrapy - http://wx3.sinaimg.cn/thumb180/63e5c1e1gy1fcpsnl39ojg204v08m4qt.gif
[2017-02-14 17:22:01.448] [INFO] scrapy - http://wx2.sinaimg.cn/mw600/69e6beddly1fcq0pw0w9oj20jc0m875b.jpg
[2017-02-14 17:22:01.457] [INFO] scrapy - http://wx3.sinaimg.cn/mw600/7bc5cd11gy1fcpubbv5xvj208l0kj7a0.jpg
[2017-02-14 17:22:01.485] [INFO] scrapy - http://wx2.sinaimg.cn/thumb180/bd297795gy1fcp8l0xhb9g2085089kjn.gif
[2017-02-14 17:22:01.583] [INFO] scrapy - http://wx2.sinaimg.cn/mw600/a04313f5gy1fcp5lww416j20qo0zkdhh.jpg
[2017-02-14 17:22:01.681] [INFO] scrapy - http://wx4.sinaimg.cn/thumb180/6106a4f0gy1fcpsejriutg207j05l4qp.gif
[2017-02-14 17:22:01.694] [INFO] scrapy - http://ww2.sinaimg.cn/thumb180/005Suejwjw1fcpv91zvgng30a40cmx6u.gif
[2017-02-14 17:22:01.844] [INFO] scrapy - http://wx2.sinaimg.cn/mw600/a04313f5gy1fcp5lqx0xtj20qo0zk0uk.jpg
[2017-02-14 17:22:01.851] [INFO] scrapy - http://wx4.sinaimg.cn/mw600/91c0dfd5ly1fcpuflyt7jj20m80godhk.jpg
[2017-02-14 17:22:01.917] [INFO] scrapy - http://wx2.sinaimg.cn/mw600/005RggZBly1fcjgxunv1pj30m80dpabw.jpg
[2017-02-14 17:22:01.978] [INFO] scrapy - http://wx2.sinaimg.cn/mw600/a2617b13ly1fcplxik7zdj20k00f0gno.jpg
[2017-02-14 17:22:01.981] [INFO] scrapy - http://wx4.sinaimg.cn/mw600/edfa8f25gy1fcotli6s6hj20hs0yy7b8.jpg
[2017-02-14 17:22:02.010] [INFO] scrapy - http://wx1.sinaimg.cn/mw600/709a7a37ly1fcp6ixbfhvj20qo0zkmyt.jpg
[2017-02-14 17:22:02.068] [INFO] scrapy - http://ww2.sinaimg.cn/mw600/7bc5cd11gw1f8784x0e74j20cs0togo0.jpg
[2017-02-14 17:22:02.961] [INFO] scrapy - http://wx3.sinaimg.cn/mw600/707c5757gy1fcq13ivw3lj20qo0i0q5a.jpg
[2017-02-14 17:22:02.962] [INFO] scrapy - http://wx1.sinaimg.cn/mw600/6c496823ly1fcptxbeq00j20hs0hs3zf.jpg
[2017-02-14 17:22:02.964] [INFO] scrapy - http://wx4.sinaimg.cn/mw600/726bc81cgy1fcpxketql7j20g60ilqak.jpg
[2017-02-14 17:25:04.644] [INFO] scrapy - //wx1.sinaimg.cn/thumb180/9f0e9ec6gy1fcq2pxxg69g20dw3tihdt.gif
[2017-02-14 17:25:04.677] [INFO] scrapy - //wx3.sinaimg.cn/thumb180/707c5757gy1fcq2n7bcclg204q04qe82.gif
[2017-02-14 17:25:04.686] [INFO] scrapy - //wx3.sinaimg.cn/thumb180/707c5757gy1fcq2nko4trg20a00a0qv8.gif
[2017-02-14 17:25:04.693] [INFO] scrapy - //ww3.sinaimg.cn/thumb180/6b1e9a37jw1f3xe5go2mkg207s04b7wm.gif
[2017-02-14 17:25:04.707] [INFO] scrapy - //wx4.sinaimg.cn/thumb180/6a14bdb4gy1fci3xrh9hbg20b408cx6p.gif
[2017-02-14 17:25:04.733] [INFO] scrapy - //wx3.sinaimg.cn/thumb180/4609ab23gy1fcq2z3v53rg20cs076u0u.gif
[2017-02-14 17:25:04.734] [INFO] scrapy - //wx3.sinaimg.cn/thumb180/707c5757gy1fcq2o1maeng208c08chdu.gif
[2017-02-14 17:25:04.751] [INFO] scrapy - //wx4.sinaimg.cn/thumb180/006rTKtaly1fcq041ifgcg3082061npd.gif
[2017-02-14 17:25:04.767] [INFO] scrapy - //wx3.sinaimg.cn/thumb180/4609ab23gy1fcq2z64pkog20cs0764qr.gif
[2017-02-14 17:25:04.768] [INFO] scrapy - //wx1.sinaimg.cn/thumb180/4609ab23gy1fcq2z4wuqxg20cs076qhb.gif
[2017-02-14 17:25:04.821] [INFO] scrapy - //wx2.sinaimg.cn/thumb180/92e8647agy1fcpu7t84acg205k07pqv5.gif
[2017-02-14 17:25:04.917] [INFO] scrapy - //wx4.sinaimg.cn/mw600/bd6576aely1fcq254xympj20f30fqac6.jpg
[2017-02-14 17:25:04.965] [INFO] scrapy - //wx1.sinaimg.cn/thumb180/92e8647agy1fcpu72waxwg207109e1ky.gif
[2017-02-14 17:25:05.177] [INFO] scrapy - //wx1.sinaimg.cn/mw600/68611fd2gy1fcjcgb99taj20ch0eqt9p.jpg
[2017-02-14 17:25:05.184] [INFO] scrapy - //wx2.sinaimg.cn/mw600/a04313f5gy1fcp5lww416j20qo0zkdhh.jpg
[2017-02-14 17:25:05.227] [INFO] scrapy - //wx3.sinaimg.cn/mw600/69d909a5gy1fcq1b0diwij20ic0y8wk3.jpg
[2017-02-14 17:25:05.260] [INFO] scrapy - //ww4.sinaimg.cn/thumb180/a00dfa2agw1f3xfy7hle4g209l09lhe1.gif
[2017-02-14 17:25:05.297] [INFO] scrapy - //wx1.sinaimg.cn/mw600/68611fd2gy1fcjcg8d7a0j20ch0n9q4t.jpg
[2017-02-14 17:25:05.358] [INFO] scrapy - //ww2.sinaimg.cn/thumb180/006qQpVpgw1fascukjy2fg30au062x6p.gif
[2017-02-14 17:25:05.366] [INFO] scrapy - //wx4.sinaimg.cn/mw600/e5587f73ly1fcpbxhmby7j20c80dlwgf.jpg
[2017-02-14 17:25:05.426] [INFO] scrapy - //wx3.sinaimg.cn/thumb180/006rTKtaly1fcoxcxuckig308204ox6q.gif
[2017-02-14 17:25:05.473] [INFO] scrapy - //wx1.sinaimg.cn/thumb180/6a14bdb4gy1fci3y88yovg206204re81.gif
[2017-02-14 17:25:05.475] [INFO] scrapy - //wx2.sinaimg.cn/thumb180/6a14bdb4gy1fci3y9e0hcg205j057nev.gif
[2017-02-14 17:25:05.508] [INFO] scrapy - //wx4.sinaimg.cn/thumb180/6106a4f0gy1fcpsejriutg207j05l4qp.gif
[2017-02-14 17:25:05.607] [INFO] scrapy - //wx2.sinaimg.cn/thumb180/bd297795gy1fcp8l0xhb9g2085089kjn.gif
[2017-02-14 17:25:05.618] [INFO] scrapy - //wx4.sinaimg.cn/mw600/006g9zkugy1fcoyrhw1ozj30hs0vkmz5.jpg
[2017-02-14 17:25:05.625] [INFO] scrapy - //ww3.sinaimg.cn/thumb180/0060lm7Tgy1fcpvondnpmg30eg0ebqv6.gif
[2017-02-14 17:25:05.630] [INFO] scrapy - //wx3.sinaimg.cn/mw600/5737a564gy1fcq1tovcwfj216b05lwf9.jpg
[2017-02-14 17:25:05.661] [INFO] scrapy - //wx3.sinaimg.cn/thumb180/c6fbc968ly1fcpysw6080g207z06r4hl.gif
[2017-02-14 17:25:05.710] [INFO] scrapy - //ww1.sinaimg.cn/mw600/6628711bgw1eo8z3uzflzj20by07ymxu.jpg
[2017-02-14 17:25:05.733] [INFO] scrapy - //wx4.sinaimg.cn/mw600/edfa8f25gy1fcotli6s6hj20hs0yy7b8.jpg
[2017-02-14 17:25:05.740] [INFO] scrapy - //wx4.sinaimg.cn/mw600/005PD4iZly1fcprj9n7zzj30f206idg8.jpg
[2017-02-14 17:25:05.742] [INFO] scrapy - pic finished
[2017-02-14 17:25:05.742] [INFO] scrapy - //ww2.sinaimg.cn/thumb180/005Suejwjw1fcpv91zvgng30a40cmx6u.gif
[2017-02-14 17:25:05.749] [INFO] scrapy - //wx3.sinaimg.cn/thumb180/63e5c1e1gy1fcpsnl39ojg204v08m4qt.gif
[2017-02-14 17:25:05.762] [INFO] scrapy - //ww4.sinaimg.cn/mw600/9c4f84dfjw1fcpx7aokpvj20jy0qo41p.jpg
[2017-02-14 17:25:05.795] [INFO] scrapy - //wx3.sinaimg.cn/thumb180/707c5757gy1fcq2n0nbweg20b409zx6p.gif
[2017-02-14 17:25:05.802] [INFO] scrapy - //wx2.sinaimg.cn/mw600/a2617b13ly1fcplxik7zdj20k00f0gno.jpg
[2017-02-14 17:25:05.897] [INFO] scrapy - //wx2.sinaimg.cn/mw600/69e6beddly1fcq0pw0w9oj20jc0m875b.jpg
[2017-02-14 17:25:05.900] [INFO] scrapy - //wx4.sinaimg.cn/mw600/7f5360e4gy1fcptyo0h9jj20m8090wev.jpg
[2017-02-14 17:25:05.907] [INFO] scrapy - //wx4.sinaimg.cn/mw600/4609ab23gy1fcq19enx3qj20f00en0up.jpg
[2017-02-14 17:25:05.960] [INFO] scrapy - //wx3.sinaimg.cn/mw600/707c5757gy1fcq13iktapj208c0b40t8.jpg
[2017-02-14 17:25:05.992] [INFO] scrapy - //wx1.sinaimg.cn/thumb180/92e8647agy1fcpu6xhf1hg208w08wkk3.gif
[2017-02-14 17:25:06.021] [INFO] scrapy - //wx2.sinaimg.cn/mw600/a04313f5gy1fcp5lqx0xtj20qo0zk0uk.jpg
[2017-02-14 17:25:06.061] [INFO] scrapy - //wx1.sinaimg.cn/mw600/494bf480gy1fcpwwtoys8j20ji0lb40j.jpg
[2017-02-14 17:25:06.074] [INFO] scrapy - //ww3.sinaimg.cn/mw600/7bc5cd11gw1f7fe7vm0bsj20dy09t3z1.jpg
[2017-02-14 17:25:06.109] [INFO] scrapy - //wx4.sinaimg.cn/mw600/4609ab23gy1fcq19dlg2fj20cs087mxk.jpg
[2017-02-14 17:25:06.113] [INFO] scrapy - //wx3.sinaimg.cn/mw600/69e6beddly1fcprayk9dbj20m80ffn9h.jpg
[2017-02-14 17:25:06.166] [INFO] scrapy - //wx2.sinaimg.cn/thumb180/005PRgY0gy1fcps3dgunqg305m06g000.gif
[2017-02-14 17:25:06.176] [INFO] scrapy - //ww2.sinaimg.cn/mw600/6628711bgw1eo8z3ux72ej20gt0imq4u.jpg
[2017-02-14 17:25:06.233] [INFO] scrapy - //wx4.sinaimg.cn/mw600/91c0dfd5ly1fcpuflyt7jj20m80godhk.jpg
[2017-02-14 17:25:06.244] [INFO] scrapy - //wx2.sinaimg.cn/mw600/005RggZBly1fcjgxunv1pj30m80dpabw.jpg
[2017-02-14 17:25:06.264] [INFO] scrapy - //ww3.sinaimg.cn/mw600/83d1499fgy1fcosgvbzdcj20c8096my4.jpg
[2017-02-14 17:25:06.269] [INFO] scrapy - //wx1.sinaimg.cn/mw600/709a7a37ly1fcp6ixbfhvj20qo0zkmyt.jpg
[2017-02-14 17:25:06.366] [INFO] scrapy - //wx3.sinaimg.cn/mw600/85fca85fly1fcpv7w735hj20lg0fdq8v.jpg
[2017-02-14 17:25:06.372] [INFO] scrapy - //wx4.sinaimg.cn/mw600/726bc81cgy1fcpxketql7j20g60ilqak.jpg
[2017-02-14 17:25:06.412] [INFO] scrapy - //wx1.sinaimg.cn/mw600/6c496823ly1fcptxbeq00j20hs0hs3zf.jpg
[2017-02-14 17:25:06.483] [INFO] scrapy - //wx3.sinaimg.cn/mw600/56a08e52gy1fcq35dtb8yj20m80godi2.jpg
[2017-02-14 17:25:06.609] [INFO] scrapy - //wx4.sinaimg.cn/mw600/6e914a99gy1fcpxk0399xj21401z4qa8.jpg
[2017-02-14 17:25:06.626] [INFO] scrapy - //wx4.sinaimg.cn/mw600/9bcfb649gy1fcpt8y5l9kj20qo1bfk0i.jpg
[2017-02-14 17:25:06.640] [INFO] scrapy - //wx4.sinaimg.cn/mw600/9412b901gy1fcpt46pz9qj20cs0co74z.jpg
[2017-02-14 17:25:06.649] [INFO] scrapy - //ww2.sinaimg.cn/mw600/7bc5cd11gw1f8784x0e74j20cs0togo0.jpg
[2017-02-14 17:25:06.716] [INFO] scrapy - //wx3.sinaimg.cn/mw600/7bc5cd11gy1fcpubbv5xvj208l0kj7a0.jpg
[2017-02-14 17:25:06.776] [INFO] scrapy - //wx3.sinaimg.cn/mw600/a09f5b4agy1fcpux16j13j20hs0hsqum.jpg
[2017-02-14 17:25:06.791] [INFO] scrapy - //wx2.sinaimg.cn/mw600/6c496823ly1fcpp062x03j20sh0izjwc.jpg
[2017-02-14 17:25:06.816] [INFO] scrapy - //wx3.sinaimg.cn/mw600/707c5757gy1fcq13ivw3lj20qo0i0q5a.jpg
[2017-02-14 17:25:06.869] [INFO] scrapy - //wx2.sinaimg.cn/mw600/006mbEeOgy1fcpu6bfm3sj30lp0fudha.jpg
[2017-02-14 17:25:06.986] [INFO] scrapy - //wx2.sinaimg.cn/mw600/69e6beddly1fcprjx3hcjj20gi0cd444.jpg
[2017-02-14 17:25:07.132] [INFO] scrapy - //wx1.sinaimg.cn/mw600/98711a38ly1fcls5mzcugj20qo0zktdu.jpg
[2017-02-14 17:28:51.268] [INFO] scrapy - //wx1.sinaimg.cn/thumb180/6a14bdb4gy1fci3y88yovg206204re81.gif
[2017-02-14 17:28:51.272] [INFO] scrapy - //ww4.sinaimg.cn/thumb180/a00dfa2agw1f3xfy7hle4g209l09lhe1.gif
[2017-02-14 17:28:51.272] [INFO] scrapy - //ww2.sinaimg.cn/thumb180/006qQpVpgw1fascukjy2fg30au062x6p.gif
[2017-02-14 17:28:51.279] [INFO] scrapy - //wx1.sinaimg.cn/thumb180/92e8647agy1fcpu6xhf1hg208w08wkk3.gif
[2017-02-14 17:28:51.337] [INFO] scrapy - //wx4.sinaimg.cn/thumb180/6a14bdb4gy1fci3xrh9hbg20b408cx6p.gif
[2017-02-14 17:28:51.371] [INFO] scrapy - //wx3.sinaimg.cn/thumb180/c6fbc968ly1fcpysw6080g207z06r4hl.gif
[2017-02-14 17:28:51.399] [INFO] scrapy - //ww1.sinaimg.cn/mw600/6628711bgw1eo8z3uzflzj20by07ymxu.jpg
[2017-02-14 17:28:51.591] [INFO] scrapy - //wx3.sinaimg.cn/thumb180/63e5c1e1gy1fcpsnl39ojg204v08m4qt.gif
[2017-02-14 17:28:51.742] [INFO] scrapy - //ww1.sinaimg.cn/thumb180/006cLSxljw1f82437335ig308c04nx6s.gif
[2017-02-14 17:28:51.744] [INFO] scrapy - //wx4.sinaimg.cn/mw600/006g9zkugy1fcoyrhw1ozj30hs0vkmz5.jpg
[2017-02-14 17:28:51.814] [INFO] scrapy - //ww4.sinaimg.cn/mw600/9c4f84dfjw1fcpx7aokpvj20jy0qo41p.jpg
[2017-02-14 17:28:51.868] [INFO] scrapy - //wx4.sinaimg.cn/thumb180/006rTKtaly1fcq041ifgcg3082061npd.gif
[2017-02-14 17:28:51.980] [INFO] scrapy - //wx2.sinaimg.cn/thumb180/92e8647agy1fcpu7t84acg205k07pqv5.gif
[2017-02-14 17:28:51.980] [INFO] scrapy - //wx3.sinaimg.cn/thumb180/707c5757gy1fcq2n7bcclg204q04qe82.gif
[2017-02-14 17:28:51.982] [INFO] scrapy - //wx2.sinaimg.cn/thumb180/6a14bdb4gy1fci3y9e0hcg205j057nev.gif
[2017-02-14 17:28:52.014] [INFO] scrapy - //wx3.sinaimg.cn/mw600/7bc5cd11gy1fcpubbv5xvj208l0kj7a0.jpg
[2017-02-14 17:28:52.075] [INFO] scrapy - //wx1.sinaimg.cn/mw600/68611fd2gy1fcjcgb99taj20ch0eqt9p.jpg
[2017-02-14 17:28:52.081] [INFO] scrapy - //ww2.sinaimg.cn/mw600/6628711bgw1eo8z3ux72ej20gt0imq4u.jpg
[2017-02-14 17:28:52.112] [INFO] scrapy - //wx4.sinaimg.cn/thumb180/6106a4f0gy1fcpsejriutg207j05l4qp.gif
[2017-02-14 17:28:52.132] [INFO] scrapy - //wx2.sinaimg.cn/mw600/69e6beddly1fcprjx3hcjj20gi0cd444.jpg
[2017-02-14 17:28:52.177] [INFO] scrapy - //wx3.sinaimg.cn/thumb180/4609ab23gy1fcq2z64pkog20cs0764qr.gif
[2017-02-14 17:28:52.179] [INFO] scrapy - //wx3.sinaimg.cn/mw600/69e6beddly1fcprayk9dbj20m80ffn9h.jpg
[2017-02-14 17:28:52.298] [INFO] scrapy - //wx1.sinaimg.cn/thumb180/9f0e9ec6gy1fcq2pxxg69g20dw3tihdt.gif
[2017-02-14 17:28:52.298] [INFO] scrapy - //wx1.sinaimg.cn/mw600/709a7a37ly1fcp6ixbfhvj20qo0zkmyt.jpg
[2017-02-14 17:28:52.311] [INFO] scrapy - //ww3.sinaimg.cn/thumb180/0060lm7Tgy1fcpvondnpmg30eg0ebqv6.gif
[2017-02-14 17:28:52.346] [INFO] scrapy - //wx1.sinaimg.cn/mw600/98711a38ly1fcls5mzcugj20qo0zktdu.jpg
[2017-02-14 17:28:52.351] [INFO] scrapy - //wx3.sinaimg.cn/mw600/707c5757gy1fcq13ivw3lj20qo0i0q5a.jpg
[2017-02-14 17:28:52.364] [INFO] scrapy - //wx2.sinaimg.cn/thumb180/bd297795gy1fcp8l0xhb9g2085089kjn.gif
[2017-02-14 17:28:52.374] [INFO] scrapy - //wx2.sinaimg.cn/thumb180/005PRgY0gy1fcps3dgunqg305m06g000.gif
[2017-02-14 17:28:52.374] [INFO] scrapy - //wx3.sinaimg.cn/thumb180/4609ab23gy1fcq2z3v53rg20cs076u0u.gif
[2017-02-14 17:28:52.377] [INFO] scrapy - //wx3.sinaimg.cn/mw600/5737a564gy1fcq1tovcwfj216b05lwf9.jpg
[2017-02-14 17:28:52.387] [INFO] scrapy - //wx3.sinaimg.cn/thumb180/707c5757gy1fcq2n0nbweg20b409zx6p.gif
[2017-02-14 17:28:52.394] [INFO] scrapy - pic finished
[2017-02-14 17:28:52.394] [INFO] scrapy - //wx4.sinaimg.cn/mw600/edfa8f25gy1fcotli6s6hj20hs0yy7b8.jpg
[2017-02-14 17:28:52.405] [INFO] scrapy - //wx3.sinaimg.cn/mw600/69d909a5gy1fcq1b0diwij20ic0y8wk3.jpg
[2017-02-14 17:28:52.415] [INFO] scrapy - //wx1.sinaimg.cn/thumb180/4609ab23gy1fcq2z4wuqxg20cs076qhb.gif
[2017-02-14 17:28:52.431] [INFO] scrapy - //wx2.sinaimg.cn/mw600/a04313f5gy1fcp5lqx0xtj20qo0zk0uk.jpg
[2017-02-14 17:28:52.459] [INFO] scrapy - //wx3.sinaimg.cn/thumb180/707c5757gy1fcq2nko4trg20a00a0qv8.gif
[2017-02-14 17:28:52.474] [INFO] scrapy - //ww3.sinaimg.cn/thumb180/6b1e9a37jw1f3xe5go2mkg207s04b7wm.gif
[2017-02-14 17:28:52.506] [INFO] scrapy - //wx3.sinaimg.cn/thumb180/707c5757gy1fcq2o1maeng208c08chdu.gif
[2017-02-14 17:28:52.547] [INFO] scrapy - //wx4.sinaimg.cn/mw600/91c0dfd5ly1fcpuflyt7jj20m80godhk.jpg
[2017-02-14 17:28:52.608] [INFO] scrapy - //wx3.sinaimg.cn/thumb180/006rTKtaly1fcoxcxuckig308204ox6q.gif
[2017-02-14 17:28:52.632] [INFO] scrapy - //wx4.sinaimg.cn/mw600/005PD4iZly1fcprj9n7zzj30f206idg8.jpg
[2017-02-14 17:28:52.632] [INFO] scrapy - //wx4.sinaimg.cn/mw600/4609ab23gy1fcq19dlg2fj20cs087mxk.jpg
[2017-02-14 17:28:52.639] [INFO] scrapy - //wx3.sinaimg.cn/mw600/85fca85fly1fcpv7w735hj20lg0fdq8v.jpg
[2017-02-14 17:28:52.727] [INFO] scrapy - //wx4.sinaimg.cn/mw600/4609ab23gy1fcq19enx3qj20f00en0up.jpg
[2017-02-14 17:28:52.772] [INFO] scrapy - //wx4.sinaimg.cn/mw600/7f5360e4gy1fcptyo0h9jj20m8090wev.jpg
[2017-02-14 17:28:52.822] [INFO] scrapy - //wx4.sinaimg.cn/mw600/bd6576aely1fcq254xympj20f30fqac6.jpg
[2017-02-14 17:28:52.830] [INFO] scrapy - //wx3.sinaimg.cn/mw600/707c5757gy1fcq13iktapj208c0b40t8.jpg
[2017-02-14 17:28:52.845] [INFO] scrapy - //wx2.sinaimg.cn/mw600/69e6beddly1fcq0pw0w9oj20jc0m875b.jpg
[2017-02-14 17:28:52.848] [INFO] scrapy - //wx4.sinaimg.cn/mw600/726bc81cgy1fcpxketql7j20g60ilqak.jpg
[2017-02-14 17:28:52.932] [INFO] scrapy - //wx1.sinaimg.cn/mw600/68611fd2gy1fcjcg8d7a0j20ch0n9q4t.jpg
[2017-02-14 17:28:52.947] [INFO] scrapy - //wx2.sinaimg.cn/mw600/a04313f5gy1fcp5lww416j20qo0zkdhh.jpg
[2017-02-14 17:28:52.962] [INFO] scrapy - //wx3.sinaimg.cn/mw600/56a08e52gy1fcq35dtb8yj20m80godi2.jpg
[2017-02-14 17:28:52.984] [INFO] scrapy - //wx2.sinaimg.cn/mw600/006mbEeOgy1fcpu6bfm3sj30lp0fudha.jpg
[2017-02-14 17:28:53.024] [INFO] scrapy - //wx1.sinaimg.cn/thumb180/92e8647agy1fcpu72waxwg207109e1ky.gif
[2017-02-14 17:28:53.024] [INFO] scrapy - //ww2.sinaimg.cn/thumb180/005Suejwjw1fcpv91zvgng30a40cmx6u.gif
[2017-02-14 17:28:53.085] [INFO] scrapy - //ww3.sinaimg.cn/mw600/83d1499fgy1fcosgvbzdcj20c8096my4.jpg
[2017-02-14 17:28:53.112] [INFO] scrapy - //wx1.sinaimg.cn/mw600/494bf480gy1fcpwwtoys8j20ji0lb40j.jpg
[2017-02-14 17:28:53.209] [INFO] scrapy - //wx2.sinaimg.cn/mw600/6c496823ly1fcpp062x03j20sh0izjwc.jpg
[2017-02-14 17:28:53.230] [INFO] scrapy - //wx4.sinaimg.cn/mw600/9412b901gy1fcpt46pz9qj20cs0co74z.jpg
[2017-02-14 17:28:53.292] [INFO] scrapy - //wx2.sinaimg.cn/mw600/a2617b13ly1fcplxik7zdj20k00f0gno.jpg
[2017-02-14 17:28:53.306] [INFO] scrapy - //ww3.sinaimg.cn/mw600/7bc5cd11gw1f7fe7vm0bsj20dy09t3z1.jpg
[2017-02-14 17:28:53.311] [INFO] scrapy - //ww4.sinaimg.cn/mw600/a091dae9gy1fcea9gfgqnj20m80vx79q.jpg
[2017-02-14 17:28:53.376] [INFO] scrapy - //ww2.sinaimg.cn/mw600/7bc5cd11gw1f8784x0e74j20cs0togo0.jpg
[2017-02-14 17:28:53.390] [INFO] scrapy - //wx2.sinaimg.cn/mw600/005RggZBly1fcjgxunv1pj30m80dpabw.jpg
[2017-02-14 17:28:53.458] [INFO] scrapy - //wx4.sinaimg.cn/mw600/6e914a99gy1fcpxk0399xj21401z4qa8.jpg
[2017-02-14 17:28:53.505] [INFO] scrapy - //ww1.sinaimg.cn/mw600/a091dae9gy1fcea9g0nehj20m80vxgqb.jpg
[2017-02-14 17:28:53.516] [INFO] scrapy - //wx4.sinaimg.cn/mw600/9bcfb649gy1fcpt8y5l9kj20qo1bfk0i.jpg
[2017-02-14 17:30:28.800] [INFO] scrapy - //wx3.sinaimg.cn/thumb180/4609ab23gy1fcq2z64pkog20cs0764qr.gif
[2017-02-14 17:30:28.802] [INFO] scrapy - //wx3.sinaimg.cn/thumb180/4609ab23gy1fcq2z3v53rg20cs076u0u.gif
[2017-02-14 17:30:28.803] [INFO] scrapy - //wx3.sinaimg.cn/mw600/56a08e52gy1fcq35dtb8yj20m80godi2.jpg
[2017-02-14 17:30:28.812] [INFO] scrapy - //wx4.sinaimg.cn/mw600/e5587f73ly1fcpbxhmby7j20c80dlwgf.jpg
[2017-02-14 17:30:28.831] [INFO] scrapy - //wx3.sinaimg.cn/thumb180/006rTKtaly1fcoxcxuckig308204ox6q.gif
[2017-02-14 17:30:28.850] [INFO] scrapy - //wx3.sinaimg.cn/thumb180/707c5757gy1fcq2nko4trg20a00a0qv8.gif
[2017-02-14 17:30:28.863] [INFO] scrapy - //wx1.sinaimg.cn/thumb180/9f0e9ec6gy1fcq2pxxg69g20dw3tihdt.gif
[2017-02-14 17:30:28.870] [INFO] scrapy - //wx1.sinaimg.cn/thumb180/6a14bdb4gy1fci3y88yovg206204re81.gif
[2017-02-14 17:30:28.880] [INFO] scrapy - //ww2.sinaimg.cn/thumb180/006qQpVpgw1fascukjy2fg30au062x6p.gif
[2017-02-14 17:30:28.888] [INFO] scrapy - //wx3.sinaimg.cn/thumb180/707c5757gy1fcq2n7bcclg204q04qe82.gif
[2017-02-14 17:30:28.888] [INFO] scrapy - //ww1.sinaimg.cn/thumb180/006cLSxljw1f82437335ig308c04nx6s.gif
[2017-02-14 17:30:28.961] [INFO] scrapy - //wx3.sinaimg.cn/thumb180/707c5757gy1fcq2n0nbweg20b409zx6p.gif
[2017-02-14 17:30:28.963] [INFO] scrapy - //wx4.sinaimg.cn/thumb180/006rTKtaly1fcq041ifgcg3082061npd.gif
[2017-02-14 17:30:28.967] [INFO] scrapy - //ww4.sinaimg.cn/thumb180/a00dfa2agw1f3xfy7hle4g209l09lhe1.gif
[2017-02-14 17:30:28.967] [INFO] scrapy - //wx3.sinaimg.cn/thumb180/707c5757gy1fcq2o1maeng208c08chdu.gif
[2017-02-14 17:30:28.968] [INFO] scrapy - //wx2.sinaimg.cn/thumb180/6a14bdb4gy1fci3y9e0hcg205j057nev.gif
[2017-02-14 17:30:28.971] [INFO] scrapy - //wx4.sinaimg.cn/thumb180/6a14bdb4gy1fci3xrh9hbg20b408cx6p.gif
[2017-02-14 17:30:29.015] [INFO] scrapy - //wx3.sinaimg.cn/mw600/5737a564gy1fcq1tovcwfj216b05lwf9.jpg
[2017-02-14 17:30:29.030] [INFO] scrapy - //wx1.sinaimg.cn/mw600/68611fd2gy1fcjcgb99taj20ch0eqt9p.jpg
[2017-02-14 17:30:29.036] [INFO] scrapy - //ww3.sinaimg.cn/thumb180/6b1e9a37jw1f3xe5go2mkg207s04b7wm.gif
[2017-02-14 17:30:29.131] [INFO] scrapy - //wx4.sinaimg.cn/mw600/006g9zkugy1fcoyrhw1ozj30hs0vkmz5.jpg
[2017-02-14 17:30:29.150] [INFO] scrapy - //wx1.sinaimg.cn/mw600/68611fd2gy1fcjcg8d7a0j20ch0n9q4t.jpg
[2017-02-14 17:30:29.171] [INFO] scrapy - //ww3.sinaimg.cn/mw600/83d1499fgy1fcosgvbzdcj20c8096my4.jpg
[2017-02-14 17:30:29.245] [INFO] scrapy - //wx1.sinaimg.cn/thumb180/4609ab23gy1fcq2z4wuqxg20cs076qhb.gif
[2017-02-14 17:30:29.277] [INFO] scrapy - //wx4.sinaimg.cn/mw600/4609ab23gy1fcq19enx3qj20f00en0up.jpg
[2017-02-14 17:30:29.301] [INFO] scrapy - //wx2.sinaimg.cn/mw600/a04313f5gy1fcp5lww416j20qo0zkdhh.jpg
[2017-02-14 17:30:29.351] [INFO] scrapy - //wx1.sinaimg.cn/thumb180/92e8647agy1fcpu72waxwg207109e1ky.gif
[2017-02-14 17:30:29.365] [INFO] scrapy - //wx4.sinaimg.cn/thumb180/6106a4f0gy1fcpsejriutg207j05l4qp.gif
[2017-02-14 17:30:29.380] [INFO] scrapy - //wx2.sinaimg.cn/thumb180/005PRgY0gy1fcps3dgunqg305m06g000.gif
[2017-02-14 17:30:29.663] [INFO] scrapy - //wx1.sinaimg.cn/thumb180/92e8647agy1fcpu6xhf1hg208w08wkk3.gif
[2017-02-14 17:30:29.668] [INFO] scrapy - //wx3.sinaimg.cn/thumb180/c6fbc968ly1fcpysw6080g207z06r4hl.gif
[2017-02-14 17:30:29.687] [INFO] scrapy - //wx2.sinaimg.cn/thumb180/92e8647agy1fcpu7t84acg205k07pqv5.gif
[2017-02-14 17:30:29.693] [INFO] scrapy - pic finished
[2017-02-14 17:30:29.694] [INFO] scrapy - //wx3.sinaimg.cn/thumb180/63e5c1e1gy1fcpsnl39ojg204v08m4qt.gif
[2017-02-14 17:30:29.717] [INFO] scrapy - //wx3.sinaimg.cn/mw600/85fca85fly1fcpv7w735hj20lg0fdq8v.jpg
[2017-02-14 17:30:29.814] [INFO] scrapy - //ww3.sinaimg.cn/mw600/7bc5cd11gw1f7fe7vm0bsj20dy09t3z1.jpg
[2017-02-14 17:30:29.865] [INFO] scrapy - //ww3.sinaimg.cn/thumb180/0060lm7Tgy1fcpvondnpmg30eg0ebqv6.gif
[2017-02-14 17:30:29.889] [INFO] scrapy - //ww2.sinaimg.cn/mw600/6628711bgw1eo8z3ux72ej20gt0imq4u.jpg
[2017-02-14 17:30:29.921] [INFO] scrapy - //wx2.sinaimg.cn/thumb180/bd297795gy1fcp8l0xhb9g2085089kjn.gif
[2017-02-14 17:30:29.933] [INFO] scrapy - //wx4.sinaimg.cn/mw600/4609ab23gy1fcq19dlg2fj20cs087mxk.jpg
[2017-02-14 17:30:29.990] [INFO] scrapy - //wx2.sinaimg.cn/mw600/69e6beddly1fcprjx3hcjj20gi0cd444.jpg
[2017-02-14 17:30:30.012] [INFO] scrapy - //wx2.sinaimg.cn/mw600/6c496823ly1fcpp062x03j20sh0izjwc.jpg
[2017-02-14 17:30:30.064] [INFO] scrapy - //wx1.sinaimg.cn/mw600/98711a38ly1fcls5mzcugj20qo0zktdu.jpg
[2017-02-14 17:30:30.068] [INFO] scrapy - //wx2.sinaimg.cn/mw600/006mbEeOgy1fcpu6bfm3sj30lp0fudha.jpg
[2017-02-14 17:30:30.151] [INFO] scrapy - //ww1.sinaimg.cn/mw600/6628711bgw1eo8z3uzflzj20by07ymxu.jpg
[2017-02-14 17:30:30.160] [INFO] scrapy - //ww2.sinaimg.cn/mw600/7bc5cd11gw1f8784x0e74j20cs0togo0.jpg
[2017-02-14 17:30:30.248] [INFO] scrapy - //wx4.sinaimg.cn/mw600/91c0dfd5ly1fcpuflyt7jj20m80godhk.jpg
[2017-02-14 17:30:30.266] [INFO] scrapy - //wx3.sinaimg.cn/mw600/707c5757gy1fcq13ivw3lj20qo0i0q5a.jpg
[2017-02-14 17:30:30.269] [INFO] scrapy - //wx2.sinaimg.cn/mw600/005RggZBly1fcjgxunv1pj30m80dpabw.jpg
[2017-02-14 17:30:30.303] [INFO] scrapy - //wx2.sinaimg.cn/mw600/a2617b13ly1fcplxik7zdj20k00f0gno.jpg
[2017-02-14 17:30:30.311] [INFO] scrapy - //ww4.sinaimg.cn/mw600/9c4f84dfjw1fcpx7aokpvj20jy0qo41p.jpg
[2017-02-14 17:30:30.361] [INFO] scrapy - //wx2.sinaimg.cn/mw600/69e6beddly1fcq0pw0w9oj20jc0m875b.jpg
[2017-02-14 17:30:30.387] [INFO] scrapy - //ww4.sinaimg.cn/mw600/a091dae9gy1fcea9gfgqnj20m80vx79q.jpg
[2017-02-14 17:30:30.414] [INFO] scrapy - //wx3.sinaimg.cn/mw600/707c5757gy1fcq13iktapj208c0b40t8.jpg
[2017-02-14 17:30:30.437] [INFO] scrapy - //wx4.sinaimg.cn/mw600/005PD4iZly1fcprj9n7zzj30f206idg8.jpg
[2017-02-14 17:30:30.524] [INFO] scrapy - //wx2.sinaimg.cn/mw600/a04313f5gy1fcp5lqx0xtj20qo0zk0uk.jpg
[2017-02-14 17:30:30.530] [INFO] scrapy - //wx4.sinaimg.cn/mw600/9412b901gy1fcpt46pz9qj20cs0co74z.jpg
[2017-02-14 17:30:30.550] [INFO] scrapy - //ww2.sinaimg.cn/thumb180/005Suejwjw1fcpv91zvgng30a40cmx6u.gif
[2017-02-14 17:30:30.559] [INFO] scrapy - //wx1.sinaimg.cn/mw600/709a7a37ly1fcp6ixbfhvj20qo0zkmyt.jpg
[2017-02-14 17:30:30.608] [INFO] scrapy - //wx4.sinaimg.cn/mw600/bd6576aely1fcq254xympj20f30fqac6.jpg
[2017-02-14 17:30:30.719] [INFO] scrapy - //wx3.sinaimg.cn/mw600/69e6beddly1fcprayk9dbj20m80ffn9h.jpg
[2017-02-14 17:30:30.724] [INFO] scrapy - //wx4.sinaimg.cn/mw600/7f5360e4gy1fcptyo0h9jj20m8090wev.jpg
[2017-02-14 17:30:30.750] [INFO] scrapy - //wx1.sinaimg.cn/mw600/6c496823ly1fcptxbeq00j20hs0hs3zf.jpg
[2017-02-14 17:30:30.820] [INFO] scrapy - //wx4.sinaimg.cn/mw600/9bcfb649gy1fcpt8y5l9kj20qo1bfk0i.jpg
[2017-02-14 17:30:30.899] [INFO] scrapy - //wx1.sinaimg.cn/mw600/494bf480gy1fcpwwtoys8j20ji0lb40j.jpg
[2017-02-14 17:30:30.967] [INFO] scrapy - //wx3.sinaimg.cn/mw600/69d909a5gy1fcq1b0diwij20ic0y8wk3.jpg
[2017-02-14 17:30:31.000] [INFO] scrapy - //wx4.sinaimg.cn/mw600/726bc81cgy1fcpxketql7j20g60ilqak.jpg
[2017-02-14 17:30:31.370] [INFO] scrapy - //wx4.sinaimg.cn/mw600/edfa8f25gy1fcotli6s6hj20hs0yy7b8.jpg
[2017-02-14 17:30:31.380] [INFO] scrapy - //wx3.sinaimg.cn/mw600/a09f5b4agy1fcpux16j13j20hs0hsqum.jpg
[2017-02-14 17:30:31.441] [INFO] scrapy - //wx4.sinaimg.cn/mw600/6e914a99gy1fcpxk0399xj21401z4qa8.jpg
[2017-02-14 17:30:31.447] [INFO] scrapy - //ww1.sinaimg.cn/mw600/a091dae9gy1fcea9g0nehj20m80vxgqb.jpg
[2017-02-14 17:30:31.477] [INFO] scrapy - //wx3.sinaimg.cn/mw600/7bc5cd11gy1fcpubbv5xvj208l0kj7a0.jpg
